2026-05-06 01:35:27.405 [main] INFO  Application - No ktor.deployment.watch patterns match classpath entries, automatic reload is not active
2026-05-06 01:35:27.613 [main] INFO  Application - Cloudinary initialized: cloud=dh3lcg95f
2026-05-06 01:35:28.662 [main] INFO  Exposed - Preparing create tables statements took 171ms
2026-05-06 01:35:28.686 [main] INFO  Exposed - Executing create tables statements took 24ms
2026-05-06 01:35:28.855 [main] INFO  Exposed - Extracting table columns took 169ms
2026-05-06 01:35:28.921 [main] INFO  Exposed - Extracting primary keys took 66ms
2026-05-06 01:35:29.018 [main] INFO  Exposed - Extracting column constraints took 71ms
2026-05-06 01:35:29.019 [main] INFO  Exposed - Preparing alter table statements took 333ms
2026-05-06 01:35:29.315 [main] INFO  Exposed - Executing alter table statements took 296ms
2026-05-06 01:35:29.475 [main] WARN  Exposed - List of excessive indices:
2026-05-06 01:35:29.476 [main] WARN  Exposed - 			'chat_sessions'.'' -> idx_chat_sessions_type, fk_chat_sessions_consultant__id
2026-05-06 01:35:29.476 [main] INFO  Exposed - SQL Queries to remove excessive indices:
2026-05-06 01:35:29.476 [main] INFO  Exposed - 			[ALTER TABLE chat_sessions DROP INDEX idx_chat_sessions_type];
2026-05-06 01:35:29.483 [main] INFO  Exposed - Index on table 'users' differs only in name: in db uq_users_phone -> in mapping users_phone_unique
2026-05-06 01:35:29.483 [main] INFO  Exposed - Index on table 'users' differs only in name: in db uq_users_email -> in mapping users_email_unique
2026-05-06 01:35:29.484 [main] INFO  Exposed - Index on table 'user_verification_tokens' differs only in name: in db idx_user_verification_tokens_hash -> in mapping user_verification_tokens_token_hash
2026-05-06 01:35:29.484 [main] INFO  Exposed - Index on table 'user_verification_tokens' differs only in name: in db idx_user_verification_tokens_user -> in mapping user_verification_tokens_user_id_purpose_expires_at
2026-05-06 01:35:29.484 [main] INFO  Exposed - Index on table 'employee_profiles' differs only in name: in db idx_employee_profiles_verified -> in mapping employee_profiles_qualification_verified
2026-05-06 01:35:29.484 [main] INFO  Exposed - Index on table 'products' differs only in name: in db uq_products_sku -> in mapping products_sku_unique
2026-05-06 01:35:29.485 [main] INFO  Exposed - Index on table 'products' differs only in name: in db uq_products_slug -> in mapping products_slug_unique
2026-05-06 01:35:29.485 [main] INFO  Exposed - Index on table 'product_certificates' differs only in name: in db idx_product_certificates_type -> in mapping product_certificates_file_type
2026-05-06 01:35:29.485 [main] INFO  Exposed - Index on table 'product_certificates' differs only in name: in db idx_product_certificates_active -> in mapping product_certificates_is_active
2026-05-06 01:35:29.485 [main] INFO  Exposed - Index on table 'orders' differs only in name: in db uq_order_code -> in mapping orders_order_code_unique
2026-05-06 01:35:29.485 [main] INFO  Exposed - Index on table 'coupons' differs only in name: in db uq_coupons_code -> in mapping coupons_code_unique
2026-05-06 01:35:29.486 [main] INFO  Exposed - Index on table 'reward_transactions' differs only in name: in db idx_reward_transactions_ref -> in mapping reward_transactions_ref_type_ref_id
2026-05-06 01:35:29.486 [main] INFO  Exposed - Index on table 'reward_products' differs only in name: in db idx_reward_products_category -> in mapping reward_products_category
2026-05-06 01:35:29.486 [main] INFO  Exposed - Index on table 'reward_products' differs only in name: in db idx_reward_products_active_cost -> in mapping reward_products_is_active_point_cost
2026-05-06 01:35:29.486 [main] INFO  Exposed - Index on table 'reward_redemptions' differs only in name: in db idx_reward_redemptions_status -> in mapping reward_redemptions_status
2026-05-06 01:35:29.487 [main] INFO  Exposed - Index on table 'reviews' differs only in name: in db uq_reviews_user_order_product -> in mapping reviews_user_id_order_id_product_id_unique
2026-05-06 01:35:29.487 [main] INFO  Exposed - Index on table 'reviews' differs only in name: in db idx_reviews_created_at -> in mapping reviews_created_at
2026-05-06 01:35:29.487 [main] INFO  Exposed - Index on table 'reviews' differs only in name: in db idx_reviews_product_status -> in mapping reviews_product_id_status
2026-05-06 01:35:29.488 [main] INFO  Exposed - Index on table 'review_reports' differs only in name: in db idx_review_reports_status -> in mapping review_reports_status
2026-05-06 01:35:29.488 [main] INFO  Exposed - Index on table 'review_reports' differs only in name: in db uq_review_report_once -> in mapping review_reports_review_id_reporter_user_id_unique
2026-05-06 01:35:29.488 [main] INFO  Exposed - Index on table 'order_complaints' differs only in name: in db idx_order_complaints_status -> in mapping order_complaints_status
2026-05-06 01:35:29.488 [main] INFO  Exposed - Index on table 'order_complaints' differs only in name: in db idx_order_complaints_refund_status -> in mapping order_complaints_refund_status
2026-05-06 01:35:29.488 [main] INFO  Exposed - Index on table 'order_complaints' differs only in name: in db uq_order_complaints_code -> in mapping order_complaints_complaint_code_unique
2026-05-06 01:35:29.489 [main] WARN  Exposed - Indices exist in database and not mapped in code on class 'payments':
		Index 'idx_payments_status' for 'payments' on columns com.example.nhathuoc.database.tables.PaymentsTable.status
		Index 'idx_payments_transaction_id' for 'payments' on columns com.example.nhathuoc.database.tables.PaymentsTable.transaction_id
		Index 'idx_payments_method' for 'payments' on columns com.example.nhathuoc.database.tables.PaymentsTable.method
		Index 'fk_payments_payment_method_id__id' for 'payments' on columns 
2026-05-06 01:35:29.489 [main] WARN  Exposed - Indices exist in database and not mapped in code on class 'chat_messages':
		Index 'idx_messages_sender_type' for 'chat_messages' on columns 
2026-05-06 01:35:29.489 [main] WARN  Exposed - Indices exist in database and not mapped in code on class 'chat_sessions':
		Index 'fk_chat_sessions_consultant__id' for 'chat_sessions' on columns 
		Index 'idx_chat_sessions_type' for 'chat_sessions' on columns 
2026-05-06 01:35:29.489 [main] WARN  Exposed - Indices exist in database and not mapped in code on class 'products':
		Index 'idx_products_exp_date' for 'products' on columns com.example.nhathuoc.database.tables.ProductsTable.exp_date
		Index 'idx_products_risk_classification' for 'products' on columns com.example.nhathuoc.database.tables.ProductsTable.risk_classification
		Index 'idx_products_search' for 'products' on columns com.example.nhathuoc.database.tables.ProductsTable.name, com.example.nhathuoc.database.tables.ProductsTable.description, com.example.nhathuoc.database.tables.ProductsTable.brand
		Index 'idx_products_stock_exp' for 'products' on columns com.example.nhathuoc.database.tables.ProductsTable.stock, com.example.nhathuoc.database.tables.ProductsTable.exp_date
2026-05-06 01:35:29.489 [main] WARN  Exposed - Indices exist in database and not mapped in code on class 'coupons':
		Index 'idx_coupons_reward_template' for 'coupons' on columns com.example.nhathuoc.database.tables.CouponsTable.is_reward_voucher_template, com.example.nhathuoc.database.tables.CouponsTable.is_active
2026-05-06 01:35:29.489 [main] WARN  Exposed - Indices exist in database and not mapped in code on class 'categories':
		Unique Index 'uq_categories_slug' for 'categories' on columns com.example.nhathuoc.database.tables.CategoriesTable.slug
2026-05-06 01:35:29.489 [main] WARN  Exposed - Indices exist in database and not mapped in code on class 'banners':
		Index 'idx_banners_active' for 'banners' on columns com.example.nhathuoc.database.tables.BannersTable.is_active
		Index 'idx_banners_active_date' for 'banners' on columns com.example.nhathuoc.database.tables.BannersTable.is_active, com.example.nhathuoc.database.tables.BannersTable.start_dt, com.example.nhathuoc.database.tables.BannersTable.end_dt
2026-05-06 01:35:29.489 [main] WARN  Exposed - Indices exist in database and not mapped in code on class 'reward_redemptions':
		Unique Index 'uq_reward_redemptions_issued_voucher_code' for 'reward_redemptions' on columns com.example.nhathuoc.database.tables.RewardRedemptionsTable.issued_voucher_code
2026-05-06 01:35:29.490 [main] WARN  Exposed - Indices exist in database and not mapped in code on class 'reward_products':
		Index 'idx_reward_products_type' for 'reward_products' on columns com.example.nhathuoc.database.tables.RewardProductsTable.reward_type
2026-05-06 01:35:29.490 [main] WARN  Exposed - Indices exist in database and not mapped in code on class 'orders':
		Index 'idx_orders_channel' for 'orders' on columns com.example.nhathuoc.database.tables.OrdersTable.order_channel
		Index 'idx_orders_status' for 'orders' on columns com.example.nhathuoc.database.tables.OrdersTable.status
		Index 'fk_orders_branch_id__id' for 'orders' on columns com.example.nhathuoc.database.tables.OrdersTable.branch_id
		Index 'idx_orders_payment_status' for 'orders' on columns com.example.nhathuoc.database.tables.OrdersTable.payment_status
2026-05-06 01:35:29.490 [main] WARN  Exposed - Indices exist in database and not mapped in code on class 'notifications':
		Index 'idx_notifications_type' for 'notifications' on columns com.example.nhathuoc.database.tables.NotificationsTable.type
		Index 'idx_notifications_is_read' for 'notifications' on columns com.example.nhathuoc.database.tables.NotificationsTable.is_read
2026-05-06 01:35:29.491 [main] INFO  Exposed - Checking mapping consistence took 176ms
2026-05-06 01:35:29.544 [main] INFO  Application - Database connected and tables created.
2026-05-06 01:35:30.729 [main] INFO  Application - Application started in 3.839 seconds.
2026-05-06 01:35:31.089 [main] INFO  Application - Responding at http://127.0.0.1:8080
2026-05-06 01:36:37.630 [eventLoopGroupProxy-4-1] INFO  Application - Desktop/Auth login attempt: credential=admin@medstore.vn
2026-05-06 01:36:38.189 [eventLoopGroupProxy-4-1] INFO  Application - [31m400 Bad Request[m: [36mPOST[m - /api/v1/auth/login in 653ms
2026-05-06 01:36:45.383 [eventLoopGroupProxy-4-2] INFO  Application - Desktop/Auth login attempt: credential=admin@medstore.vn
2026-05-06 01:36:45.648 [eventLoopGroupProxy-4-2] INFO  Application - Desktop/Auth login success: userId=u-admin-001, role=ADMIN
2026-05-06 01:36:45.714 [eventLoopGroupProxy-4-2] INFO  Application - [32m200 OK[m: [36mPOST[m - /api/v1/auth/login in 334ms
2026-05-06 01:36:46.064 [eventLoopGroupProxy-4-3] INFO  Application - [32m200 OK[m: [36mGET[m - /api/v1/internal/dashboard in 115ms
2026-05-06 01:36:52.310 [eventLoopGroupProxy-4-7] INFO  Application - Desktop/Internal products response: shopId=default-store, page=1, limit=200, returned=14
2026-05-06 01:36:52.330 [eventLoopGroupProxy-4-7] INFO  Application - [32m200 OK[m: [36mGET[m - /api/v1/internal/products in 63ms
2026-05-06 01:36:56.802 [eventLoopGroupProxy-4-8] INFO  Application - [32m200 OK[m: [36mGET[m - /api/v1/internal/orders in 177ms
2026-05-06 01:36:58.828 [eventLoopGroupProxy-4-11] INFO  Application - Desktop/Internal products response: shopId=default-store, page=1, limit=200, returned=14
2026-05-06 01:36:58.830 [eventLoopGroupProxy-4-11] INFO  Application - [32m200 OK[m: [36mGET[m - /api/v1/internal/products in 49ms
2026-05-06 01:57:03.114 [main] INFO  Application - No ktor.deployment.watch patterns match classpath entries, automatic reload is not active
2026-05-06 01:57:03.401 [main] INFO  Application - Cloudinary initialized: cloud=dh3lcg95f
2026-05-06 01:57:04.326 [main] INFO  Exposed - Preparing create tables statements took 113ms
2026-05-06 01:57:04.357 [main] INFO  Exposed - Executing create tables statements took 31ms
2026-05-06 01:57:04.517 [main] INFO  Exposed - Extracting table columns took 159ms
2026-05-06 01:57:04.601 [main] INFO  Exposed - Extracting primary keys took 84ms
2026-05-06 01:57:04.704 [main] INFO  Exposed - Extracting column constraints took 63ms
2026-05-06 01:57:04.704 [main] INFO  Exposed - Preparing alter table statements took 346ms
2026-05-06 01:57:04.909 [main] INFO  Exposed - Executing alter table statements took 205ms
2026-05-06 01:57:05.067 [main] WARN  Exposed - List of excessive indices:
2026-05-06 01:57:05.069 [main] WARN  Exposed - 			'chat_sessions'.'' -> idx_chat_sessions_type, fk_chat_sessions_consultant__id
2026-05-06 01:57:05.069 [main] INFO  Exposed - SQL Queries to remove excessive indices:
2026-05-06 01:57:05.069 [main] INFO  Exposed - 			[ALTER TABLE chat_sessions DROP INDEX idx_chat_sessions_type];
2026-05-06 01:57:05.076 [main] INFO  Exposed - Index on table 'users' differs only in name: in db uq_users_phone -> in mapping users_phone_unique
2026-05-06 01:57:05.077 [main] INFO  Exposed - Index on table 'users' differs only in name: in db uq_users_email -> in mapping users_email_unique
2026-05-06 01:57:05.078 [main] INFO  Exposed - Index on table 'user_verification_tokens' differs only in name: in db idx_user_verification_tokens_hash -> in mapping user_verification_tokens_token_hash
2026-05-06 01:57:05.078 [main] INFO  Exposed - Index on table 'user_verification_tokens' differs only in name: in db idx_user_verification_tokens_user -> in mapping user_verification_tokens_user_id_purpose_expires_at
2026-05-06 01:57:05.079 [main] INFO  Exposed - Index on table 'employee_profiles' differs only in name: in db idx_employee_profiles_verified -> in mapping employee_profiles_qualification_verified
2026-05-06 01:57:05.079 [main] INFO  Exposed - Index on table 'products' differs only in name: in db uq_products_sku -> in mapping products_sku_unique
2026-05-06 01:57:05.080 [main] INFO  Exposed - Index on table 'products' differs only in name: in db uq_products_slug -> in mapping products_slug_unique
2026-05-06 01:57:05.080 [main] INFO  Exposed - Index on table 'product_certificates' differs only in name: in db idx_product_certificates_type -> in mapping product_certificates_file_type
2026-05-06 01:57:05.080 [main] INFO  Exposed - Index on table 'product_certificates' differs only in name: in db idx_product_certificates_active -> in mapping product_certificates_is_active
2026-05-06 01:57:05.080 [main] INFO  Exposed - Index on table 'orders' differs only in name: in db uq_order_code -> in mapping orders_order_code_unique
2026-05-06 01:57:05.080 [main] INFO  Exposed - Index on table 'coupons' differs only in name: in db uq_coupons_code -> in mapping coupons_code_unique
2026-05-06 01:57:05.080 [main] INFO  Exposed - Index on table 'reward_transactions' differs only in name: in db idx_reward_transactions_ref -> in mapping reward_transactions_ref_type_ref_id
2026-05-06 01:57:05.080 [main] INFO  Exposed - Index on table 'reward_products' differs only in name: in db idx_reward_products_category -> in mapping reward_products_category
2026-05-06 01:57:05.080 [main] INFO  Exposed - Index on table 'reward_products' differs only in name: in db idx_reward_products_active_cost -> in mapping reward_products_is_active_point_cost
2026-05-06 01:57:05.080 [main] INFO  Exposed - Index on table 'reward_redemptions' differs only in name: in db idx_reward_redemptions_status -> in mapping reward_redemptions_status
2026-05-06 01:57:05.080 [main] INFO  Exposed - Index on table 'reviews' differs only in name: in db uq_reviews_user_order_product -> in mapping reviews_user_id_order_id_product_id_unique
2026-05-06 01:57:05.080 [main] INFO  Exposed - Index on table 'reviews' differs only in name: in db idx_reviews_created_at -> in mapping reviews_created_at
2026-05-06 01:57:05.080 [main] INFO  Exposed - Index on table 'reviews' differs only in name: in db idx_reviews_product_status -> in mapping reviews_product_id_status
2026-05-06 01:57:05.082 [main] INFO  Exposed - Index on table 'review_reports' differs only in name: in db idx_review_reports_status -> in mapping review_reports_status
2026-05-06 01:57:05.082 [main] INFO  Exposed - Index on table 'review_reports' differs only in name: in db uq_review_report_once -> in mapping review_reports_review_id_reporter_user_id_unique
2026-05-06 01:57:05.082 [main] INFO  Exposed - Index on table 'order_complaints' differs only in name: in db idx_order_complaints_status -> in mapping order_complaints_status
2026-05-06 01:57:05.082 [main] INFO  Exposed - Index on table 'order_complaints' differs only in name: in db idx_order_complaints_refund_status -> in mapping order_complaints_refund_status
2026-05-06 01:57:05.082 [main] INFO  Exposed - Index on table 'order_complaints' differs only in name: in db uq_order_complaints_code -> in mapping order_complaints_complaint_code_unique
2026-05-06 01:57:05.084 [main] WARN  Exposed - Indices exist in database and not mapped in code on class 'payments':
		Index 'idx_payments_status' for 'payments' on columns com.example.nhathuoc.database.tables.PaymentsTable.status
		Index 'idx_payments_transaction_id' for 'payments' on columns com.example.nhathuoc.database.tables.PaymentsTable.transaction_id
		Index 'idx_payments_method' for 'payments' on columns com.example.nhathuoc.database.tables.PaymentsTable.method
		Index 'fk_payments_payment_method_id__id' for 'payments' on columns 
2026-05-06 01:57:05.084 [main] WARN  Exposed - Indices exist in database and not mapped in code on class 'chat_messages':
		Index 'idx_messages_sender_type' for 'chat_messages' on columns 
2026-05-06 01:57:05.084 [main] WARN  Exposed - Indices exist in database and not mapped in code on class 'chat_sessions':
		Index 'fk_chat_sessions_consultant__id' for 'chat_sessions' on columns 
		Index 'idx_chat_sessions_type' for 'chat_sessions' on columns 
2026-05-06 01:57:05.084 [main] WARN  Exposed - Indices exist in database and not mapped in code on class 'products':
		Index 'idx_products_exp_date' for 'products' on columns com.example.nhathuoc.database.tables.ProductsTable.exp_date
		Index 'idx_products_risk_classification' for 'products' on columns com.example.nhathuoc.database.tables.ProductsTable.risk_classification
		Index 'idx_products_search' for 'products' on columns com.example.nhathuoc.database.tables.ProductsTable.name, com.example.nhathuoc.database.tables.ProductsTable.description, com.example.nhathuoc.database.tables.ProductsTable.brand
		Index 'idx_products_stock_exp' for 'products' on columns com.example.nhathuoc.database.tables.ProductsTable.stock, com.example.nhathuoc.database.tables.ProductsTable.exp_date
2026-05-06 01:57:05.084 [main] WARN  Exposed - Indices exist in database and not mapped in code on class 'coupons':
		Index 'idx_coupons_reward_template' for 'coupons' on columns com.example.nhathuoc.database.tables.CouponsTable.is_reward_voucher_template, com.example.nhathuoc.database.tables.CouponsTable.is_active
2026-05-06 01:57:05.084 [main] WARN  Exposed - Indices exist in database and not mapped in code on class 'categories':
		Unique Index 'uq_categories_slug' for 'categories' on columns com.example.nhathuoc.database.tables.CategoriesTable.slug
2026-05-06 01:57:05.084 [main] WARN  Exposed - Indices exist in database and not mapped in code on class 'banners':
		Index 'idx_banners_active' for 'banners' on columns com.example.nhathuoc.database.tables.BannersTable.is_active
		Index 'idx_banners_active_date' for 'banners' on columns com.example.nhathuoc.database.tables.BannersTable.is_active, com.example.nhathuoc.database.tables.BannersTable.start_dt, com.example.nhathuoc.database.tables.BannersTable.end_dt
2026-05-06 01:57:05.084 [main] WARN  Exposed - Indices exist in database and not mapped in code on class 'reward_redemptions':
		Unique Index 'uq_reward_redemptions_issued_voucher_code' for 'reward_redemptions' on columns com.example.nhathuoc.database.tables.RewardRedemptionsTable.issued_voucher_code
2026-05-06 01:57:05.084 [main] WARN  Exposed - Indices exist in database and not mapped in code on class 'reward_products':
		Index 'idx_reward_products_type' for 'reward_products' on columns com.example.nhathuoc.database.tables.RewardProductsTable.reward_type
2026-05-06 01:57:05.084 [main] WARN  Exposed - Indices exist in database and not mapped in code on class 'orders':
		Index 'idx_orders_channel' for 'orders' on columns com.example.nhathuoc.database.tables.OrdersTable.order_channel
		Index 'idx_orders_status' for 'orders' on columns com.example.nhathuoc.database.tables.OrdersTable.status
		Index 'fk_orders_branch_id__id' for 'orders' on columns com.example.nhathuoc.database.tables.OrdersTable.branch_id
		Index 'idx_orders_payment_status' for 'orders' on columns com.example.nhathuoc.database.tables.OrdersTable.payment_status
2026-05-06 01:57:05.084 [main] WARN  Exposed - Indices exist in database and not mapped in code on class 'notifications':
		Index 'idx_notifications_type' for 'notifications' on columns com.example.nhathuoc.database.tables.NotificationsTable.type
		Index 'idx_notifications_is_read' for 'notifications' on columns com.example.nhathuoc.database.tables.NotificationsTable.is_read
2026-05-06 01:57:05.086 [main] INFO  Exposed - Checking mapping consistence took 177ms
2026-05-06 01:57:05.137 [main] INFO  Application - Database connected and tables created.
2026-05-06 01:57:06.589 [main] INFO  Application - Application started in 4.115 seconds.
2026-05-06 01:57:07.133 [main] INFO  Application - Responding at http://127.0.0.1:8080
2026-05-06 01:57:26.305 [eventLoopGroupProxy-4-1] INFO  Application - Desktop/Auth login attempt: credential=Admin@medstore.vn
2026-05-06 01:57:27.044 [eventLoopGroupProxy-4-1] INFO  Application - [31m400 Bad Request[m: [36mPOST[m - /api/v1/auth/login in 885ms
2026-05-06 01:57:33.787 [eventLoopGroupProxy-4-2] INFO  Application - Desktop/Auth login attempt: credential=Admin@medstore.vn
2026-05-06 01:57:34.410 [eventLoopGroupProxy-4-2] INFO  Application - Desktop/Auth login success: userId=u-admin-001, role=ADMIN
2026-05-06 01:57:34.909 [eventLoopGroupProxy-4-2] INFO  Application - [32m200 OK[m: [36mPOST[m - /api/v1/auth/login in 1130ms
2026-05-06 01:57:35.866 [eventLoopGroupProxy-4-3] INFO  Application - [32m200 OK[m: [36mGET[m - /api/v1/internal/dashboard in 249ms
2026-05-06 01:57:39.570 [eventLoopGroupProxy-4-6] INFO  Application - [32m200 OK[m: [36mGET[m - /api/v1/internal/orders in 481ms
2026-05-06 01:57:41.945 [eventLoopGroupProxy-4-10] INFO  Application - Desktop/Internal products response: shopId=default-store, page=1, limit=200, returned=14
2026-05-06 01:57:42.014 [eventLoopGroupProxy-4-10] INFO  Application - [32m200 OK[m: [36mGET[m - /api/v1/internal/products in 353ms
2026-05-06 01:57:51.974 [eventLoopGroupProxy-4-4] INFO  Application - Desktop/Internal products response: shopId=default-store, page=1, limit=200, returned=14
2026-05-06 01:57:51.978 [eventLoopGroupProxy-4-4] INFO  Application - [32m200 OK[m: [36mGET[m - /api/v1/internal/products in 82ms
2026-05-06 02:00:51.084 [eventLoopGroupProxy-4-9] INFO  Application - [32m200 OK[m: [36mGET[m - /api/v1/products/flash-sale in 94ms
2026-05-06 02:00:51.096 [eventLoopGroupProxy-4-10] INFO  Application - [32m200 OK[m: [36mGET[m - /api/v1/products/best-sellers in 104ms
2026-05-06 02:01:08.368 [eventLoopGroupProxy-4-7] INFO  Application - [32m200 OK[m: [36mGET[m - /api/v1/products/c230993f-f654-40c3-9922-8d0ef620a744 in 142ms
2026-05-06 02:01:08.530 [eventLoopGroupProxy-4-7] INFO  Application - [32m200 OK[m: [36mGET[m - /api/v1/products/c230993f-f654-40c3-9922-8d0ef620a744/reviews in 130ms
2026-05-06 02:01:13.158 [eventLoopGroupProxy-4-7] INFO  Application - [32m200 OK[m: [36mGET[m - /api/v1/products/c230993f-f654-40c3-9922-8d0ef620a744 in 6ms
2026-05-06 02:01:13.228 [eventLoopGroupProxy-4-7] INFO  Application - [32m200 OK[m: [36mGET[m - /api/v1/products/c230993f-f654-40c3-9922-8d0ef620a744/reviews in 4ms
2026-05-06 02:01:21.323 [eventLoopGroupProxy-4-7] INFO  Application - [32m200 OK[m: [36mGET[m - /api/v1/products/c230993f-f654-40c3-9922-8d0ef620a744 in 6ms
2026-05-06 02:01:21.349 [eventLoopGroupProxy-4-7] INFO  Application - [32m200 OK[m: [36mGET[m - /api/v1/products/c230993f-f654-40c3-9922-8d0ef620a744/reviews in 4ms
2026-05-06 02:01:25.806 [eventLoopGroupProxy-4-10] INFO  Application - [32m200 OK[m: [36mGET[m - /api/v1/products/best-sellers in 19ms
2026-05-06 02:01:25.814 [eventLoopGroupProxy-4-9] INFO  Application - [32m200 OK[m: [36mGET[m - /api/v1/products/flash-sale in 17ms
2026-05-06 02:01:38.195 [eventLoopGroupProxy-4-11] INFO  Application - [32m200 OK[m: [36mGET[m - /api/v1/products/flash-sale in 17ms
2026-05-06 02:01:38.206 [eventLoopGroupProxy-4-12] INFO  Application - [32m200 OK[m: [36mGET[m - /api/v1/products/best-sellers in 22ms
2026-05-06 02:01:47.978 [eventLoopGroupProxy-4-10] INFO  Application - [32m200 OK[m: [36mGET[m - /api/v1/products/c230993f-f654-40c3-9922-8d0ef620a744 in 6ms
2026-05-06 02:01:48.011 [eventLoopGroupProxy-4-10] INFO  Application - [32m200 OK[m: [36mGET[m - /api/v1/products/c230993f-f654-40c3-9922-8d0ef620a744/reviews in 4ms
2026-05-06 02:02:22.468 [eventLoopGroupProxy-4-11] INFO  Application - [32m200 OK[m: [36mGET[m - /api/v1/internal/orders in 98ms
2026-05-06 02:02:23.799 [eventLoopGroupProxy-4-12] INFO  Application - [32m200 OK[m: [36mGET[m - /api/v1/internal/orders in 12ms
2026-05-06 02:02:25.154 [eventLoopGroupProxy-4-1] INFO  Application - [32m200 OK[m: [36mGET[m - /api/v1/internal/orders/da1c0295-e47f-481a-a50e-270a8c609d3e in 42ms
2026-05-06 02:02:31.289 [eventLoopGroupProxy-4-3] INFO  Application - [32m200 OK[m: [36mGET[m - /api/v1/internal/orders in 8ms
2026-05-06 02:02:32.538 [eventLoopGroupProxy-4-5] INFO  Application - [32m200 OK[m: [36mGET[m - /api/v1/internal/orders in 16ms
2026-05-06 02:02:41.928 [eventLoopGroupProxy-4-10] INFO  Application - [32m200 OK[m: [36mGET[m - /api/v1/products/c230993f-f654-40c3-9922-8d0ef620a744 in 0ms
2026-05-06 02:02:42.009 [eventLoopGroupProxy-4-10] INFO  Application - [32m200 OK[m: [36mGET[m - /api/v1/products/c230993f-f654-40c3-9922-8d0ef620a744/reviews in 0ms
2026-05-06 02:03:31.589 [eventLoopGroupProxy-4-11] INFO  Application - [32m200 OK[m: [36mGET[m - /api/v1/products/flash-sale in 15ms
2026-05-06 02:03:31.614 [eventLoopGroupProxy-4-10] INFO  Application - [32m200 OK[m: [36mGET[m - /api/v1/products/best-sellers in 16ms
2026-05-06 02:03:51.476 [eventLoopGroupProxy-4-10] INFO  Application - Desktop/Public products request: category=cat-bandage-roll, brand=ALL, page=1, limit=20, returned=0
2026-05-06 02:03:51.479 [eventLoopGroupProxy-4-10] INFO  Application - [32m200 OK[m: [36mGET[m - /api/v1/products in 21ms
2026-05-06 02:03:57.303 [eventLoopGroupProxy-4-10] INFO  Application - Desktop/Public products request: category=cat-sterilization, brand=ALL, page=1, limit=20, returned=0
2026-05-06 02:03:57.304 [eventLoopGroupProxy-4-10] INFO  Application - [32m200 OK[m: [36mGET[m - /api/v1/products in 10ms
2026-05-06 02:05:43.073 [eventLoopGroupProxy-4-8] INFO  Application - [32m200 OK[m: [36mGET[m - /api/v1/internal/orders in 121ms
2026-05-06 02:05:43.806 [eventLoopGroupProxy-4-9] INFO  Application - [32m200 OK[m: [36mGET[m - /api/v1/internal/orders in 109ms
2026-05-06 02:05:48.822 [eventLoopGroupProxy-4-11] INFO  Application - [32m200 OK[m: [36mGET[m - /api/v1/internal/orders/da1c0295-e47f-481a-a50e-270a8c609d3e in 37ms
2026-05-06 02:05:51.321 [eventLoopGroupProxy-4-12] INFO  Application - [32m200 OK[m: [36mGET[m - /api/v1/internal/orders in 9ms
2026-05-06 02:05:52.662 [eventLoopGroupProxy-4-2] INFO  Application - [32m200 OK[m: [36mGET[m - /api/v1/internal/orders in 12ms
2026-05-06 02:05:55.487 [eventLoopGroupProxy-4-3] INFO  Application - [32m200 OK[m: [36mGET[m - /api/v1/internal/orders/da1c0295-e47f-481a-a50e-270a8c609d3e in 19ms
2026-05-06 02:06:12.707 [eventLoopGroupProxy-4-10] INFO  Application - [32m200 OK[m: [36mGET[m - /api/v1/products/c230993f-f654-40c3-9922-8d0ef620a744 in 5ms
2026-05-06 02:06:12.735 [eventLoopGroupProxy-4-10] INFO  Application - [32m200 OK[m: [36mGET[m - /api/v1/products/c230993f-f654-40c3-9922-8d0ef620a744/reviews in 5ms
2026-05-06 02:06:23.697 [eventLoopGroupProxy-4-10] INFO  Application - [32m200 OK[m: [36mGET[m - /api/v1/products/c230993f-f654-40c3-9922-8d0ef620a744 in 11ms
2026-05-06 02:06:23.731 [eventLoopGroupProxy-4-10] INFO  Application - [32m200 OK[m: [36mGET[m - /api/v1/products/c230993f-f654-40c3-9922-8d0ef620a744/reviews in 6ms
2026-05-06 02:06:28.514 [eventLoopGroupProxy-4-11] INFO  Application - [32m200 OK[m: [36mGET[m - /api/v1/internal/orders/da1c0295-e47f-481a-a50e-270a8c609d3e in 16ms
2026-05-06 02:06:30.103 [eventLoopGroupProxy-4-12] INFO  Application - [32m200 OK[m: [36mPOST[m - /api/v1/internal/orders/da1c0295-e47f-481a-a50e-270a8c609d3e/status in 48ms
2026-05-06 02:06:31.722 [eventLoopGroupProxy-4-1] INFO  Application - [32m200 OK[m: [36mPOST[m - /api/v1/internal/orders/da1c0295-e47f-481a-a50e-270a8c609d3e/status in 19ms
