2026-05-05 00:30:09.159 [main] INFO  Application - No ktor.deployment.watch patterns match classpath entries, automatic reload is not active
2026-05-05 00:30:09.403 [main] INFO  Application - Cloudinary initialized: cloud=dh3lcg95f
2026-05-05 00:30:10.310 [main] INFO  Exposed - Preparing create tables statements took 174ms
2026-05-05 00:30:10.338 [main] INFO  Exposed - Executing create tables statements took 28ms
2026-05-05 00:30:10.520 [main] INFO  Exposed - Extracting table columns took 181ms
2026-05-05 00:30:10.603 [main] INFO  Exposed - Extracting primary keys took 83ms
2026-05-05 00:30:10.716 [main] INFO  Exposed - Extracting column constraints took 78ms
2026-05-05 00:30:10.716 [main] INFO  Exposed - Preparing alter table statements took 377ms
2026-05-05 00:30:10.928 [main] INFO  Exposed - Executing alter table statements took 210ms
2026-05-05 00:30:11.116 [main] WARN  Exposed - List of excessive indices:
2026-05-05 00:30:11.118 [main] WARN  Exposed - 			'chat_sessions'.'' -> idx_chat_sessions_type, fk_chat_sessions_consultant__id
2026-05-05 00:30:11.118 [main] INFO  Exposed - SQL Queries to remove excessive indices:
2026-05-05 00:30:11.118 [main] INFO  Exposed - 			[ALTER TABLE chat_sessions DROP INDEX idx_chat_sessions_type];
2026-05-05 00:30:11.127 [main] INFO  Exposed - Index on table 'users' differs only in name: in db uq_users_phone -> in mapping users_phone_unique
2026-05-05 00:30:11.127 [main] INFO  Exposed - Index on table 'users' differs only in name: in db uq_users_email -> in mapping users_email_unique
2026-05-05 00:30:11.127 [main] INFO  Exposed - Index on table 'user_verification_tokens' differs only in name: in db idx_user_verification_tokens_hash -> in mapping user_verification_tokens_token_hash
2026-05-05 00:30:11.127 [main] INFO  Exposed - Index on table 'user_verification_tokens' differs only in name: in db idx_user_verification_tokens_user -> in mapping user_verification_tokens_user_id_purpose_expires_at
2026-05-05 00:30:11.127 [main] INFO  Exposed - Index on table 'employee_profiles' differs only in name: in db idx_employee_profiles_verified -> in mapping employee_profiles_qualification_verified
2026-05-05 00:30:11.127 [main] INFO  Exposed - Index on table 'products' differs only in name: in db uq_products_sku -> in mapping products_sku_unique
2026-05-05 00:30:11.127 [main] INFO  Exposed - Index on table 'products' differs only in name: in db uq_products_slug -> in mapping products_slug_unique
2026-05-05 00:30:11.127 [main] INFO  Exposed - Index on table 'product_certificates' differs only in name: in db idx_product_certificates_type -> in mapping product_certificates_file_type
2026-05-05 00:30:11.130 [main] INFO  Exposed - Index on table 'product_certificates' differs only in name: in db idx_product_certificates_active -> in mapping product_certificates_is_active
2026-05-05 00:30:11.130 [main] INFO  Exposed - Index on table 'orders' differs only in name: in db uq_order_code -> in mapping orders_order_code_unique
2026-05-05 00:30:11.130 [main] INFO  Exposed - Index on table 'coupons' differs only in name: in db uq_coupons_code -> in mapping coupons_code_unique
2026-05-05 00:30:11.130 [main] INFO  Exposed - Index on table 'reward_transactions' differs only in name: in db idx_reward_transactions_ref -> in mapping reward_transactions_ref_type_ref_id
2026-05-05 00:30:11.130 [main] INFO  Exposed - Index on table 'reward_products' differs only in name: in db idx_reward_products_category -> in mapping reward_products_category
2026-05-05 00:30:11.130 [main] INFO  Exposed - Index on table 'reward_products' differs only in name: in db idx_reward_products_active_cost -> in mapping reward_products_is_active_point_cost
2026-05-05 00:30:11.130 [main] INFO  Exposed - Index on table 'reward_redemptions' differs only in name: in db idx_reward_redemptions_status -> in mapping reward_redemptions_status
2026-05-05 00:30:11.130 [main] INFO  Exposed - Index on table 'reviews' differs only in name: in db uq_reviews_user_order_product -> in mapping reviews_user_id_order_id_product_id_unique
2026-05-05 00:30:11.130 [main] INFO  Exposed - Index on table 'reviews' differs only in name: in db idx_reviews_created_at -> in mapping reviews_created_at
2026-05-05 00:30:11.130 [main] INFO  Exposed - Index on table 'reviews' differs only in name: in db idx_reviews_product_status -> in mapping reviews_product_id_status
2026-05-05 00:30:11.130 [main] INFO  Exposed - Index on table 'review_reports' differs only in name: in db idx_review_reports_status -> in mapping review_reports_status
2026-05-05 00:30:11.130 [main] INFO  Exposed - Index on table 'review_reports' differs only in name: in db uq_review_report_once -> in mapping review_reports_review_id_reporter_user_id_unique
2026-05-05 00:30:11.130 [main] INFO  Exposed - Index on table 'order_complaints' differs only in name: in db idx_order_complaints_status -> in mapping order_complaints_status
2026-05-05 00:30:11.130 [main] INFO  Exposed - Index on table 'order_complaints' differs only in name: in db idx_order_complaints_refund_status -> in mapping order_complaints_refund_status
2026-05-05 00:30:11.130 [main] INFO  Exposed - Index on table 'order_complaints' differs only in name: in db uq_order_complaints_code -> in mapping order_complaints_complaint_code_unique
2026-05-05 00:30:11.133 [main] WARN  Exposed - Indices exist in database and not mapped in code on class 'payments':
		Index 'idx_payments_status' for 'payments' on columns com.example.nhathuoc.database.tables.PaymentsTable.status
		Index 'idx_payments_transaction_id' for 'payments' on columns com.example.nhathuoc.database.tables.PaymentsTable.transaction_id
		Index 'idx_payments_method' for 'payments' on columns com.example.nhathuoc.database.tables.PaymentsTable.method
		Index 'fk_payments_payment_method_id__id' for 'payments' on columns 
2026-05-05 00:30:11.133 [main] WARN  Exposed - Indices exist in database and not mapped in code on class 'chat_messages':
		Index 'idx_messages_sender_type' for 'chat_messages' on columns 
2026-05-05 00:30:11.133 [main] WARN  Exposed - Indices exist in database and not mapped in code on class 'chat_sessions':
		Index 'fk_chat_sessions_consultant__id' for 'chat_sessions' on columns 
		Index 'idx_chat_sessions_type' for 'chat_sessions' on columns 
2026-05-05 00:30:11.133 [main] WARN  Exposed - Indices exist in database and not mapped in code on class 'products':
		Index 'idx_products_exp_date' for 'products' on columns com.example.nhathuoc.database.tables.ProductsTable.exp_date
		Index 'idx_products_risk_classification' for 'products' on columns com.example.nhathuoc.database.tables.ProductsTable.risk_classification
		Index 'idx_products_search' for 'products' on columns com.example.nhathuoc.database.tables.ProductsTable.name, com.example.nhathuoc.database.tables.ProductsTable.description, com.example.nhathuoc.database.tables.ProductsTable.brand
		Index 'idx_products_stock_exp' for 'products' on columns com.example.nhathuoc.database.tables.ProductsTable.stock, com.example.nhathuoc.database.tables.ProductsTable.exp_date
2026-05-05 00:30:11.133 [main] WARN  Exposed - Indices exist in database and not mapped in code on class 'coupons':
		Index 'idx_coupons_reward_template' for 'coupons' on columns com.example.nhathuoc.database.tables.CouponsTable.is_reward_voucher_template, com.example.nhathuoc.database.tables.CouponsTable.is_active
2026-05-05 00:30:11.133 [main] WARN  Exposed - Indices exist in database and not mapped in code on class 'categories':
		Unique Index 'uq_categories_slug' for 'categories' on columns com.example.nhathuoc.database.tables.CategoriesTable.slug
2026-05-05 00:30:11.133 [main] WARN  Exposed - Indices exist in database and not mapped in code on class 'banners':
		Index 'idx_banners_active' for 'banners' on columns com.example.nhathuoc.database.tables.BannersTable.is_active
		Index 'idx_banners_active_date' for 'banners' on columns com.example.nhathuoc.database.tables.BannersTable.is_active, com.example.nhathuoc.database.tables.BannersTable.start_dt, com.example.nhathuoc.database.tables.BannersTable.end_dt
2026-05-05 00:30:11.133 [main] WARN  Exposed - Indices exist in database and not mapped in code on class 'reward_redemptions':
		Unique Index 'uq_reward_redemptions_issued_voucher_code' for 'reward_redemptions' on columns com.example.nhathuoc.database.tables.RewardRedemptionsTable.issued_voucher_code
2026-05-05 00:30:11.133 [main] WARN  Exposed - Indices exist in database and not mapped in code on class 'reward_products':
		Index 'idx_reward_products_type' for 'reward_products' on columns com.example.nhathuoc.database.tables.RewardProductsTable.reward_type
2026-05-05 00:30:11.133 [main] WARN  Exposed - Indices exist in database and not mapped in code on class 'orders':
		Index 'idx_orders_channel' for 'orders' on columns com.example.nhathuoc.database.tables.OrdersTable.order_channel
		Index 'idx_orders_status' for 'orders' on columns com.example.nhathuoc.database.tables.OrdersTable.status
		Index 'fk_orders_branch_id__id' for 'orders' on columns com.example.nhathuoc.database.tables.OrdersTable.branch_id
		Index 'idx_orders_payment_status' for 'orders' on columns com.example.nhathuoc.database.tables.OrdersTable.payment_status
2026-05-05 00:30:11.133 [main] WARN  Exposed - Indices exist in database and not mapped in code on class 'notifications':
		Index 'idx_notifications_type' for 'notifications' on columns com.example.nhathuoc.database.tables.NotificationsTable.type
		Index 'idx_notifications_is_read' for 'notifications' on columns com.example.nhathuoc.database.tables.NotificationsTable.is_read
2026-05-05 00:30:11.134 [main] INFO  Exposed - Checking mapping consistence took 206ms
2026-05-05 00:30:11.187 [main] INFO  Application - Database connected and tables created.
2026-05-05 00:30:12.408 [main] INFO  Application - Application started in 3.764 seconds.
2026-05-05 00:30:12.840 [main] INFO  Application - Responding at http://127.0.0.1:8080
2026-05-05 00:30:49.956 [eventLoopGroupProxy-4-2] INFO  Application - Desktop/Auth login attempt: credential=Admin@medstore.vn
2026-05-05 00:30:50.224 [eventLoopGroupProxy-4-2] INFO  Application - Desktop/Auth login success: userId=u-admin-001, role=ADMIN
2026-05-05 00:30:50.442 [eventLoopGroupProxy-4-2] INFO  Application - [32m200 OK[m: [36mPOST[m - /api/v1/auth/login in 494ms
2026-05-05 00:30:50.608 [eventLoopGroupProxy-4-3] INFO  Application - [32m200 OK[m: [36mGET[m - /api/v1/internal/dashboard in 83ms
2026-05-05 00:31:38.748 [eventLoopGroupProxy-4-8] INFO  Application - [31m401 Unauthorized[m: [36mGET[m - /api/v1/internal/dashboard in 2ms
2026-05-05 00:31:55.926 [eventLoopGroupProxy-4-11] INFO  Application - [32m200 OK[m: [36mGET[m - /api/v1/products/best-sellers in 70ms
2026-05-05 00:31:55.926 [eventLoopGroupProxy-4-10] INFO  Application - [32m200 OK[m: [36mGET[m - /api/v1/products/flash-sale in 70ms
2026-05-05 00:32:04.045 [eventLoopGroupProxy-4-1] INFO  Application - [32m200 OK[m: [36mGET[m - /api/v1/products/2ee46c2d-66c1-4686-a07b-f14f63a48344 in 32ms
2026-05-05 00:32:04.099 [eventLoopGroupProxy-4-1] INFO  Application - [32m200 OK[m: [36mGET[m - /api/v1/products/2ee46c2d-66c1-4686-a07b-f14f63a48344/reviews in 38ms
2026-05-05 00:33:21.295 [eventLoopGroupProxy-4-1] INFO  Application - Desktop/Auth login attempt: credential=Admin@medstore.vn
2026-05-05 00:33:21.551 [eventLoopGroupProxy-4-1] INFO  Application - Desktop/Auth login success: userId=u-admin-001, role=ADMIN
2026-05-05 00:33:21.567 [eventLoopGroupProxy-4-1] INFO  Application - [32m200 OK[m: [36mPOST[m - /api/v1/auth/login in 272ms
2026-05-05 00:33:21.782 [eventLoopGroupProxy-4-2] INFO  Application - [32m200 OK[m: [36mGET[m - /api/v1/internal/dashboard in 24ms
2026-05-05 00:33:28.747 [eventLoopGroupProxy-4-5] INFO  Application - [32m200 OK[m: [36mGET[m - /api/v1/internal/orders in 112ms
2026-05-05 00:33:29.260 [eventLoopGroupProxy-4-7] INFO  Application - [32m200 OK[m: [36mGET[m - /api/v1/internal/orders in 2ms
2026-05-05 00:33:29.905 [eventLoopGroupProxy-4-8] INFO  Application - [32m200 OK[m: [36mGET[m - /api/v1/internal/orders in 10ms
2026-05-05 00:33:30.341 [eventLoopGroupProxy-4-9] INFO  Application - [32m200 OK[m: [36mGET[m - /api/v1/internal/orders in 96ms
2026-05-05 00:33:30.656 [eventLoopGroupProxy-4-12] INFO  Application - Desktop/Internal products response: shopId=default-store, page=1, limit=200, returned=14
2026-05-05 00:33:30.656 [eventLoopGroupProxy-4-12] INFO  Application - [32m200 OK[m: [36mGET[m - /api/v1/internal/products in 32ms
2026-05-05 00:33:52.766 [eventLoopGroupProxy-4-1] INFO  Application - [32m200 OK[m: [36mGET[m - /api/v1/products/2ee46c2d-66c1-4686-a07b-f14f63a48344 in 0ms
2026-05-05 00:33:52.816 [eventLoopGroupProxy-4-1] INFO  Application - [32m200 OK[m: [36mGET[m - /api/v1/products/2ee46c2d-66c1-4686-a07b-f14f63a48344/reviews in 18ms
2026-05-05 00:34:33.932 [eventLoopGroupProxy-4-1] INFO  Application - [32m200 OK[m: [36mGET[m - /api/v1/internal/orders in 16ms
2026-05-05 00:34:35.630 [eventLoopGroupProxy-4-3] INFO  Application - [32m200 OK[m: [36mGET[m - /api/v1/internal/orders/17058c1b-fe6b-43de-a95d-a1b24f48823e in 30ms
2026-05-05 00:34:45.741 [eventLoopGroupProxy-4-6] INFO  Application - [32m200 OK[m: [36mPOST[m - /api/v1/internal/orders/17058c1b-fe6b-43de-a95d-a1b24f48823e/status in 31ms
2026-05-05 00:34:46.954 [eventLoopGroupProxy-4-7] INFO  Application - [32m200 OK[m: [36mPOST[m - /api/v1/internal/orders/17058c1b-fe6b-43de-a95d-a1b24f48823e/status in 22ms
2026-05-05 00:35:24.501 [eventLoopGroupProxy-4-1] INFO  Application - [32m200 OK[m: [36mGET[m - /api/v1/products/2ee46c2d-66c1-4686-a07b-f14f63a48344 in 0ms
2026-05-05 00:35:24.538 [eventLoopGroupProxy-4-1] INFO  Application - [32m200 OK[m: [36mGET[m - /api/v1/products/2ee46c2d-66c1-4686-a07b-f14f63a48344/reviews in 0ms
2026-05-05 01:52:03.315 [main] INFO  Application - No ktor.deployment.watch patterns match classpath entries, automatic reload is not active
2026-05-05 01:52:04.447 [main] INFO  Application - Cloudinary initialized: cloud=dh3lcg95f
2026-05-05 01:52:07.286 [main] INFO  Exposed - Preparing create tables statements took 898ms
2026-05-05 01:52:07.328 [main] INFO  Exposed - Executing create tables statements took 41ms
2026-05-05 01:52:07.586 [main] INFO  Exposed - Extracting table columns took 258ms
2026-05-05 01:52:07.702 [main] INFO  Exposed - Extracting primary keys took 116ms
2026-05-05 01:52:07.849 [main] INFO  Exposed - Extracting column constraints took 101ms
2026-05-05 01:52:07.851 [main] INFO  Exposed - Preparing alter table statements took 523ms
2026-05-05 01:52:08.206 [main] INFO  Exposed - Executing alter table statements took 355ms
2026-05-05 01:52:08.460 [main] WARN  Exposed - List of excessive indices:
2026-05-05 01:52:08.462 [main] WARN  Exposed - 			'chat_sessions'.'' -> idx_chat_sessions_type, fk_chat_sessions_consultant__id
2026-05-05 01:52:08.463 [main] INFO  Exposed - SQL Queries to remove excessive indices:
2026-05-05 01:52:08.463 [main] INFO  Exposed - 			[ALTER TABLE chat_sessions DROP INDEX idx_chat_sessions_type];
2026-05-05 01:52:08.471 [main] INFO  Exposed - Index on table 'users' differs only in name: in db uq_users_phone -> in mapping users_phone_unique
2026-05-05 01:52:08.472 [main] INFO  Exposed - Index on table 'users' differs only in name: in db uq_users_email -> in mapping users_email_unique
2026-05-05 01:52:08.472 [main] INFO  Exposed - Index on table 'user_verification_tokens' differs only in name: in db idx_user_verification_tokens_hash -> in mapping user_verification_tokens_token_hash
2026-05-05 01:52:08.472 [main] INFO  Exposed - Index on table 'user_verification_tokens' differs only in name: in db idx_user_verification_tokens_user -> in mapping user_verification_tokens_user_id_purpose_expires_at
2026-05-05 01:52:08.472 [main] INFO  Exposed - Index on table 'employee_profiles' differs only in name: in db idx_employee_profiles_verified -> in mapping employee_profiles_qualification_verified
2026-05-05 01:52:08.473 [main] INFO  Exposed - Index on table 'products' differs only in name: in db uq_products_sku -> in mapping products_sku_unique
2026-05-05 01:52:08.473 [main] INFO  Exposed - Index on table 'products' differs only in name: in db uq_products_slug -> in mapping products_slug_unique
2026-05-05 01:52:08.473 [main] INFO  Exposed - Index on table 'product_certificates' differs only in name: in db idx_product_certificates_type -> in mapping product_certificates_file_type
2026-05-05 01:52:08.474 [main] INFO  Exposed - Index on table 'product_certificates' differs only in name: in db idx_product_certificates_active -> in mapping product_certificates_is_active
2026-05-05 01:52:08.474 [main] INFO  Exposed - Index on table 'orders' differs only in name: in db uq_order_code -> in mapping orders_order_code_unique
2026-05-05 01:52:08.474 [main] INFO  Exposed - Index on table 'coupons' differs only in name: in db uq_coupons_code -> in mapping coupons_code_unique
2026-05-05 01:52:08.475 [main] INFO  Exposed - Index on table 'reward_transactions' differs only in name: in db idx_reward_transactions_ref -> in mapping reward_transactions_ref_type_ref_id
2026-05-05 01:52:08.476 [main] INFO  Exposed - Index on table 'reward_products' differs only in name: in db idx_reward_products_category -> in mapping reward_products_category
2026-05-05 01:52:08.476 [main] INFO  Exposed - Index on table 'reward_products' differs only in name: in db idx_reward_products_active_cost -> in mapping reward_products_is_active_point_cost
2026-05-05 01:52:08.476 [main] INFO  Exposed - Index on table 'reward_redemptions' differs only in name: in db idx_reward_redemptions_status -> in mapping reward_redemptions_status
2026-05-05 01:52:08.477 [main] INFO  Exposed - Index on table 'reviews' differs only in name: in db uq_reviews_user_order_product -> in mapping reviews_user_id_order_id_product_id_unique
2026-05-05 01:52:08.477 [main] INFO  Exposed - Index on table 'reviews' differs only in name: in db idx_reviews_created_at -> in mapping reviews_created_at
2026-05-05 01:52:08.477 [main] INFO  Exposed - Index on table 'reviews' differs only in name: in db idx_reviews_product_status -> in mapping reviews_product_id_status
2026-05-05 01:52:08.477 [main] INFO  Exposed - Index on table 'review_reports' differs only in name: in db idx_review_reports_status -> in mapping review_reports_status
2026-05-05 01:52:08.477 [main] INFO  Exposed - Index on table 'review_reports' differs only in name: in db uq_review_report_once -> in mapping review_reports_review_id_reporter_user_id_unique
2026-05-05 01:52:08.478 [main] INFO  Exposed - Index on table 'order_complaints' differs only in name: in db idx_order_complaints_status -> in mapping order_complaints_status
2026-05-05 01:52:08.480 [main] INFO  Exposed - Index on table 'order_complaints' differs only in name: in db idx_order_complaints_refund_status -> in mapping order_complaints_refund_status
2026-05-05 01:52:08.480 [main] INFO  Exposed - Index on table 'order_complaints' differs only in name: in db uq_order_complaints_code -> in mapping order_complaints_complaint_code_unique
2026-05-05 01:52:08.481 [main] WARN  Exposed - Indices exist in database and not mapped in code on class 'payments':
		Index 'idx_payments_status' for 'payments' on columns com.example.nhathuoc.database.tables.PaymentsTable.status
		Index 'idx_payments_transaction_id' for 'payments' on columns com.example.nhathuoc.database.tables.PaymentsTable.transaction_id
		Index 'idx_payments_method' for 'payments' on columns com.example.nhathuoc.database.tables.PaymentsTable.method
		Index 'fk_payments_payment_method_id__id' for 'payments' on columns 
2026-05-05 01:52:08.481 [main] WARN  Exposed - Indices exist in database and not mapped in code on class 'chat_messages':
		Index 'idx_messages_sender_type' for 'chat_messages' on columns 
2026-05-05 01:52:08.481 [main] WARN  Exposed - Indices exist in database and not mapped in code on class 'chat_sessions':
		Index 'fk_chat_sessions_consultant__id' for 'chat_sessions' on columns 
		Index 'idx_chat_sessions_type' for 'chat_sessions' on columns 
2026-05-05 01:52:08.481 [main] WARN  Exposed - Indices exist in database and not mapped in code on class 'products':
		Index 'idx_products_exp_date' for 'products' on columns com.example.nhathuoc.database.tables.ProductsTable.exp_date
		Index 'idx_products_risk_classification' for 'products' on columns com.example.nhathuoc.database.tables.ProductsTable.risk_classification
		Index 'idx_products_search' for 'products' on columns com.example.nhathuoc.database.tables.ProductsTable.name, com.example.nhathuoc.database.tables.ProductsTable.description, com.example.nhathuoc.database.tables.ProductsTable.brand
		Index 'idx_products_stock_exp' for 'products' on columns com.example.nhathuoc.database.tables.ProductsTable.stock, com.example.nhathuoc.database.tables.ProductsTable.exp_date
2026-05-05 01:52:08.482 [main] WARN  Exposed - Indices exist in database and not mapped in code on class 'coupons':
		Index 'idx_coupons_reward_template' for 'coupons' on columns com.example.nhathuoc.database.tables.CouponsTable.is_reward_voucher_template, com.example.nhathuoc.database.tables.CouponsTable.is_active
2026-05-05 01:52:08.482 [main] WARN  Exposed - Indices exist in database and not mapped in code on class 'categories':
		Unique Index 'uq_categories_slug' for 'categories' on columns com.example.nhathuoc.database.tables.CategoriesTable.slug
2026-05-05 01:52:08.482 [main] WARN  Exposed - Indices exist in database and not mapped in code on class 'banners':
		Index 'idx_banners_active' for 'banners' on columns com.example.nhathuoc.database.tables.BannersTable.is_active
		Index 'idx_banners_active_date' for 'banners' on columns com.example.nhathuoc.database.tables.BannersTable.is_active, com.example.nhathuoc.database.tables.BannersTable.start_dt, com.example.nhathuoc.database.tables.BannersTable.end_dt
2026-05-05 01:52:08.482 [main] WARN  Exposed - Indices exist in database and not mapped in code on class 'reward_redemptions':
		Unique Index 'uq_reward_redemptions_issued_voucher_code' for 'reward_redemptions' on columns com.example.nhathuoc.database.tables.RewardRedemptionsTable.issued_voucher_code
2026-05-05 01:52:08.482 [main] WARN  Exposed - Indices exist in database and not mapped in code on class 'reward_products':
		Index 'idx_reward_products_type' for 'reward_products' on columns com.example.nhathuoc.database.tables.RewardProductsTable.reward_type
2026-05-05 01:52:08.482 [main] WARN  Exposed - Indices exist in database and not mapped in code on class 'orders':
		Index 'idx_orders_channel' for 'orders' on columns com.example.nhathuoc.database.tables.OrdersTable.order_channel
		Index 'idx_orders_status' for 'orders' on columns com.example.nhathuoc.database.tables.OrdersTable.status
		Index 'fk_orders_branch_id__id' for 'orders' on columns com.example.nhathuoc.database.tables.OrdersTable.branch_id
		Index 'idx_orders_payment_status' for 'orders' on columns com.example.nhathuoc.database.tables.OrdersTable.payment_status
2026-05-05 01:52:08.482 [main] WARN  Exposed - Indices exist in database and not mapped in code on class 'notifications':
		Index 'idx_notifications_type' for 'notifications' on columns com.example.nhathuoc.database.tables.NotificationsTable.type
		Index 'idx_notifications_is_read' for 'notifications' on columns com.example.nhathuoc.database.tables.NotificationsTable.is_read
2026-05-05 01:52:08.489 [main] INFO  Exposed - Checking mapping consistence took 283ms
2026-05-05 01:52:08.561 [main] INFO  Application - Database connected and tables created.
2026-05-05 01:52:13.040 [main] INFO  Application - Application started in 12.647 seconds.
2026-05-05 01:52:14.365 [main] INFO  Application - Responding at http://127.0.0.1:8080
2026-05-05 01:52:42.402 [eventLoopGroupProxy-4-1] INFO  Application - [31m401 Unauthorized[m: [36mGET[m - /api/v1/internal/dashboard in 865ms
2026-05-05 01:53:08.346 [eventLoopGroupProxy-4-2] INFO  Application - Desktop/Auth login attempt: credential=Admin@medstore.vn
2026-05-05 01:53:08.859 [eventLoopGroupProxy-4-2] INFO  Application - Desktop/Auth login success: userId=u-admin-001, role=ADMIN
2026-05-05 01:53:09.499 [eventLoopGroupProxy-4-2] INFO  Application - [32m200 OK[m: [36mPOST[m - /api/v1/auth/login in 1274ms
2026-05-05 01:53:10.566 [eventLoopGroupProxy-4-3] INFO  Application - [32m200 OK[m: [36mGET[m - /api/v1/internal/dashboard in 545ms
2026-05-05 01:53:12.408 [eventLoopGroupProxy-4-6] INFO  Application - Desktop/Internal products response: shopId=default-store, page=1, limit=200, returned=14
2026-05-05 01:53:12.454 [eventLoopGroupProxy-4-6] INFO  Application - [32m200 OK[m: [36mGET[m - /api/v1/internal/products in 255ms
2026-05-05 01:53:19.215 [eventLoopGroupProxy-4-9] INFO  Application - Desktop/Internal products response: shopId=default-store, page=1, limit=200, returned=14
2026-05-05 01:53:19.222 [eventLoopGroupProxy-4-9] INFO  Application - [32m200 OK[m: [36mGET[m - /api/v1/internal/products in 41ms
2026-05-05 01:53:28.228 [eventLoopGroupProxy-4-5] INFO  Application - Desktop/Internal products response: shopId=default-store, page=1, limit=200, returned=14
2026-05-05 01:53:28.228 [eventLoopGroupProxy-4-5] INFO  Application - [32m200 OK[m: [36mGET[m - /api/v1/internal/products in 41ms
2026-05-05 01:53:28.875 [eventLoopGroupProxy-4-7] INFO  Application - Desktop/Internal products response: shopId=default-store, page=1, limit=200, returned=14
2026-05-05 01:53:28.875 [eventLoopGroupProxy-4-7] INFO  Application - [32m200 OK[m: [36mGET[m - /api/v1/internal/products in 48ms
2026-05-05 02:51:26.292 [main] INFO  Application - No ktor.deployment.watch patterns match classpath entries, automatic reload is not active
2026-05-05 02:51:26.719 [main] INFO  Application - Cloudinary initialized: cloud=dh3lcg95f
2026-05-05 02:51:28.488 [main] INFO  Exposed - Preparing create tables statements took 249ms
2026-05-05 02:51:28.535 [main] INFO  Exposed - Executing create tables statements took 46ms
2026-05-05 02:51:28.807 [main] INFO  Exposed - Extracting table columns took 270ms
2026-05-05 02:51:28.981 [main] INFO  Exposed - Extracting primary keys took 174ms
2026-05-05 02:51:29.363 [main] INFO  Exposed - Extracting column constraints took 329ms
2026-05-05 02:51:29.365 [main] INFO  Exposed - Preparing alter table statements took 830ms
2026-05-05 02:51:30.420 [main] INFO  Exposed - Executing alter table statements took 1051ms
2026-05-05 02:51:30.637 [main] WARN  Exposed - List of excessive indices:
2026-05-05 02:51:30.637 [main] WARN  Exposed - 			'chat_sessions'.'' -> idx_chat_sessions_type, fk_chat_sessions_consultant__id
2026-05-05 02:51:30.637 [main] INFO  Exposed - SQL Queries to remove excessive indices:
2026-05-05 02:51:30.637 [main] INFO  Exposed - 			[ALTER TABLE chat_sessions DROP INDEX idx_chat_sessions_type];
2026-05-05 02:51:30.661 [main] INFO  Exposed - Index on table 'users' differs only in name: in db uq_users_phone -> in mapping users_phone_unique
2026-05-05 02:51:30.661 [main] INFO  Exposed - Index on table 'users' differs only in name: in db uq_users_email -> in mapping users_email_unique
2026-05-05 02:51:30.661 [main] INFO  Exposed - Index on table 'user_verification_tokens' differs only in name: in db idx_user_verification_tokens_hash -> in mapping user_verification_tokens_token_hash
2026-05-05 02:51:30.661 [main] INFO  Exposed - Index on table 'user_verification_tokens' differs only in name: in db idx_user_verification_tokens_user -> in mapping user_verification_tokens_user_id_purpose_expires_at
2026-05-05 02:51:30.661 [main] INFO  Exposed - Index on table 'employee_profiles' differs only in name: in db idx_employee_profiles_verified -> in mapping employee_profiles_qualification_verified
2026-05-05 02:51:30.661 [main] INFO  Exposed - Index on table 'products' differs only in name: in db uq_products_sku -> in mapping products_sku_unique
2026-05-05 02:51:30.661 [main] INFO  Exposed - Index on table 'products' differs only in name: in db uq_products_slug -> in mapping products_slug_unique
2026-05-05 02:51:30.661 [main] INFO  Exposed - Index on table 'product_certificates' differs only in name: in db idx_product_certificates_type -> in mapping product_certificates_file_type
2026-05-05 02:51:30.661 [main] INFO  Exposed - Index on table 'product_certificates' differs only in name: in db idx_product_certificates_active -> in mapping product_certificates_is_active
2026-05-05 02:51:30.661 [main] INFO  Exposed - Index on table 'orders' differs only in name: in db uq_order_code -> in mapping orders_order_code_unique
2026-05-05 02:51:30.661 [main] INFO  Exposed - Index on table 'coupons' differs only in name: in db uq_coupons_code -> in mapping coupons_code_unique
2026-05-05 02:51:30.661 [main] INFO  Exposed - Index on table 'reward_transactions' differs only in name: in db idx_reward_transactions_ref -> in mapping reward_transactions_ref_type_ref_id
2026-05-05 02:51:30.661 [main] INFO  Exposed - Index on table 'reward_products' differs only in name: in db idx_reward_products_category -> in mapping reward_products_category
2026-05-05 02:51:30.661 [main] INFO  Exposed - Index on table 'reward_products' differs only in name: in db idx_reward_products_active_cost -> in mapping reward_products_is_active_point_cost
2026-05-05 02:51:30.661 [main] INFO  Exposed - Index on table 'reward_redemptions' differs only in name: in db idx_reward_redemptions_status -> in mapping reward_redemptions_status
2026-05-05 02:51:30.661 [main] INFO  Exposed - Index on table 'reviews' differs only in name: in db uq_reviews_user_order_product -> in mapping reviews_user_id_order_id_product_id_unique
2026-05-05 02:51:30.661 [main] INFO  Exposed - Index on table 'reviews' differs only in name: in db idx_reviews_created_at -> in mapping reviews_created_at
2026-05-05 02:51:30.661 [main] INFO  Exposed - Index on table 'reviews' differs only in name: in db idx_reviews_product_status -> in mapping reviews_product_id_status
2026-05-05 02:51:30.661 [main] INFO  Exposed - Index on table 'review_reports' differs only in name: in db idx_review_reports_status -> in mapping review_reports_status
2026-05-05 02:51:30.661 [main] INFO  Exposed - Index on table 'review_reports' differs only in name: in db uq_review_report_once -> in mapping review_reports_review_id_reporter_user_id_unique
2026-05-05 02:51:30.661 [main] INFO  Exposed - Index on table 'order_complaints' differs only in name: in db idx_order_complaints_status -> in mapping order_complaints_status
2026-05-05 02:51:30.661 [main] INFO  Exposed - Index on table 'order_complaints' differs only in name: in db idx_order_complaints_refund_status -> in mapping order_complaints_refund_status
2026-05-05 02:51:30.661 [main] INFO  Exposed - Index on table 'order_complaints' differs only in name: in db uq_order_complaints_code -> in mapping order_complaints_complaint_code_unique
2026-05-05 02:51:30.661 [main] WARN  Exposed - Indices exist in database and not mapped in code on class 'payments':
		Index 'idx_payments_status' for 'payments' on columns com.example.nhathuoc.database.tables.PaymentsTable.status
		Index 'idx_payments_transaction_id' for 'payments' on columns com.example.nhathuoc.database.tables.PaymentsTable.transaction_id
		Index 'idx_payments_method' for 'payments' on columns com.example.nhathuoc.database.tables.PaymentsTable.method
		Index 'fk_payments_payment_method_id__id' for 'payments' on columns 
2026-05-05 02:51:30.661 [main] WARN  Exposed - Indices exist in database and not mapped in code on class 'chat_messages':
		Index 'idx_messages_sender_type' for 'chat_messages' on columns 
2026-05-05 02:51:30.661 [main] WARN  Exposed - Indices exist in database and not mapped in code on class 'chat_sessions':
		Index 'fk_chat_sessions_consultant__id' for 'chat_sessions' on columns 
		Index 'idx_chat_sessions_type' for 'chat_sessions' on columns 
2026-05-05 02:51:30.661 [main] WARN  Exposed - Indices exist in database and not mapped in code on class 'products':
		Index 'idx_products_exp_date' for 'products' on columns com.example.nhathuoc.database.tables.ProductsTable.exp_date
		Index 'idx_products_risk_classification' for 'products' on columns com.example.nhathuoc.database.tables.ProductsTable.risk_classification
		Index 'idx_products_search' for 'products' on columns com.example.nhathuoc.database.tables.ProductsTable.name, com.example.nhathuoc.database.tables.ProductsTable.description, com.example.nhathuoc.database.tables.ProductsTable.brand
		Index 'idx_products_stock_exp' for 'products' on columns com.example.nhathuoc.database.tables.ProductsTable.stock, com.example.nhathuoc.database.tables.ProductsTable.exp_date
2026-05-05 02:51:30.661 [main] WARN  Exposed - Indices exist in database and not mapped in code on class 'coupons':
		Index 'idx_coupons_reward_template' for 'coupons' on columns com.example.nhathuoc.database.tables.CouponsTable.is_reward_voucher_template, com.example.nhathuoc.database.tables.CouponsTable.is_active
2026-05-05 02:51:30.661 [main] WARN  Exposed - Indices exist in database and not mapped in code on class 'categories':
		Unique Index 'uq_categories_slug' for 'categories' on columns com.example.nhathuoc.database.tables.CategoriesTable.slug
2026-05-05 02:51:30.661 [main] WARN  Exposed - Indices exist in database and not mapped in code on class 'banners':
		Index 'idx_banners_active' for 'banners' on columns com.example.nhathuoc.database.tables.BannersTable.is_active
		Index 'idx_banners_active_date' for 'banners' on columns com.example.nhathuoc.database.tables.BannersTable.is_active, com.example.nhathuoc.database.tables.BannersTable.start_dt, com.example.nhathuoc.database.tables.BannersTable.end_dt
2026-05-05 02:51:30.661 [main] WARN  Exposed - Indices exist in database and not mapped in code on class 'reward_redemptions':
		Unique Index 'uq_reward_redemptions_issued_voucher_code' for 'reward_redemptions' on columns com.example.nhathuoc.database.tables.RewardRedemptionsTable.issued_voucher_code
2026-05-05 02:51:30.661 [main] WARN  Exposed - Indices exist in database and not mapped in code on class 'reward_products':
		Index 'idx_reward_products_type' for 'reward_products' on columns com.example.nhathuoc.database.tables.RewardProductsTable.reward_type
2026-05-05 02:51:30.661 [main] WARN  Exposed - Indices exist in database and not mapped in code on class 'orders':
		Index 'idx_orders_channel' for 'orders' on columns com.example.nhathuoc.database.tables.OrdersTable.order_channel
		Index 'idx_orders_status' for 'orders' on columns com.example.nhathuoc.database.tables.OrdersTable.status
		Index 'fk_orders_branch_id__id' for 'orders' on columns com.example.nhathuoc.database.tables.OrdersTable.branch_id
		Index 'idx_orders_payment_status' for 'orders' on columns com.example.nhathuoc.database.tables.OrdersTable.payment_status
2026-05-05 02:51:30.669 [main] WARN  Exposed - Indices exist in database and not mapped in code on class 'notifications':
		Index 'idx_notifications_type' for 'notifications' on columns com.example.nhathuoc.database.tables.NotificationsTable.type
		Index 'idx_notifications_is_read' for 'notifications' on columns com.example.nhathuoc.database.tables.NotificationsTable.is_read
2026-05-05 02:51:30.669 [main] INFO  Exposed - Checking mapping consistence took 249ms
2026-05-05 02:51:30.985 [main] INFO  Application - Database connected and tables created.
2026-05-05 02:51:34.676 [main] INFO  Application - Application started in 10.037 seconds.
2026-05-05 02:51:35.111 [main] INFO  Application - Responding at http://127.0.0.1:8080
2026-05-05 02:51:44.031 [eventLoopGroupProxy-4-1] INFO  Application - [31m401 Unauthorized[m: [36mGET[m - /api/v1/internal/dashboard in 467ms
2026-05-05 02:52:08.183 [eventLoopGroupProxy-4-2] INFO  Application - Desktop/Auth login attempt: credential=Admin@medstore.vn
2026-05-05 02:52:08.504 [eventLoopGroupProxy-4-2] INFO  Application - Desktop/Auth login success: userId=u-admin-001, role=ADMIN
2026-05-05 02:52:08.605 [eventLoopGroupProxy-4-2] INFO  Application - [32m200 OK[m: [36mPOST[m - /api/v1/auth/login in 474ms
2026-05-05 02:52:08.992 [eventLoopGroupProxy-4-3] INFO  Application - [32m200 OK[m: [36mGET[m - /api/v1/internal/dashboard in 146ms
2026-05-05 02:54:02.716 [eventLoopGroupProxy-4-3] WARN  Exposed - Transaction attempt #0 failed: com.mysql.cj.jdbc.exceptions.MySQLTransactionRollbackException: Deadlock found when trying to get lock; try restarting transaction. Statement(s): UPDATE refresh_tokens SET revoked_at=? WHERE refresh_tokens.user_id = ?
org.jetbrains.exposed.exceptions.ExposedSQLException: com.mysql.cj.jdbc.exceptions.MySQLTransactionRollbackException: Deadlock found when trying to get lock; try restarting transaction
	at org.jetbrains.exposed.sql.statements.Statement.executeIn$exposed_core(Statement.kt:99)
	at org.jetbrains.exposed.sql.Transaction.exec(Transaction.kt:292)
	at org.jetbrains.exposed.sql.Transaction.exec(Transaction.kt:269)
	at org.jetbrains.exposed.sql.statements.Statement.execute(Statement.kt:59)
	at com.example.nhathuoc.routes.AuthRoutesKt$authRoutes$1$3.invokeSuspend$lambda$10(AuthRoutes.kt:405)
	at org.jetbrains.exposed.sql.transactions.ThreadLocalTransactionManagerKt.inTopLevelTransaction$run(ThreadLocalTransactionManager.kt:355)
	at org.jetbrains.exposed.sql.transactions.ThreadLocalTransactionManagerKt.inTopLevelTransaction$lambda$11(ThreadLocalTransactionManager.kt:402)
	at org.jetbrains.exposed.sql.transactions.ThreadLocalTransactionManagerKt.keepAndRestoreTransactionRefAfterRun(ThreadLocalTransactionManager.kt:410)
	at org.jetbrains.exposed.sql.transactions.ThreadLocalTransactionManagerKt.inTopLevelTransaction(ThreadLocalTransactionManager.kt:401)
	at org.jetbrains.exposed.sql.transactions.ThreadLocalTransactionManagerKt.transaction$lambda$5(ThreadLocalTransactionManager.kt:310)
	at org.jetbrains.exposed.sql.transactions.ThreadLocalTransactionManagerKt.keepAndRestoreTransactionRefAfterRun(ThreadLocalTransactionManager.kt:410)
	at org.jetbrains.exposed.sql.transactions.ThreadLocalTransactionManagerKt.transaction(ThreadLocalTransactionManager.kt:259)
	at org.jetbrains.exposed.sql.transactions.ThreadLocalTransactionManagerKt.transaction(ThreadLocalTransactionManager.kt:237)
	at org.jetbrains.exposed.sql.transactions.ThreadLocalTransactionManagerKt.transaction$default(ThreadLocalTransactionManager.kt:236)
	at com.example.nhathuoc.routes.AuthRoutesKt$authRoutes$1$3.invokeSuspend(AuthRoutes.kt:265)
	at com.example.nhathuoc.routes.AuthRoutesKt$authRoutes$1$3.invoke(AuthRoutes.kt)
	at com.example.nhathuoc.routes.AuthRoutesKt$authRoutes$1$3.invoke(AuthRoutes.kt)
	at io.ktor.server.routing.RoutingNode$buildPipeline$1$1.invokeSuspend(RoutingNode.kt:127)
	at io.ktor.server.routing.RoutingNode$buildPipeline$1$1.invoke(RoutingNode.kt)
	at io.ktor.server.routing.RoutingNode$buildPipeline$1$1.invoke(RoutingNode.kt)
	at io.ktor.util.pipeline.DebugPipelineContext.proceedLoop(DebugPipelineContext.kt:79)
	at io.ktor.util.pipeline.DebugPipelineContext.proceed(DebugPipelineContext.kt:57)
	at io.ktor.util.pipeline.DebugPipelineContext.execute$ktor_utils(DebugPipelineContext.kt:63)
	at io.ktor.util.pipeline.Pipeline.execute(Pipeline.kt:92)
	at io.ktor.server.routing.RoutingRoot$executeResult$$inlined$execute$1.invokeSuspend(Pipeline.kt:510)
	at io.ktor.server.routing.RoutingRoot$executeResult$$inlined$execute$1.invoke(Pipeline.kt)
	at io.ktor.server.routing.RoutingRoot$executeResult$$inlined$execute$1.invoke(Pipeline.kt)
	at io.ktor.util.debug.ContextUtilsKt.initContextInDebugMode(ContextUtils.kt:19)
	at io.ktor.server.routing.RoutingRoot.executeResult(RoutingRoot.kt:208)
	at io.ktor.server.routing.RoutingRoot.interceptor(RoutingRoot.kt:71)
	at io.ktor.server.routing.RoutingRoot$Plugin$install$1.invokeSuspend(RoutingRoot.kt:154)
	at io.ktor.server.routing.RoutingRoot$Plugin$install$1.invoke(RoutingRoot.kt)
	at io.ktor.server.routing.RoutingRoot$Plugin$install$1.invoke(RoutingRoot.kt)
	at io.ktor.util.pipeline.DebugPipelineContext.proceedLoop(DebugPipelineContext.kt:79)
	at io.ktor.util.pipeline.DebugPipelineContext.proceed(DebugPipelineContext.kt:57)
	at io.ktor.server.engine.BaseApplicationEngineKt$installDefaultTransformationChecker$1.invokeSuspend(BaseApplicationEngine.kt:119)
	at io.ktor.server.engine.BaseApplicationEngineKt$installDefaultTransformationChecker$1.invoke(BaseApplicationEngine.kt)
	at io.ktor.server.engine.BaseApplicationEngineKt$installDefaultTransformationChecker$1.invoke(BaseApplicationEngine.kt)
	at io.ktor.util.pipeline.DebugPipelineContext.proceedLoop(DebugPipelineContext.kt:79)
	at io.ktor.util.pipeline.DebugPipelineContext.proceed(DebugPipelineContext.kt:57)
	at io.ktor.server.application.hooks.CallFailed$install$1$1.invokeSuspend(CommonHooks.kt:49)
	at io.ktor.server.application.hooks.CallFailed$install$1$1.invoke(CommonHooks.kt)
	at io.ktor.server.application.hooks.CallFailed$install$1$1.invoke(CommonHooks.kt)
	at kotlinx.coroutines.intrinsics.UndispatchedKt.startUndispatchedOrReturn(Undispatched.kt:43)
	at kotlinx.coroutines.CoroutineScopeKt.coroutineScope(CoroutineScope.kt:285)
	at io.ktor.server.application.hooks.CallFailed$install$1.invokeSuspend(CommonHooks.kt:48)
	at io.ktor.server.application.hooks.CallFailed$install$1.invoke(CommonHooks.kt)
	at io.ktor.server.application.hooks.CallFailed$install$1.invoke(CommonHooks.kt)
	at io.ktor.util.pipeline.DebugPipelineContext.proceedLoop(DebugPipelineContext.kt:79)
	at io.ktor.util.pipeline.DebugPipelineContext.proceed(DebugPipelineContext.kt:57)
	at io.ktor.util.pipeline.DebugPipelineContext.execute$ktor_utils(DebugPipelineContext.kt:63)
	at io.ktor.util.pipeline.Pipeline.execute(Pipeline.kt:92)
	at io.ktor.server.engine.DefaultEnginePipelineKt$defaultEnginePipeline$1$invokeSuspend$$inlined$execute$1.invokeSuspend(Pipeline.kt:510)
	at io.ktor.server.engine.DefaultEnginePipelineKt$defaultEnginePipeline$1$invokeSuspend$$inlined$execute$1.invoke(Pipeline.kt)
	at io.ktor.server.engine.DefaultEnginePipelineKt$defaultEnginePipeline$1$invokeSuspend$$inlined$execute$1.invoke(Pipeline.kt)
	at io.ktor.util.debug.ContextUtilsKt.initContextInDebugMode(ContextUtils.kt:19)
	at io.ktor.server.engine.DefaultEnginePipelineKt$defaultEnginePipeline$1.invokeSuspend(DefaultEnginePipeline.kt:129)
	at io.ktor.server.engine.DefaultEnginePipelineKt$defaultEnginePipeline$1.invoke(DefaultEnginePipeline.kt)
	at io.ktor.server.engine.DefaultEnginePipelineKt$defaultEnginePipeline$1.invoke(DefaultEnginePipeline.kt)
	at io.ktor.util.pipeline.DebugPipelineContext.proceedLoop(DebugPipelineContext.kt:79)
	at io.ktor.util.pipeline.DebugPipelineContext.proceed(DebugPipelineContext.kt:57)
	at io.ktor.server.engine.BaseApplicationResponse$Companion$setupFallbackResponse$1.invokeSuspend(BaseApplicationResponse.kt:349)
	at io.ktor.server.engine.BaseApplicationResponse$Companion$setupFallbackResponse$1.invoke(BaseApplicationResponse.kt)
	at io.ktor.server.engine.BaseApplicationResponse$Companion$setupFallbackResponse$1.invoke(BaseApplicationResponse.kt)
	at io.ktor.util.pipeline.DebugPipelineContext.proceedLoop(DebugPipelineContext.kt:79)
	at io.ktor.util.pipeline.DebugPipelineContext.proceed(DebugPipelineContext.kt:57)
	at io.ktor.util.pipeline.DebugPipelineContext.execute$ktor_utils(DebugPipelineContext.kt:63)
	at io.ktor.util.pipeline.Pipeline.execute(Pipeline.kt:92)
	at io.ktor.server.netty.NettyApplicationCallHandler$handleRequest$1$invokeSuspend$$inlined$execute$1.invokeSuspend(Pipeline.kt:510)
	at io.ktor.server.netty.NettyApplicationCallHandler$handleRequest$1$invokeSuspend$$inlined$execute$1.invoke(Pipeline.kt)
	at io.ktor.server.netty.NettyApplicationCallHandler$handleRequest$1$invokeSuspend$$inlined$execute$1.invoke(Pipeline.kt)
	at io.ktor.util.debug.ContextUtilsKt.initContextInDebugMode(ContextUtils.kt:19)
	at io.ktor.server.netty.NettyApplicationCallHandler$handleRequest$1.invokeSuspend(NettyApplicationCallHandler.kt:140)
	at io.ktor.server.netty.NettyApplicationCallHandler$handleRequest$1.invoke(NettyApplicationCallHandler.kt)
	at io.ktor.server.netty.NettyApplicationCallHandler$handleRequest$1.invoke(NettyApplicationCallHandler.kt)
	at kotlinx.coroutines.intrinsics.UndispatchedKt.startCoroutineUndispatched(Undispatched.kt:20)
	at kotlinx.coroutines.CoroutineStart.invoke(CoroutineStart.kt:360)
	at kotlinx.coroutines.AbstractCoroutine.start(AbstractCoroutine.kt:134)
	at kotlinx.coroutines.BuildersKt__Builders_commonKt.launch(Builders.common.kt:52)
	at kotlinx.coroutines.BuildersKt.launch(Unknown Source)
	at io.ktor.server.netty.NettyApplicationCallHandler.handleRequest(NettyApplicationCallHandler.kt:41)
	at io.ktor.server.netty.NettyApplicationCallHandler.channelRead(NettyApplicationCallHandler.kt:33)
	at io.netty.channel.AbstractChannelHandlerContext.invokeChannelRead(AbstractChannelHandlerContext.java:444)
	at io.netty.channel.AbstractChannelHandlerContext.access$600(AbstractChannelHandlerContext.java:61)
	at io.netty.channel.AbstractChannelHandlerContext$7.run(AbstractChannelHandlerContext.java:425)
	at io.netty.util.concurrent.AbstractEventExecutor.runTask(AbstractEventExecutor.java:173)
	at io.netty.util.concurrent.AbstractEventExecutor.safeExecute(AbstractEventExecutor.java:166)
	at io.netty.util.concurrent.SingleThreadEventExecutor.runAllTasks(SingleThreadEventExecutor.java:472)
	at io.netty.channel.nio.NioEventLoop.run(NioEventLoop.java:569)
	at io.netty.util.concurrent.SingleThreadEventExecutor$4.run(SingleThreadEventExecutor.java:998)
	at io.netty.util.internal.ThreadExecutorMap$2.run(ThreadExecutorMap.java:74)
	at io.netty.util.concurrent.FastThreadLocalRunnable.run(FastThreadLocalRunnable.java:30)
	at java.base/java.lang.Thread.run(Thread.java:840)
Caused by: com.mysql.cj.jdbc.exceptions.MySQLTransactionRollbackException: Deadlock found when trying to get lock; try restarting transaction
	at com.mysql.cj.jdbc.exceptions.SQLError.createSQLException(SQLError.java:115)
	at com.mysql.cj.jdbc.exceptions.SQLExceptionsMapping.translateException(SQLExceptionsMapping.java:114)
	at com.mysql.cj.jdbc.ClientPreparedStatement.executeInternal(ClientPreparedStatement.java:988)
	at com.mysql.cj.jdbc.ClientPreparedStatement.executeUpdateInternal(ClientPreparedStatement.java:1166)
	at com.mysql.cj.jdbc.ClientPreparedStatement.executeUpdateInternal(ClientPreparedStatement.java:1101)
	at com.mysql.cj.jdbc.ClientPreparedStatement.executeLargeUpdate(ClientPreparedStatement.java:1467)
	at com.mysql.cj.jdbc.ClientPreparedStatement.executeUpdate(ClientPreparedStatement.java:1084)
	at com.zaxxer.hikari.pool.ProxyPreparedStatement.executeUpdate(ProxyPreparedStatement.java:61)
	at com.zaxxer.hikari.pool.HikariProxyPreparedStatement.executeUpdate(HikariProxyPreparedStatement.java)
	at org.jetbrains.exposed.sql.statements.jdbc.JdbcPreparedStatementImpl.executeUpdate(JdbcPreparedStatementImpl.kt:53)
	at org.jetbrains.exposed.sql.statements.UpdateStatement.executeInternal(UpdateStatement.kt:29)
	at org.jetbrains.exposed.sql.statements.UpdateStatement.executeInternal(UpdateStatement.kt:21)
	at org.jetbrains.exposed.sql.statements.Statement.executeIn$exposed_core(Statement.kt:97)
	... 92 common frames omitted
2026-05-05 02:54:02.726 [eventLoopGroupProxy-4-3] WARN  Exposed - Wait 0 milliseconds before retrying
2026-05-05 02:54:02.840 [eventLoopGroupProxy-4-4] INFO  Application - [32m200 OK[m: [36mGET[m - /api/v1/products/flash-sale in 210ms
2026-05-05 02:54:02.858 [eventLoopGroupProxy-4-5] INFO  Application - [32m200 OK[m: [36mGET[m - /api/v1/products/best-sellers in 198ms
2026-05-05 02:54:12.133 [eventLoopGroupProxy-4-2] INFO  Application - [32m200 OK[m: [36mGET[m - /api/v1/products/2ee46c2d-66c1-4686-a07b-f14f63a48344 in 31ms
2026-05-05 02:54:12.196 [eventLoopGroupProxy-4-2] INFO  Application - [32m200 OK[m: [36mGET[m - /api/v1/products/2ee46c2d-66c1-4686-a07b-f14f63a48344/reviews in 14ms
2026-05-05 02:55:05.906 [eventLoopGroupProxy-4-5] INFO  Application - Desktop/Internal products response: shopId=default-store, page=1, limit=200, returned=14
2026-05-05 02:55:05.919 [eventLoopGroupProxy-4-5] INFO  Application - [32m200 OK[m: [36mGET[m - /api/v1/internal/products in 47ms
2026-05-05 02:55:31.715 [eventLoopGroupProxy-4-4] INFO  Application - [32m200 OK[m: [36mGET[m - /api/v1/internal/dashboard in 19ms
2026-05-05 02:55:32.351 [eventLoopGroupProxy-4-5] INFO  Application - Desktop/Internal products response: shopId=default-store, page=1, limit=200, returned=14
2026-05-05 02:55:32.353 [eventLoopGroupProxy-4-5] INFO  Application - [32m200 OK[m: [36mGET[m - /api/v1/internal/products in 26ms
2026-05-05 02:55:34.639 [eventLoopGroupProxy-4-7] INFO  Application - [32m200 OK[m: [36mGET[m - /api/v1/internal/orders in 19ms
2026-05-05 02:55:35.252 [eventLoopGroupProxy-4-8] INFO  Application - [32m200 OK[m: [36mGET[m - /api/v1/internal/orders in 8ms
2026-05-05 02:55:35.652 [eventLoopGroupProxy-4-9] INFO  Application - [32m200 OK[m: [36mGET[m - /api/v1/internal/orders in 7ms
2026-05-05 02:55:41.995 [eventLoopGroupProxy-4-11] INFO  Application - [32m200 OK[m: [36mGET[m - /api/v1/internal/orders/37dc261b-507f-463b-ac60-5d48c1ca560e in 34ms
2026-05-05 02:55:44.886 [eventLoopGroupProxy-4-1] INFO  Application - [32m200 OK[m: [36mPOST[m - /api/v1/internal/orders/37dc261b-507f-463b-ac60-5d48c1ca560e/status in 44ms
2026-05-05 02:55:48.523 [eventLoopGroupProxy-4-3] INFO  Application - [32m200 OK[m: [36mGET[m - /api/v1/internal/orders in 7ms
2026-05-05 02:55:49.562 [eventLoopGroupProxy-4-4] INFO  Application - [32m200 OK[m: [36mGET[m - /api/v1/internal/orders in 78ms
2026-05-05 02:55:50.115 [eventLoopGroupProxy-4-5] INFO  Application - [32m200 OK[m: [36mGET[m - /api/v1/internal/orders in 21ms
2026-05-05 02:55:52.845 [eventLoopGroupProxy-4-6] INFO  Application - [32m200 OK[m: [36mGET[m - /api/v1/internal/orders in 95ms
2026-05-05 02:55:53.300 [eventLoopGroupProxy-4-7] INFO  Application - [32m200 OK[m: [36mGET[m - /api/v1/internal/orders in 6ms
2026-05-05 02:55:53.736 [eventLoopGroupProxy-4-9] INFO  Application - [32m200 OK[m: [36mGET[m - /api/v1/internal/orders in 4ms
2026-05-05 02:55:54.261 [eventLoopGroupProxy-4-10] INFO  Application - [32m200 OK[m: [36mGET[m - /api/v1/internal/orders in 9ms
2026-05-05 02:55:55.197 [eventLoopGroupProxy-4-11] INFO  Application - [32m200 OK[m: [36mGET[m - /api/v1/internal/orders in 88ms
2026-05-05 02:55:56.419 [eventLoopGroupProxy-4-12] INFO  Application - [32m200 OK[m: [36mGET[m - /api/v1/internal/orders in 77ms
2026-05-05 02:55:56.895 [eventLoopGroupProxy-4-1] INFO  Application - [32m200 OK[m: [36mGET[m - /api/v1/internal/orders in 74ms
2026-05-05 02:55:58.364 [eventLoopGroupProxy-4-3] INFO  Application - [32m200 OK[m: [36mGET[m - /api/v1/internal/orders in 55ms
2026-05-05 02:55:58.699 [eventLoopGroupProxy-4-4] INFO  Application - [32m200 OK[m: [36mGET[m - /api/v1/internal/orders in 6ms
2026-05-05 02:55:59.173 [eventLoopGroupProxy-4-5] INFO  Application - [32m200 OK[m: [36mGET[m - /api/v1/internal/orders in 7ms
2026-05-05 02:55:59.628 [eventLoopGroupProxy-4-6] INFO  Application - [32m200 OK[m: [36mGET[m - /api/v1/internal/orders in 62ms
2026-05-05 02:56:00.648 [eventLoopGroupProxy-4-7] INFO  Application - [32m200 OK[m: [36mGET[m - /api/v1/internal/orders in 10ms
2026-05-05 02:56:01.042 [eventLoopGroupProxy-4-8] INFO  Application - [32m200 OK[m: [36mGET[m - /api/v1/internal/orders in 5ms
2026-05-05 02:56:01.429 [eventLoopGroupProxy-4-9] INFO  Application - [32m200 OK[m: [36mGET[m - /api/v1/internal/orders in 8ms
2026-05-05 02:56:02.453 [eventLoopGroupProxy-4-10] INFO  Application - [32m200 OK[m: [36mGET[m - /api/v1/internal/orders in 7ms
2026-05-05 02:56:02.998 [eventLoopGroupProxy-4-11] INFO  Application - [32m200 OK[m: [36mGET[m - /api/v1/internal/orders in 7ms
2026-05-05 02:56:04.143 [eventLoopGroupProxy-4-2] INFO  Application - Desktop/Internal products response: shopId=default-store, page=1, limit=200, returned=14
2026-05-05 02:56:04.146 [eventLoopGroupProxy-4-2] INFO  Application - [32m200 OK[m: [36mGET[m - /api/v1/internal/products in 29ms
2026-05-05 02:56:05.765 [eventLoopGroupProxy-4-4] INFO  Application - Desktop/Internal products response: shopId=default-store, page=1, limit=200, returned=14
2026-05-05 02:56:05.767 [eventLoopGroupProxy-4-4] INFO  Application - [32m200 OK[m: [36mGET[m - /api/v1/internal/products in 27ms
2026-05-05 03:29:04.379 [eventLoopGroupProxy-4-9] INFO  Application - [32m200 OK[m: [36mGET[m - /api/v1/products/flash-sale in 126ms
2026-05-05 03:29:04.386 [eventLoopGroupProxy-4-8] INFO  Application - [32m200 OK[m: [36mGET[m - /api/v1/products/best-sellers in 133ms
2026-05-05 03:29:26.906 [eventLoopGroupProxy-4-7] INFO  Application - [32m200 OK[m: [36mGET[m - /api/v1/products/prod-001 in 34ms
2026-05-05 03:29:26.950 [eventLoopGroupProxy-4-5] INFO  Application - [32m200 OK[m: [36mGET[m - /api/v1/products/prod-001/reviews in 14ms
2026-05-05 03:29:34.990 [eventLoopGroupProxy-4-7] INFO  Application - [32m200 OK[m: [36mGET[m - /api/v1/products/b065b23f-acef-4bee-bd21-11e1d833ecc7 in 98ms
2026-05-05 03:29:35.028 [eventLoopGroupProxy-4-5] INFO  Application - [32m200 OK[m: [36mGET[m - /api/v1/products/b065b23f-acef-4bee-bd21-11e1d833ecc7/reviews in 8ms
2026-05-05 03:29:39.563 [eventLoopGroupProxy-4-5] INFO  Application - [32m200 OK[m: [36mGET[m - /api/v1/products/00698bf9-2550-4d91-809c-ebe2e9bbef76 in 24ms
2026-05-05 03:29:39.604 [eventLoopGroupProxy-4-5] INFO  Application - [32m200 OK[m: [36mGET[m - /api/v1/products/00698bf9-2550-4d91-809c-ebe2e9bbef76/reviews in 4ms
2026-05-05 03:29:55.813 [eventLoopGroupProxy-4-5] INFO  Application - Desktop/Public products request: category=cat-needle,cat-syringe, brand=ALL, page=1, limit=20, returned=3
2026-05-05 03:29:55.826 [eventLoopGroupProxy-4-5] INFO  Application - [32m200 OK[m: [36mGET[m - /api/v1/products in 52ms
2026-05-05 03:30:02.113 [eventLoopGroupProxy-4-5] INFO  Application - Desktop/Public products request: category=cat-syringe, brand=ALL, page=1, limit=20, returned=2
2026-05-05 03:30:02.113 [eventLoopGroupProxy-4-5] INFO  Application - [32m200 OK[m: [36mGET[m - /api/v1/products in 8ms
2026-05-05 03:30:10.426 [eventLoopGroupProxy-4-5] INFO  Application - Desktop/Public products request: category=cat-medical-tape, brand=ALL, page=1, limit=20, returned=0
2026-05-05 03:30:10.427 [eventLoopGroupProxy-4-5] INFO  Application - [32m200 OK[m: [36mGET[m - /api/v1/products in 7ms
2026-05-05 03:30:17.901 [eventLoopGroupProxy-4-5] INFO  Application - Desktop/Public products request: category=cat-blood-pressure,cat-monitor, brand=ALL, page=1, limit=20, returned=2
2026-05-05 03:30:17.902 [eventLoopGroupProxy-4-5] INFO  Application - [32m200 OK[m: [36mGET[m - /api/v1/products in 53ms
2026-05-05 03:30:19.870 [eventLoopGroupProxy-4-7] INFO  Application - [32m200 OK[m: [36mGET[m - /api/v1/products/c230993f-f654-40c3-9922-8d0ef620a744 in 32ms
2026-05-05 03:30:19.924 [eventLoopGroupProxy-4-5] INFO  Application - [32m200 OK[m: [36mGET[m - /api/v1/products/c230993f-f654-40c3-9922-8d0ef620a744/reviews in 21ms
2026-05-05 04:01:05.321 [main] INFO  Application - No ktor.deployment.watch patterns match classpath entries, automatic reload is not active
2026-05-05 04:01:05.904 [main] INFO  Application - Cloudinary initialized: cloud=dh3lcg95f
2026-05-05 04:01:07.491 [main] INFO  Exposed - Preparing create tables statements took 198ms
2026-05-05 04:01:07.526 [main] INFO  Exposed - Executing create tables statements took 30ms
2026-05-05 04:01:07.723 [main] INFO  Exposed - Extracting table columns took 197ms
2026-05-05 04:01:07.832 [main] INFO  Exposed - Extracting primary keys took 109ms
2026-05-05 04:01:07.951 [main] INFO  Exposed - Extracting column constraints took 79ms
2026-05-05 04:01:07.952 [main] INFO  Exposed - Preparing alter table statements took 426ms
2026-05-05 04:01:08.195 [main] INFO  Exposed - Executing alter table statements took 243ms
2026-05-05 04:01:08.586 [main] WARN  Exposed - List of excessive indices:
2026-05-05 04:01:08.586 [main] WARN  Exposed - 			'chat_sessions'.'' -> idx_chat_sessions_type, fk_chat_sessions_consultant__id
2026-05-05 04:01:08.587 [main] INFO  Exposed - SQL Queries to remove excessive indices:
2026-05-05 04:01:08.587 [main] INFO  Exposed - 			[ALTER TABLE chat_sessions DROP INDEX idx_chat_sessions_type];
2026-05-05 04:01:08.593 [main] INFO  Exposed - Index on table 'users' differs only in name: in db uq_users_phone -> in mapping users_phone_unique
2026-05-05 04:01:08.594 [main] INFO  Exposed - Index on table 'users' differs only in name: in db uq_users_email -> in mapping users_email_unique
2026-05-05 04:01:08.594 [main] INFO  Exposed - Index on table 'user_verification_tokens' differs only in name: in db idx_user_verification_tokens_hash -> in mapping user_verification_tokens_token_hash
2026-05-05 04:01:08.594 [main] INFO  Exposed - Index on table 'user_verification_tokens' differs only in name: in db idx_user_verification_tokens_user -> in mapping user_verification_tokens_user_id_purpose_expires_at
2026-05-05 04:01:08.596 [main] INFO  Exposed - Index on table 'employee_profiles' differs only in name: in db idx_employee_profiles_verified -> in mapping employee_profiles_qualification_verified
2026-05-05 04:01:08.596 [main] INFO  Exposed - Index on table 'products' differs only in name: in db uq_products_sku -> in mapping products_sku_unique
2026-05-05 04:01:08.596 [main] INFO  Exposed - Index on table 'products' differs only in name: in db uq_products_slug -> in mapping products_slug_unique
2026-05-05 04:01:08.596 [main] INFO  Exposed - Index on table 'product_certificates' differs only in name: in db idx_product_certificates_type -> in mapping product_certificates_file_type
2026-05-05 04:01:08.596 [main] INFO  Exposed - Index on table 'product_certificates' differs only in name: in db idx_product_certificates_active -> in mapping product_certificates_is_active
2026-05-05 04:01:08.596 [main] INFO  Exposed - Index on table 'orders' differs only in name: in db uq_order_code -> in mapping orders_order_code_unique
2026-05-05 04:01:08.596 [main] INFO  Exposed - Index on table 'coupons' differs only in name: in db uq_coupons_code -> in mapping coupons_code_unique
2026-05-05 04:01:08.597 [main] INFO  Exposed - Index on table 'reward_transactions' differs only in name: in db idx_reward_transactions_ref -> in mapping reward_transactions_ref_type_ref_id
2026-05-05 04:01:08.597 [main] INFO  Exposed - Index on table 'reward_products' differs only in name: in db idx_reward_products_category -> in mapping reward_products_category
2026-05-05 04:01:08.598 [main] INFO  Exposed - Index on table 'reward_products' differs only in name: in db idx_reward_products_active_cost -> in mapping reward_products_is_active_point_cost
2026-05-05 04:01:08.598 [main] INFO  Exposed - Index on table 'reward_redemptions' differs only in name: in db idx_reward_redemptions_status -> in mapping reward_redemptions_status
2026-05-05 04:01:08.599 [main] INFO  Exposed - Index on table 'reviews' differs only in name: in db uq_reviews_user_order_product -> in mapping reviews_user_id_order_id_product_id_unique
2026-05-05 04:01:08.600 [main] INFO  Exposed - Index on table 'reviews' differs only in name: in db idx_reviews_created_at -> in mapping reviews_created_at
2026-05-05 04:01:08.600 [main] INFO  Exposed - Index on table 'reviews' differs only in name: in db idx_reviews_product_status -> in mapping reviews_product_id_status
2026-05-05 04:01:08.600 [main] INFO  Exposed - Index on table 'review_reports' differs only in name: in db idx_review_reports_status -> in mapping review_reports_status
2026-05-05 04:01:08.600 [main] INFO  Exposed - Index on table 'review_reports' differs only in name: in db uq_review_report_once -> in mapping review_reports_review_id_reporter_user_id_unique
2026-05-05 04:01:08.601 [main] INFO  Exposed - Index on table 'order_complaints' differs only in name: in db idx_order_complaints_status -> in mapping order_complaints_status
2026-05-05 04:01:08.601 [main] INFO  Exposed - Index on table 'order_complaints' differs only in name: in db idx_order_complaints_refund_status -> in mapping order_complaints_refund_status
2026-05-05 04:01:08.601 [main] INFO  Exposed - Index on table 'order_complaints' differs only in name: in db uq_order_complaints_code -> in mapping order_complaints_complaint_code_unique
2026-05-05 04:01:08.602 [main] WARN  Exposed - Indices exist in database and not mapped in code on class 'payments':
		Index 'idx_payments_status' for 'payments' on columns com.example.nhathuoc.database.tables.PaymentsTable.status
		Index 'idx_payments_transaction_id' for 'payments' on columns com.example.nhathuoc.database.tables.PaymentsTable.transaction_id
		Index 'idx_payments_method' for 'payments' on columns com.example.nhathuoc.database.tables.PaymentsTable.method
		Index 'fk_payments_payment_method_id__id' for 'payments' on columns 
2026-05-05 04:01:08.602 [main] WARN  Exposed - Indices exist in database and not mapped in code on class 'chat_messages':
		Index 'idx_messages_sender_type' for 'chat_messages' on columns 
2026-05-05 04:01:08.602 [main] WARN  Exposed - Indices exist in database and not mapped in code on class 'chat_sessions':
		Index 'fk_chat_sessions_consultant__id' for 'chat_sessions' on columns 
		Index 'idx_chat_sessions_type' for 'chat_sessions' on columns 
2026-05-05 04:01:08.603 [main] WARN  Exposed - Indices exist in database and not mapped in code on class 'products':
		Index 'idx_products_exp_date' for 'products' on columns com.example.nhathuoc.database.tables.ProductsTable.exp_date
		Index 'idx_products_risk_classification' for 'products' on columns com.example.nhathuoc.database.tables.ProductsTable.risk_classification
		Index 'idx_products_search' for 'products' on columns com.example.nhathuoc.database.tables.ProductsTable.name, com.example.nhathuoc.database.tables.ProductsTable.description, com.example.nhathuoc.database.tables.ProductsTable.brand
		Index 'idx_products_stock_exp' for 'products' on columns com.example.nhathuoc.database.tables.ProductsTable.stock, com.example.nhathuoc.database.tables.ProductsTable.exp_date
2026-05-05 04:01:08.603 [main] WARN  Exposed - Indices exist in database and not mapped in code on class 'coupons':
		Index 'idx_coupons_reward_template' for 'coupons' on columns com.example.nhathuoc.database.tables.CouponsTable.is_reward_voucher_template, com.example.nhathuoc.database.tables.CouponsTable.is_active
2026-05-05 04:01:08.603 [main] WARN  Exposed - Indices exist in database and not mapped in code on class 'categories':
		Unique Index 'uq_categories_slug' for 'categories' on columns com.example.nhathuoc.database.tables.CategoriesTable.slug
2026-05-05 04:01:08.603 [main] WARN  Exposed - Indices exist in database and not mapped in code on class 'banners':
		Index 'idx_banners_active' for 'banners' on columns com.example.nhathuoc.database.tables.BannersTable.is_active
		Index 'idx_banners_active_date' for 'banners' on columns com.example.nhathuoc.database.tables.BannersTable.is_active, com.example.nhathuoc.database.tables.BannersTable.start_dt, com.example.nhathuoc.database.tables.BannersTable.end_dt
2026-05-05 04:01:08.603 [main] WARN  Exposed - Indices exist in database and not mapped in code on class 'reward_redemptions':
		Unique Index 'uq_reward_redemptions_issued_voucher_code' for 'reward_redemptions' on columns com.example.nhathuoc.database.tables.RewardRedemptionsTable.issued_voucher_code
2026-05-05 04:01:08.603 [main] WARN  Exposed - Indices exist in database and not mapped in code on class 'reward_products':
		Index 'idx_reward_products_type' for 'reward_products' on columns com.example.nhathuoc.database.tables.RewardProductsTable.reward_type
2026-05-05 04:01:08.603 [main] WARN  Exposed - Indices exist in database and not mapped in code on class 'orders':
		Index 'idx_orders_channel' for 'orders' on columns com.example.nhathuoc.database.tables.OrdersTable.order_channel
		Index 'idx_orders_status' for 'orders' on columns com.example.nhathuoc.database.tables.OrdersTable.status
		Index 'fk_orders_branch_id__id' for 'orders' on columns com.example.nhathuoc.database.tables.OrdersTable.branch_id
		Index 'idx_orders_payment_status' for 'orders' on columns com.example.nhathuoc.database.tables.OrdersTable.payment_status
2026-05-05 04:01:08.604 [main] WARN  Exposed - Indices exist in database and not mapped in code on class 'notifications':
		Index 'idx_notifications_type' for 'notifications' on columns com.example.nhathuoc.database.tables.NotificationsTable.type
		Index 'idx_notifications_is_read' for 'notifications' on columns com.example.nhathuoc.database.tables.NotificationsTable.is_read
2026-05-05 04:01:08.605 [main] INFO  Exposed - Checking mapping consistence took 410ms
2026-05-05 04:01:08.662 [main] INFO  Application - Database connected and tables created.
2026-05-05 04:01:11.880 [main] INFO  Application - Application started in 8.42 seconds.
2026-05-05 04:01:12.451 [main] INFO  Application - Responding at http://127.0.0.1:8080
2026-05-05 04:01:47.299 [eventLoopGroupProxy-4-1] INFO  Application - Desktop/Auth login attempt: credential=Admin@medstore.vn
2026-05-05 04:01:47.647 [eventLoopGroupProxy-4-1] INFO  Application - Desktop/Auth login success: userId=u-admin-001, role=ADMIN
2026-05-05 04:01:48.060 [eventLoopGroupProxy-4-1] INFO  Application - [32m200 OK[m: [36mPOST[m - /api/v1/auth/login in 876ms
2026-05-05 04:01:48.188 [eventLoopGroupProxy-4-2] INFO  Application - [32m200 OK[m: [36mGET[m - /api/v1/internal/dashboard in 131ms
2026-05-05 04:01:50.402 [eventLoopGroupProxy-4-4] INFO  Application - Desktop/Internal products response: shopId=default-store, page=1, limit=200, returned=14
2026-05-05 04:01:50.436 [eventLoopGroupProxy-4-4] INFO  Application - [32m200 OK[m: [36mGET[m - /api/v1/internal/products in 89ms
2026-05-05 04:01:58.548 [eventLoopGroupProxy-4-7] INFO  Application - [32m200 OK[m: [36mGET[m - /api/v1/internal/orders in 64ms
2026-05-05 04:01:59.524 [eventLoopGroupProxy-4-8] INFO  Application - [32m200 OK[m: [36mGET[m - /api/v1/internal/orders in 416ms
2026-05-05 04:02:01.253 [eventLoopGroupProxy-4-9] INFO  Application - Desktop/Internal products response: shopId=default-store, page=1, limit=200, returned=14
2026-05-05 04:02:01.256 [eventLoopGroupProxy-4-9] INFO  Application - [32m200 OK[m: [36mGET[m - /api/v1/internal/products in 62ms
2026-05-05 04:03:14.761 [eventLoopGroupProxy-4-7] INFO  Application - Desktop/Auth login attempt: credential=employee@medstore
2026-05-05 04:03:14.852 [eventLoopGroupProxy-4-7] INFO  Application - [31m404 Not Found[m: [36mPOST[m - /api/v1/auth/login in 93ms
2026-05-05 04:03:23.008 [eventLoopGroupProxy-4-8] INFO  Application - Desktop/Auth login attempt: credential=employee@medstore.vn
2026-05-05 04:03:23.298 [eventLoopGroupProxy-4-8] INFO  Application - [31m400 Bad Request[m: [36mPOST[m - /api/v1/auth/login in 292ms
2026-05-05 04:03:29.313 [eventLoopGroupProxy-4-9] INFO  Application - Desktop/Auth login attempt: credential=employee@medstore.vn
2026-05-05 04:03:29.722 [eventLoopGroupProxy-4-9] INFO  Application - Desktop/Auth login success: userId=u-employee-001, role=EMPLOYEE
2026-05-05 04:03:29.746 [eventLoopGroupProxy-4-9] INFO  Application - [32m200 OK[m: [36mPOST[m - /api/v1/auth/login in 444ms
2026-05-05 04:03:32.277 [eventLoopGroupProxy-4-10] INFO  Application - Desktop/Auth login attempt: credential=employee@medstore.vn
2026-05-05 04:03:32.750 [eventLoopGroupProxy-4-10] INFO  Application - Desktop/Auth login success: userId=u-employee-001, role=EMPLOYEE
2026-05-05 04:03:32.857 [eventLoopGroupProxy-4-10] INFO  Application - [32m200 OK[m: [36mPOST[m - /api/v1/auth/login in 581ms
2026-05-05 04:03:34.961 [eventLoopGroupProxy-4-11] INFO  Application - Desktop/Internal products response: shopId=default-store, page=1, limit=200, returned=14
2026-05-05 04:03:34.964 [eventLoopGroupProxy-4-11] INFO  Application - [32m200 OK[m: [36mGET[m - /api/v1/internal/products in 46ms
2026-05-05 04:03:52.186 [eventLoopGroupProxy-4-12] INFO  Application - [32m200 OK[m: [36mGET[m - /api/v1/products/flash-sale in 50ms
2026-05-05 04:03:52.188 [eventLoopGroupProxy-4-11] INFO  Application - [32m200 OK[m: [36mGET[m - /api/v1/products/best-sellers in 54ms
2026-05-05 04:04:22.913 [eventLoopGroupProxy-4-12] INFO  Application - Desktop/Auth login attempt: credential=fctxqs777@medstore.vn
2026-05-05 04:04:23.176 [eventLoopGroupProxy-4-12] INFO  Application - Desktop/Auth login success: userId=14016fe1-c8a9-4c3c-bccb-d6e6a47800af, role=USER
2026-05-05 04:04:23.194 [eventLoopGroupProxy-4-12] INFO  Application - [32m200 OK[m: [36mPOST[m - /api/v1/auth/login in 282ms
2026-05-05 04:04:23.407 [eventLoopGroupProxy-4-1] INFO  Application - [32m200 OK[m: [36mGET[m - /api/v1/products/flash-sale in 20ms
2026-05-05 04:04:23.417 [eventLoopGroupProxy-4-10] INFO  Application - [32m200 OK[m: [36mGET[m - /api/v1/products/best-sellers in 21ms
2026-05-05 04:04:40.061 [eventLoopGroupProxy-4-12] INFO  Application - [32m200 OK[m: [36mGET[m - /api/v1/products/2ee46c2d-66c1-4686-a07b-f14f63a48344 in 14ms
2026-05-05 04:04:40.119 [eventLoopGroupProxy-4-12] INFO  Application - [32m200 OK[m: [36mGET[m - /api/v1/products/2ee46c2d-66c1-4686-a07b-f14f63a48344/reviews in 13ms
2026-05-05 04:06:02.664 [eventLoopGroupProxy-4-6] INFO  Application - Desktop/Internal products response: shopId=default-store, page=1, limit=200, returned=14
2026-05-05 04:06:02.665 [eventLoopGroupProxy-4-6] INFO  Application - [32m200 OK[m: [36mGET[m - /api/v1/internal/products in 23ms
2026-05-05 04:06:04.793 [eventLoopGroupProxy-4-8] INFO  Application - Desktop/Internal products response: shopId=default-store, page=1, limit=200, returned=14
2026-05-05 04:06:04.795 [eventLoopGroupProxy-4-8] INFO  Application - [32m200 OK[m: [36mGET[m - /api/v1/internal/products in 39ms
2026-05-05 04:06:05.403 [eventLoopGroupProxy-4-9] INFO  Application - Desktop/Internal products response: shopId=default-store, page=1, limit=200, returned=14
2026-05-05 04:06:05.404 [eventLoopGroupProxy-4-9] INFO  Application - [32m200 OK[m: [36mGET[m - /api/v1/internal/products in 26ms
2026-05-05 19:11:43.957 [main] INFO  Application - No ktor.deployment.watch patterns match classpath entries, automatic reload is not active
2026-05-05 19:11:44.499 [main] INFO  Application - Cloudinary initialized: cloud=dh3lcg95f
2026-05-05 19:11:46.506 [main] INFO  Exposed - Preparing create tables statements took 322ms
2026-05-05 19:11:46.540 [main] INFO  Exposed - Executing create tables statements took 34ms
2026-05-05 19:11:46.834 [main] INFO  Exposed - Extracting table columns took 293ms
2026-05-05 19:11:46.975 [main] INFO  Exposed - Extracting primary keys took 141ms
2026-05-05 19:11:47.138 [main] INFO  Exposed - Extracting column constraints took 116ms
2026-05-05 19:11:47.139 [main] INFO  Exposed - Preparing alter table statements took 598ms
2026-05-05 19:11:47.626 [main] INFO  Exposed - Executing alter table statements took 487ms
2026-05-05 19:11:47.944 [main] WARN  Exposed - List of excessive indices:
2026-05-05 19:11:47.946 [main] WARN  Exposed - 			'chat_sessions'.'' -> idx_chat_sessions_type, fk_chat_sessions_consultant__id
2026-05-05 19:11:47.946 [main] INFO  Exposed - SQL Queries to remove excessive indices:
2026-05-05 19:11:47.947 [main] INFO  Exposed - 			[ALTER TABLE chat_sessions DROP INDEX idx_chat_sessions_type];
2026-05-05 19:11:47.955 [main] INFO  Exposed - Index on table 'users' differs only in name: in db uq_users_phone -> in mapping users_phone_unique
2026-05-05 19:11:47.955 [main] INFO  Exposed - Index on table 'users' differs only in name: in db uq_users_email -> in mapping users_email_unique
2026-05-05 19:11:47.956 [main] INFO  Exposed - Index on table 'user_verification_tokens' differs only in name: in db idx_user_verification_tokens_hash -> in mapping user_verification_tokens_token_hash
2026-05-05 19:11:47.956 [main] INFO  Exposed - Index on table 'user_verification_tokens' differs only in name: in db idx_user_verification_tokens_user -> in mapping user_verification_tokens_user_id_purpose_expires_at
2026-05-05 19:11:47.956 [main] INFO  Exposed - Index on table 'employee_profiles' differs only in name: in db idx_employee_profiles_verified -> in mapping employee_profiles_qualification_verified
2026-05-05 19:11:47.957 [main] INFO  Exposed - Index on table 'products' differs only in name: in db uq_products_sku -> in mapping products_sku_unique
2026-05-05 19:11:47.957 [main] INFO  Exposed - Index on table 'products' differs only in name: in db uq_products_slug -> in mapping products_slug_unique
2026-05-05 19:11:47.957 [main] INFO  Exposed - Index on table 'product_certificates' differs only in name: in db idx_product_certificates_type -> in mapping product_certificates_file_type
2026-05-05 19:11:47.957 [main] INFO  Exposed - Index on table 'product_certificates' differs only in name: in db idx_product_certificates_active -> in mapping product_certificates_is_active
2026-05-05 19:11:47.958 [main] INFO  Exposed - Index on table 'orders' differs only in name: in db uq_order_code -> in mapping orders_order_code_unique
2026-05-05 19:11:47.959 [main] INFO  Exposed - Index on table 'coupons' differs only in name: in db uq_coupons_code -> in mapping coupons_code_unique
2026-05-05 19:11:47.959 [main] INFO  Exposed - Index on table 'reward_transactions' differs only in name: in db idx_reward_transactions_ref -> in mapping reward_transactions_ref_type_ref_id
2026-05-05 19:11:47.960 [main] INFO  Exposed - Index on table 'reward_products' differs only in name: in db idx_reward_products_category -> in mapping reward_products_category
2026-05-05 19:11:47.960 [main] INFO  Exposed - Index on table 'reward_products' differs only in name: in db idx_reward_products_active_cost -> in mapping reward_products_is_active_point_cost
2026-05-05 19:11:47.960 [main] INFO  Exposed - Index on table 'reward_redemptions' differs only in name: in db idx_reward_redemptions_status -> in mapping reward_redemptions_status
2026-05-05 19:11:47.961 [main] INFO  Exposed - Index on table 'reviews' differs only in name: in db uq_reviews_user_order_product -> in mapping reviews_user_id_order_id_product_id_unique
2026-05-05 19:11:47.962 [main] INFO  Exposed - Index on table 'reviews' differs only in name: in db idx_reviews_created_at -> in mapping reviews_created_at
2026-05-05 19:11:47.962 [main] INFO  Exposed - Index on table 'reviews' differs only in name: in db idx_reviews_product_status -> in mapping reviews_product_id_status
2026-05-05 19:11:47.962 [main] INFO  Exposed - Index on table 'review_reports' differs only in name: in db idx_review_reports_status -> in mapping review_reports_status
2026-05-05 19:11:47.963 [main] INFO  Exposed - Index on table 'review_reports' differs only in name: in db uq_review_report_once -> in mapping review_reports_review_id_reporter_user_id_unique
2026-05-05 19:11:47.964 [main] INFO  Exposed - Index on table 'order_complaints' differs only in name: in db idx_order_complaints_status -> in mapping order_complaints_status
2026-05-05 19:11:47.964 [main] INFO  Exposed - Index on table 'order_complaints' differs only in name: in db idx_order_complaints_refund_status -> in mapping order_complaints_refund_status
2026-05-05 19:11:47.964 [main] INFO  Exposed - Index on table 'order_complaints' differs only in name: in db uq_order_complaints_code -> in mapping order_complaints_complaint_code_unique
2026-05-05 19:11:47.966 [main] WARN  Exposed - Indices exist in database and not mapped in code on class 'payments':
		Index 'idx_payments_status' for 'payments' on columns com.example.nhathuoc.database.tables.PaymentsTable.status
		Index 'idx_payments_transaction_id' for 'payments' on columns com.example.nhathuoc.database.tables.PaymentsTable.transaction_id
		Index 'idx_payments_method' for 'payments' on columns com.example.nhathuoc.database.tables.PaymentsTable.method
		Index 'fk_payments_payment_method_id__id' for 'payments' on columns 
2026-05-05 19:11:47.967 [main] WARN  Exposed - Indices exist in database and not mapped in code on class 'chat_messages':
		Index 'idx_messages_sender_type' for 'chat_messages' on columns 
2026-05-05 19:11:47.968 [main] WARN  Exposed - Indices exist in database and not mapped in code on class 'chat_sessions':
		Index 'fk_chat_sessions_consultant__id' for 'chat_sessions' on columns 
		Index 'idx_chat_sessions_type' for 'chat_sessions' on columns 
2026-05-05 19:11:47.970 [main] WARN  Exposed - Indices exist in database and not mapped in code on class 'products':
		Index 'idx_products_exp_date' for 'products' on columns com.example.nhathuoc.database.tables.ProductsTable.exp_date
		Index 'idx_products_risk_classification' for 'products' on columns com.example.nhathuoc.database.tables.ProductsTable.risk_classification
		Index 'idx_products_search' for 'products' on columns com.example.nhathuoc.database.tables.ProductsTable.name, com.example.nhathuoc.database.tables.ProductsTable.description, com.example.nhathuoc.database.tables.ProductsTable.brand
		Index 'idx_products_stock_exp' for 'products' on columns com.example.nhathuoc.database.tables.ProductsTable.stock, com.example.nhathuoc.database.tables.ProductsTable.exp_date
2026-05-05 19:11:47.971 [main] WARN  Exposed - Indices exist in database and not mapped in code on class 'coupons':
		Index 'idx_coupons_reward_template' for 'coupons' on columns com.example.nhathuoc.database.tables.CouponsTable.is_reward_voucher_template, com.example.nhathuoc.database.tables.CouponsTable.is_active
2026-05-05 19:11:47.972 [main] WARN  Exposed - Indices exist in database and not mapped in code on class 'categories':
		Unique Index 'uq_categories_slug' for 'categories' on columns com.example.nhathuoc.database.tables.CategoriesTable.slug
2026-05-05 19:11:47.972 [main] WARN  Exposed - Indices exist in database and not mapped in code on class 'banners':
		Index 'idx_banners_active' for 'banners' on columns com.example.nhathuoc.database.tables.BannersTable.is_active
		Index 'idx_banners_active_date' for 'banners' on columns com.example.nhathuoc.database.tables.BannersTable.is_active, com.example.nhathuoc.database.tables.BannersTable.start_dt, com.example.nhathuoc.database.tables.BannersTable.end_dt
2026-05-05 19:11:47.972 [main] WARN  Exposed - Indices exist in database and not mapped in code on class 'reward_redemptions':
		Unique Index 'uq_reward_redemptions_issued_voucher_code' for 'reward_redemptions' on columns com.example.nhathuoc.database.tables.RewardRedemptionsTable.issued_voucher_code
2026-05-05 19:11:47.972 [main] WARN  Exposed - Indices exist in database and not mapped in code on class 'reward_products':
		Index 'idx_reward_products_type' for 'reward_products' on columns com.example.nhathuoc.database.tables.RewardProductsTable.reward_type
2026-05-05 19:11:47.972 [main] WARN  Exposed - Indices exist in database and not mapped in code on class 'orders':
		Index 'idx_orders_channel' for 'orders' on columns com.example.nhathuoc.database.tables.OrdersTable.order_channel
		Index 'idx_orders_status' for 'orders' on columns com.example.nhathuoc.database.tables.OrdersTable.status
		Index 'fk_orders_branch_id__id' for 'orders' on columns com.example.nhathuoc.database.tables.OrdersTable.branch_id
		Index 'idx_orders_payment_status' for 'orders' on columns com.example.nhathuoc.database.tables.OrdersTable.payment_status
2026-05-05 19:11:47.972 [main] WARN  Exposed - Indices exist in database and not mapped in code on class 'notifications':
		Index 'idx_notifications_type' for 'notifications' on columns com.example.nhathuoc.database.tables.NotificationsTable.type
		Index 'idx_notifications_is_read' for 'notifications' on columns com.example.nhathuoc.database.tables.NotificationsTable.is_read
2026-05-05 19:11:47.974 [main] INFO  Exposed - Checking mapping consistence took 347ms
2026-05-05 19:11:48.070 [main] INFO  Application - Database connected and tables created.
2026-05-05 19:11:50.231 [main] INFO  Application - Application started in 8.527 seconds.
2026-05-05 19:11:50.985 [main] INFO  Application - Responding at http://127.0.0.1:8080
2026-05-05 19:12:29.555 [eventLoopGroupProxy-4-1] INFO  Application - Desktop/Auth login attempt: credential=admin@medstore.vn
2026-05-05 19:12:30.036 [eventLoopGroupProxy-4-1] INFO  Application - Desktop/Auth login success: userId=u-admin-001, role=ADMIN
2026-05-05 19:12:31.226 [eventLoopGroupProxy-4-1] INFO  Application - [32m200 OK[m: [36mPOST[m - /api/v1/auth/login in 2166ms
2026-05-05 19:12:32.790 [eventLoopGroupProxy-4-2] INFO  Application - [32m200 OK[m: [36mGET[m - /api/v1/internal/dashboard in 820ms
2026-05-05 19:12:39.512 [eventLoopGroupProxy-4-5] INFO  Application - [32m200 OK[m: [36mGET[m - /api/v1/internal/orders in 221ms
2026-05-05 19:12:42.676 [eventLoopGroupProxy-4-7] INFO  Application - [32m200 OK[m: [36mGET[m - /api/v1/internal/orders/0a085da7-5452-4993-889d-dff5eb16be26 in 400ms
2026-05-05 19:12:44.469 [eventLoopGroupProxy-4-8] INFO  Application - [32m200 OK[m: [36mPOST[m - /api/v1/internal/orders/0a085da7-5452-4993-889d-dff5eb16be26/status in 372ms
2026-05-05 19:12:45.934 [eventLoopGroupProxy-4-10] INFO  Application - [32m200 OK[m: [36mPOST[m - /api/v1/internal/orders/0a085da7-5452-4993-889d-dff5eb16be26/status in 73ms
2026-05-05 19:12:47.873 [eventLoopGroupProxy-4-1] INFO  Application - Desktop/Internal products response: shopId=default-store, page=1, limit=200, returned=14
2026-05-05 19:12:47.925 [eventLoopGroupProxy-4-1] INFO  Application - [32m200 OK[m: [36mGET[m - /api/v1/internal/products in 177ms
2026-05-05 19:13:44.332 [eventLoopGroupProxy-4-5] INFO  Application - [31m401 Unauthorized[m: [36mGET[m - /api/v1/internal/dashboard in 5ms
2026-05-05 19:14:02.738 [eventLoopGroupProxy-4-6] INFO  Application - Desktop/Auth login attempt: credential=admin@medstore.vn
2026-05-05 19:14:02.998 [eventLoopGroupProxy-4-6] INFO  Application - Desktop/Auth login success: userId=u-admin-001, role=ADMIN
2026-05-05 19:14:03.025 [eventLoopGroupProxy-4-6] INFO  Application - [32m200 OK[m: [36mPOST[m - /api/v1/auth/login in 287ms
2026-05-05 19:14:03.231 [eventLoopGroupProxy-4-7] INFO  Application - [32m200 OK[m: [36mGET[m - /api/v1/internal/dashboard in 25ms
2026-05-05 19:15:54.801 [eventLoopGroupProxy-4-1] INFO  Application - [31m401 Unauthorized[m: [36mGET[m - /api/v1/internal/dashboard in 2ms
2026-05-05 19:16:24.476 [eventLoopGroupProxy-4-2] INFO  Application - Desktop/Auth login attempt: credential=employee@medstore.vn
2026-05-05 19:16:24.734 [eventLoopGroupProxy-4-2] INFO  Application - Desktop/Auth login success: userId=u-employee-001, role=EMPLOYEE
2026-05-05 19:16:24.751 [eventLoopGroupProxy-4-2] INFO  Application - [32m200 OK[m: [36mPOST[m - /api/v1/auth/login in 275ms
2026-05-05 19:16:27.268 [eventLoopGroupProxy-4-3] INFO  Application - Desktop/Auth login attempt: credential=employee@medstore.vn
2026-05-05 19:16:27.524 [eventLoopGroupProxy-4-3] INFO  Application - Desktop/Auth login success: userId=u-employee-001, role=EMPLOYEE
2026-05-05 19:16:27.550 [eventLoopGroupProxy-4-3] INFO  Application - [32m200 OK[m: [36mPOST[m - /api/v1/auth/login in 282ms
2026-05-05 19:16:31.208 [eventLoopGroupProxy-4-6] INFO  Application - Desktop/Internal products response: shopId=default-store, page=1, limit=200, returned=14
2026-05-05 19:16:31.208 [eventLoopGroupProxy-4-6] INFO  Application - [32m200 OK[m: [36mGET[m - /api/v1/internal/products in 28ms
2026-05-05 19:16:36.277 [eventLoopGroupProxy-4-8] INFO  Application - [32m200 OK[m: [36mGET[m - /api/v1/internal/orders in 88ms
2026-05-05 19:16:36.943 [eventLoopGroupProxy-4-9] INFO  Application - [32m200 OK[m: [36mGET[m - /api/v1/internal/orders in 75ms
2026-05-05 19:16:39.288 [eventLoopGroupProxy-4-10] INFO  Application - Desktop/Internal products response: shopId=default-store, page=1, limit=200, returned=14
2026-05-05 19:16:39.294 [eventLoopGroupProxy-4-10] INFO  Application - [32m200 OK[m: [36mGET[m - /api/v1/internal/products in 26ms
2026-05-05 19:16:42.348 [eventLoopGroupProxy-4-2] INFO  Application - Desktop/Internal products response: shopId=default-store, page=1, limit=200, returned=14
2026-05-05 19:16:42.357 [eventLoopGroupProxy-4-2] INFO  Application - [32m200 OK[m: [36mGET[m - /api/v1/internal/products in 29ms
2026-05-05 19:16:44.243 [eventLoopGroupProxy-4-3] INFO  Application - Desktop/Internal products response: shopId=default-store, page=1, limit=200, returned=14
2026-05-05 19:16:44.247 [eventLoopGroupProxy-4-3] INFO  Application - [32m200 OK[m: [36mGET[m - /api/v1/internal/products in 26ms
2026-05-05 19:16:54.983 [eventLoopGroupProxy-4-7] INFO  Application - Desktop/Internal products response: shopId=default-store, page=1, limit=200, returned=14
2026-05-05 19:16:54.985 [eventLoopGroupProxy-4-7] INFO  Application - [32m200 OK[m: [36mGET[m - /api/v1/internal/products in 29ms
2026-05-05 23:32:25.964 [main] INFO  Application - No ktor.deployment.watch patterns match classpath entries, automatic reload is not active
2026-05-05 23:32:26.318 [main] INFO  Application - Cloudinary initialized: cloud=dh3lcg95f
2026-05-05 23:32:28.287 [main] INFO  Exposed - Preparing create tables statements took 245ms
2026-05-05 23:32:28.480 [main] INFO  Exposed - Executing create tables statements took 193ms
2026-05-05 23:32:28.744 [main] INFO  Exposed - Extracting table columns took 264ms
2026-05-05 23:32:28.857 [main] INFO  Exposed - Extracting primary keys took 113ms
2026-05-05 23:32:29.051 [main] INFO  Exposed - Extracting column constraints took 148ms
2026-05-05 23:32:29.051 [main] INFO  Exposed - Preparing alter table statements took 571ms
2026-05-05 23:32:29.537 [main] INFO  Exposed - Executing alter table statements took 486ms
2026-05-05 23:32:29.752 [main] WARN  Exposed - List of excessive indices:
2026-05-05 23:32:29.754 [main] WARN  Exposed - 			'chat_sessions'.'' -> idx_chat_sessions_type, fk_chat_sessions_consultant__id
2026-05-05 23:32:29.754 [main] INFO  Exposed - SQL Queries to remove excessive indices:
2026-05-05 23:32:29.754 [main] INFO  Exposed - 			[ALTER TABLE chat_sessions DROP INDEX idx_chat_sessions_type];
2026-05-05 23:32:29.760 [main] INFO  Exposed - Index on table 'users' differs only in name: in db uq_users_phone -> in mapping users_phone_unique
2026-05-05 23:32:29.760 [main] INFO  Exposed - Index on table 'users' differs only in name: in db uq_users_email -> in mapping users_email_unique
2026-05-05 23:32:29.760 [main] INFO  Exposed - Index on table 'user_verification_tokens' differs only in name: in db idx_user_verification_tokens_hash -> in mapping user_verification_tokens_token_hash
2026-05-05 23:32:29.760 [main] INFO  Exposed - Index on table 'user_verification_tokens' differs only in name: in db idx_user_verification_tokens_user -> in mapping user_verification_tokens_user_id_purpose_expires_at
2026-05-05 23:32:29.760 [main] INFO  Exposed - Index on table 'employee_profiles' differs only in name: in db idx_employee_profiles_verified -> in mapping employee_profiles_qualification_verified
2026-05-05 23:32:29.761 [main] INFO  Exposed - Index on table 'products' differs only in name: in db uq_products_sku -> in mapping products_sku_unique
2026-05-05 23:32:29.761 [main] INFO  Exposed - Index on table 'products' differs only in name: in db uq_products_slug -> in mapping products_slug_unique
2026-05-05 23:32:29.761 [main] INFO  Exposed - Index on table 'product_certificates' differs only in name: in db idx_product_certificates_type -> in mapping product_certificates_file_type
2026-05-05 23:32:29.761 [main] INFO  Exposed - Index on table 'product_certificates' differs only in name: in db idx_product_certificates_active -> in mapping product_certificates_is_active
2026-05-05 23:32:29.761 [main] INFO  Exposed - Index on table 'orders' differs only in name: in db uq_order_code -> in mapping orders_order_code_unique
2026-05-05 23:32:29.761 [main] INFO  Exposed - Index on table 'coupons' differs only in name: in db uq_coupons_code -> in mapping coupons_code_unique
2026-05-05 23:32:29.761 [main] INFO  Exposed - Index on table 'reward_transactions' differs only in name: in db idx_reward_transactions_ref -> in mapping reward_transactions_ref_type_ref_id
2026-05-05 23:32:29.761 [main] INFO  Exposed - Index on table 'reward_products' differs only in name: in db idx_reward_products_category -> in mapping reward_products_category
2026-05-05 23:32:29.761 [main] INFO  Exposed - Index on table 'reward_products' differs only in name: in db idx_reward_products_active_cost -> in mapping reward_products_is_active_point_cost
2026-05-05 23:32:29.761 [main] INFO  Exposed - Index on table 'reward_redemptions' differs only in name: in db idx_reward_redemptions_status -> in mapping reward_redemptions_status
2026-05-05 23:32:29.761 [main] INFO  Exposed - Index on table 'reviews' differs only in name: in db uq_reviews_user_order_product -> in mapping reviews_user_id_order_id_product_id_unique
2026-05-05 23:32:29.761 [main] INFO  Exposed - Index on table 'reviews' differs only in name: in db idx_reviews_created_at -> in mapping reviews_created_at
2026-05-05 23:32:29.761 [main] INFO  Exposed - Index on table 'reviews' differs only in name: in db idx_reviews_product_status -> in mapping reviews_product_id_status
2026-05-05 23:32:29.761 [main] INFO  Exposed - Index on table 'review_reports' differs only in name: in db idx_review_reports_status -> in mapping review_reports_status
2026-05-05 23:32:29.761 [main] INFO  Exposed - Index on table 'review_reports' differs only in name: in db uq_review_report_once -> in mapping review_reports_review_id_reporter_user_id_unique
2026-05-05 23:32:29.764 [main] INFO  Exposed - Index on table 'order_complaints' differs only in name: in db idx_order_complaints_status -> in mapping order_complaints_status
2026-05-05 23:32:29.764 [main] INFO  Exposed - Index on table 'order_complaints' differs only in name: in db idx_order_complaints_refund_status -> in mapping order_complaints_refund_status
2026-05-05 23:32:29.764 [main] INFO  Exposed - Index on table 'order_complaints' differs only in name: in db uq_order_complaints_code -> in mapping order_complaints_complaint_code_unique
2026-05-05 23:32:29.766 [main] WARN  Exposed - Indices exist in database and not mapped in code on class 'payments':
		Index 'idx_payments_status' for 'payments' on columns com.example.nhathuoc.database.tables.PaymentsTable.status
		Index 'idx_payments_transaction_id' for 'payments' on columns com.example.nhathuoc.database.tables.PaymentsTable.transaction_id
		Index 'idx_payments_method' for 'payments' on columns com.example.nhathuoc.database.tables.PaymentsTable.method
		Index 'fk_payments_payment_method_id__id' for 'payments' on columns 
2026-05-05 23:32:29.768 [main] WARN  Exposed - Indices exist in database and not mapped in code on class 'chat_messages':
		Index 'idx_messages_sender_type' for 'chat_messages' on columns 
2026-05-05 23:32:29.768 [main] WARN  Exposed - Indices exist in database and not mapped in code on class 'chat_sessions':
		Index 'fk_chat_sessions_consultant__id' for 'chat_sessions' on columns 
		Index 'idx_chat_sessions_type' for 'chat_sessions' on columns 
2026-05-05 23:32:29.768 [main] WARN  Exposed - Indices exist in database and not mapped in code on class 'products':
		Index 'idx_products_exp_date' for 'products' on columns com.example.nhathuoc.database.tables.ProductsTable.exp_date
		Index 'idx_products_risk_classification' for 'products' on columns com.example.nhathuoc.database.tables.ProductsTable.risk_classification
		Index 'idx_products_search' for 'products' on columns com.example.nhathuoc.database.tables.ProductsTable.name, com.example.nhathuoc.database.tables.ProductsTable.description, com.example.nhathuoc.database.tables.ProductsTable.brand
		Index 'idx_products_stock_exp' for 'products' on columns com.example.nhathuoc.database.tables.ProductsTable.stock, com.example.nhathuoc.database.tables.ProductsTable.exp_date
2026-05-05 23:32:29.768 [main] WARN  Exposed - Indices exist in database and not mapped in code on class 'coupons':
		Index 'idx_coupons_reward_template' for 'coupons' on columns com.example.nhathuoc.database.tables.CouponsTable.is_reward_voucher_template, com.example.nhathuoc.database.tables.CouponsTable.is_active
2026-05-05 23:32:29.768 [main] WARN  Exposed - Indices exist in database and not mapped in code on class 'categories':
		Unique Index 'uq_categories_slug' for 'categories' on columns com.example.nhathuoc.database.tables.CategoriesTable.slug
2026-05-05 23:32:29.768 [main] WARN  Exposed - Indices exist in database and not mapped in code on class 'banners':
		Index 'idx_banners_active' for 'banners' on columns com.example.nhathuoc.database.tables.BannersTable.is_active
		Index 'idx_banners_active_date' for 'banners' on columns com.example.nhathuoc.database.tables.BannersTable.is_active, com.example.nhathuoc.database.tables.BannersTable.start_dt, com.example.nhathuoc.database.tables.BannersTable.end_dt
2026-05-05 23:32:29.768 [main] WARN  Exposed - Indices exist in database and not mapped in code on class 'reward_redemptions':
		Unique Index 'uq_reward_redemptions_issued_voucher_code' for 'reward_redemptions' on columns com.example.nhathuoc.database.tables.RewardRedemptionsTable.issued_voucher_code
2026-05-05 23:32:29.768 [main] WARN  Exposed - Indices exist in database and not mapped in code on class 'reward_products':
		Index 'idx_reward_products_type' for 'reward_products' on columns com.example.nhathuoc.database.tables.RewardProductsTable.reward_type
2026-05-05 23:32:29.768 [main] WARN  Exposed - Indices exist in database and not mapped in code on class 'orders':
		Index 'idx_orders_channel' for 'orders' on columns com.example.nhathuoc.database.tables.OrdersTable.order_channel
		Index 'idx_orders_status' for 'orders' on columns com.example.nhathuoc.database.tables.OrdersTable.status
		Index 'fk_orders_branch_id__id' for 'orders' on columns com.example.nhathuoc.database.tables.OrdersTable.branch_id
		Index 'idx_orders_payment_status' for 'orders' on columns com.example.nhathuoc.database.tables.OrdersTable.payment_status
2026-05-05 23:32:29.768 [main] WARN  Exposed - Indices exist in database and not mapped in code on class 'notifications':
		Index 'idx_notifications_type' for 'notifications' on columns com.example.nhathuoc.database.tables.NotificationsTable.type
		Index 'idx_notifications_is_read' for 'notifications' on columns com.example.nhathuoc.database.tables.NotificationsTable.is_read
2026-05-05 23:32:29.773 [main] INFO  Exposed - Checking mapping consistence took 234ms
2026-05-05 23:32:29.831 [main] INFO  Application - Database connected and tables created.
2026-05-05 23:32:32.997 [main] INFO  Application - Application started in 9.117 seconds.
2026-05-05 23:32:34.117 [main] INFO  Application - Responding at http://127.0.0.1:8080
2026-05-05 23:36:02.821 [eventLoopGroupProxy-4-1] INFO  Application - [31m401 Unauthorized[m: [36mGET[m - /api/v1/internal/dashboard in 599ms
2026-05-05 23:38:16.063 [eventLoopGroupProxy-4-2] INFO  Application - Desktop/Auth login attempt: credential=admin@medstore.vn
2026-05-05 23:38:17.044 [eventLoopGroupProxy-4-2] INFO  Application - Desktop/Auth login success: userId=u-admin-001, role=ADMIN
2026-05-05 23:38:17.465 [eventLoopGroupProxy-4-2] INFO  Application - [32m200 OK[m: [36mPOST[m - /api/v1/auth/login in 1865ms
2026-05-05 23:38:18.874 [eventLoopGroupProxy-4-4] INFO  Application - [32m200 OK[m: [36mGET[m - /api/v1/internal/dashboard in 560ms
2026-05-05 23:38:24.219 [eventLoopGroupProxy-4-6] INFO  Application - Desktop/Internal products response: shopId=default-store, page=1, limit=200, returned=14
2026-05-05 23:38:24.284 [eventLoopGroupProxy-4-6] INFO  Application - [32m200 OK[m: [36mGET[m - /api/v1/internal/products in 188ms
2026-05-05 23:38:28.333 [eventLoopGroupProxy-4-8] INFO  Application - [32m200 OK[m: [36mGET[m - /api/v1/internal/orders in 979ms
2026-05-05 23:38:30.122 [eventLoopGroupProxy-4-9] INFO  Application - Desktop/Internal products response: shopId=default-store, page=1, limit=200, returned=14
2026-05-05 23:38:30.134 [eventLoopGroupProxy-4-9] INFO  Application - [32m200 OK[m: [36mGET[m - /api/v1/internal/products in 136ms
2026-05-05 23:38:33.630 [eventLoopGroupProxy-4-7] INFO  Application - Desktop/Internal products response: shopId=default-store, page=1, limit=200, returned=14
2026-05-05 23:38:33.635 [eventLoopGroupProxy-4-7] INFO  Application - [32m200 OK[m: [36mGET[m - /api/v1/internal/products in 231ms
2026-05-05 23:39:31.599 [eventLoopGroupProxy-4-10] INFO  Application - [32m200 OK[m: [36mGET[m - /api/v1/products/flash-sale in 97ms
2026-05-05 23:39:31.606 [eventLoopGroupProxy-4-12] INFO  Application - [32m200 OK[m: [36mGET[m - /api/v1/products/best-sellers in 89ms
2026-05-05 23:43:05.921 [eventLoopGroupProxy-4-9] INFO  Application - Desktop/Auth login attempt: credential=fctxqs777@gmail.com
2026-05-05 23:43:05.941 [eventLoopGroupProxy-4-9] INFO  Application - [31m404 Not Found[m: [36mPOST[m - /api/v1/auth/login in 25ms
2026-05-05 23:43:23.235 [eventLoopGroupProxy-4-9] INFO  Application - Desktop/Auth login attempt: credential=fctxqs777@medstore.vn
2026-05-05 23:43:23.501 [eventLoopGroupProxy-4-9] INFO  Application - Desktop/Auth login success: userId=14016fe1-c8a9-4c3c-bccb-d6e6a47800af, role=USER
2026-05-05 23:43:23.513 [eventLoopGroupProxy-4-9] INFO  Application - [32m200 OK[m: [36mPOST[m - /api/v1/auth/login in 280ms
2026-05-05 23:43:23.711 [eventLoopGroupProxy-4-10] INFO  Application - [32m200 OK[m: [36mGET[m - /api/v1/products/flash-sale in 20ms
2026-05-05 23:43:23.711 [eventLoopGroupProxy-4-12] INFO  Application - [32m200 OK[m: [36mGET[m - /api/v1/products/best-sellers in 20ms
2026-05-05 23:43:35.141 [eventLoopGroupProxy-4-9] INFO  Application - [32m200 OK[m: [36mGET[m - /api/v1/products/2ee46c2d-66c1-4686-a07b-f14f63a48344 in 28ms
2026-05-05 23:43:35.188 [eventLoopGroupProxy-4-9] INFO  Application - [32m200 OK[m: [36mGET[m - /api/v1/products/2ee46c2d-66c1-4686-a07b-f14f63a48344/reviews in 25ms
2026-05-05 23:43:48.052 [eventLoopGroupProxy-4-9] INFO  Application - [32m200 OK[m: [36mGET[m - /api/v1/products/c230993f-f654-40c3-9922-8d0ef620a744 in 6ms
2026-05-05 23:43:48.086 [eventLoopGroupProxy-4-9] INFO  Application - [32m200 OK[m: [36mGET[m - /api/v1/products/c230993f-f654-40c3-9922-8d0ef620a744/reviews in 0ms
