2026-04-16 12:45:36.817 [main] INFO  Application - No ktor.deployment.watch patterns match classpath entries, automatic reload is not active
2026-04-16 12:45:37.663 [main] INFO  Application - Cloudinary initialized: cloud=dh3lcg95f
2026-04-16 12:45:40.776 [main] INFO  Exposed - Preparing create tables statements took 207ms
2026-04-16 12:45:40.806 [main] INFO  Exposed - Executing create tables statements took 30ms
2026-04-16 12:45:41.099 [main] INFO  Exposed - Extracting table columns took 293ms
2026-04-16 12:45:41.233 [main] INFO  Exposed - Extracting primary keys took 134ms
2026-04-16 12:45:41.340 [main] INFO  Exposed - Extracting column constraints took 73ms
2026-04-16 12:45:41.343 [main] INFO  Exposed - Preparing alter table statements took 537ms
2026-04-16 12:45:41.738 [main] INFO  Exposed - Executing alter table statements took 393ms
2026-04-16 12:45:41.969 [main] WARN  Exposed - List of excessive indices:
2026-04-16 12:45:41.970 [main] WARN  Exposed - 			'chat_sessions'.'' -> idx_chat_sessions_type, fk_chat_sessions_consultant__id
2026-04-16 12:45:41.970 [main] INFO  Exposed - SQL Queries to remove excessive indices:
2026-04-16 12:45:41.971 [main] INFO  Exposed - 			[ALTER TABLE chat_sessions DROP INDEX idx_chat_sessions_type];
2026-04-16 12:45:41.979 [main] INFO  Exposed - Index on table 'users' differs only in name: in db uq_users_phone -> in mapping users_phone_unique
2026-04-16 12:45:41.980 [main] INFO  Exposed - Index on table 'users' differs only in name: in db uq_users_email -> in mapping users_email_unique
2026-04-16 12:45:41.980 [main] INFO  Exposed - Index on table 'products' differs only in name: in db uq_products_sku -> in mapping products_sku_unique
2026-04-16 12:45:41.980 [main] INFO  Exposed - Index on table 'products' differs only in name: in db uq_products_slug -> in mapping products_slug_unique
2026-04-16 12:45:41.982 [main] INFO  Exposed - Index on table 'product_delete_requests' differs only in name: in db idx_product_delete_requests_status -> in mapping product_delete_requests_status
2026-04-16 12:45:41.982 [main] INFO  Exposed - Index on table 'orders' differs only in name: in db uq_order_code -> in mapping orders_order_code_unique
2026-04-16 12:45:41.982 [main] INFO  Exposed - Index on table 'coupons' differs only in name: in db uq_coupons_code -> in mapping coupons_code_unique
2026-04-16 12:45:41.982 [main] INFO  Exposed - Index on table 'expense_categories' differs only in name: in db uq_expense_categories_code -> in mapping expense_categories_code_unique
2026-04-16 12:45:41.983 [main] INFO  Exposed - Index on table 'category_attributes' differs only in name: in db uq_cat_attr_key -> in mapping category_attributes_category_id_attr_key_unique
2026-04-16 12:45:41.983 [main] INFO  Exposed - Index on table 'product_attribute_values' differs only in name: in db uq_prod_attr -> in mapping product_attribute_values_product_id_attribute_id_unique
2026-04-16 12:45:41.985 [main] WARN  Exposed - Indices exist in database and not mapped in code on class 'payments':
		Index 'idx_payments_status' for 'payments' on columns com.example.nhathuoc.database.tables.PaymentsTable.status
		Index 'idx_payments_transaction_id' for 'payments' on columns com.example.nhathuoc.database.tables.PaymentsTable.transaction_id
		Index 'idx_payments_method' for 'payments' on columns com.example.nhathuoc.database.tables.PaymentsTable.method
		Index 'fk_payments_payment_method_id__id' for 'payments' on columns 
2026-04-16 12:45:41.985 [main] WARN  Exposed - Indices exist in database and not mapped in code on class 'chat_messages':
		Index 'idx_messages_sender_type' for 'chat_messages' on columns 
2026-04-16 12:45:41.985 [main] WARN  Exposed - Indices exist in database and not mapped in code on class 'chat_sessions':
		Index 'fk_chat_sessions_consultant__id' for 'chat_sessions' on columns 
		Index 'idx_chat_sessions_type' for 'chat_sessions' on columns 
2026-04-16 12:45:41.985 [main] WARN  Exposed - Indices exist in database and not mapped in code on class 'products':
		Index 'idx_products_risk_classification' for 'products' on columns com.example.nhathuoc.database.tables.ProductsTable.risk_classification
		Index 'idx_products_search' for 'products' on columns com.example.nhathuoc.database.tables.ProductsTable.name, com.example.nhathuoc.database.tables.ProductsTable.description, com.example.nhathuoc.database.tables.ProductsTable.brand
2026-04-16 12:45:41.985 [main] WARN  Exposed - Indices exist in database and not mapped in code on class 'payment_methods':
		Index 'idx_payment_methods_type' for 'payment_methods' on columns com.example.nhathuoc.database.tables.PaymentMethodsTable.type
2026-04-16 12:45:41.985 [main] WARN  Exposed - Indices exist in database and not mapped in code on class 'reviews':
		Unique Index 'uq_review_order_prod' for 'reviews' on columns com.example.nhathuoc.database.tables.ReviewsTable.order_id, com.example.nhathuoc.database.tables.ReviewsTable.product_id
2026-04-16 12:45:41.985 [main] WARN  Exposed - Indices exist in database and not mapped in code on class 'health_articles':
		Index 'idx_health_created_at' for 'health_articles' on columns com.example.nhathuoc.database.tables.HealthArticlesTable.created_at
		Index 'idx_health_published' for 'health_articles' on columns com.example.nhathuoc.database.tables.HealthArticlesTable.is_published
		Index 'idx_health_category' for 'health_articles' on columns com.example.nhathuoc.database.tables.HealthArticlesTable.category
2026-04-16 12:45:41.985 [main] WARN  Exposed - Indices exist in database and not mapped in code on class 'categories':
		Unique Index 'uq_categories_slug' for 'categories' on columns com.example.nhathuoc.database.tables.CategoriesTable.slug
2026-04-16 12:45:41.986 [main] WARN  Exposed - Indices exist in database and not mapped in code on class 'banners':
		Index 'idx_banners_active' for 'banners' on columns com.example.nhathuoc.database.tables.BannersTable.is_active
		Index 'idx_banners_active_date' for 'banners' on columns com.example.nhathuoc.database.tables.BannersTable.is_active, com.example.nhathuoc.database.tables.BannersTable.start_dt, com.example.nhathuoc.database.tables.BannersTable.end_dt
2026-04-16 12:45:41.986 [main] WARN  Exposed - Indices exist in database and not mapped in code on class 'product_batches':
		Index 'idx_batches_expiry' for 'product_batches' on columns com.example.nhathuoc.database.tables.ProductBatchesTable.exp_date
2026-04-16 12:45:41.986 [main] WARN  Exposed - Indices exist in database and not mapped in code on class 'orders':
		Index 'idx_orders_channel' for 'orders' on columns com.example.nhathuoc.database.tables.OrdersTable.order_channel
		Index 'idx_orders_status' for 'orders' on columns com.example.nhathuoc.database.tables.OrdersTable.status
		Index 'idx_orders_payment_status' for 'orders' on columns com.example.nhathuoc.database.tables.OrdersTable.payment_status
2026-04-16 12:45:41.986 [main] WARN  Exposed - Indices exist in database and not mapped in code on class 'notifications':
		Index 'idx_notifications_type' for 'notifications' on columns com.example.nhathuoc.database.tables.NotificationsTable.type
		Index 'idx_notifications_is_read' for 'notifications' on columns com.example.nhathuoc.database.tables.NotificationsTable.is_read
2026-04-16 12:45:41.986 [main] WARN  Exposed - Indices exist in database and not mapped in code on class 'expenses':
		Index 'idx_expenses_status' for 'expenses' on columns com.example.nhathuoc.database.tables.ExpensesTable.status
2026-04-16 12:45:41.986 [main] INFO  Exposed - Checking mapping consistence took 248ms
2026-04-16 12:45:42.065 [main] INFO  Application - Database connected and tables created.
2026-04-16 12:45:44.966 [main] INFO  Application - Application started in 8.8 seconds.
2026-04-16 12:45:45.551 [main] INFO  Application - Responding at http://127.0.0.1:8080
2026-04-16 12:46:02.810 [eventLoopGroupProxy-4-1] INFO  Application - Desktop/Auth login attempt: credential=Admin@medstore.vn
2026-04-16 12:46:03.400 [eventLoopGroupProxy-4-1] INFO  Application - [31m400 Bad Request[m: [36mPOST[m - /api/v1/auth/login in 721ms
2026-04-16 12:46:08.629 [eventLoopGroupProxy-4-2] INFO  Application - Desktop/Auth login attempt: credential=Admin@medstore.vn
2026-04-16 12:46:08.934 [eventLoopGroupProxy-4-2] INFO  Application - Desktop/Auth login success: userId=u-admin-001, role=ADMIN
2026-04-16 12:46:09.028 [eventLoopGroupProxy-4-2] INFO  Application - [32m200 OK[m: [36mPOST[m - /api/v1/auth/login in 402ms
2026-04-16 12:46:09.440 [eventLoopGroupProxy-4-4] INFO  Application - [32m200 OK[m: [36mGET[m - /api/v1/internal/dashboard in 140ms
2026-04-16 12:46:29.701 [eventLoopGroupProxy-4-7] INFO  Application - [32m200 OK[m: [36mGET[m - /api/v1/internal/orders/052ed4c3-d86b-4a4e-a481-0b20919e9677 in 627ms
2026-04-16 12:46:36.989 [eventLoopGroupProxy-4-8] INFO  Application - [32m200 OK[m: [36mGET[m - /api/v1/internal/orders/f433ab93-fe4e-4883-97d4-65f247090bca in 26ms
2026-04-16 12:46:43.230 [eventLoopGroupProxy-4-10] INFO  Application - [32m200 OK[m: [36mGET[m - /api/v1/internal/orders/832926ff-0f84-4f89-866f-71c502f80c35 in 25ms
2026-04-16 12:46:45.803 [eventLoopGroupProxy-4-2] ERROR Application - Unhandled error
java.lang.IllegalStateException: Serializing collections of different element types is not yet supported. Selected serializers: [kotlin.collections.ArrayList, kotlin.String]
	at io.ktor.serialization.kotlinx.SerializerLookupKt.elementSerializer(SerializerLookup.kt:64)
	at io.ktor.serialization.kotlinx.SerializerLookupKt.guessSerializer(SerializerLookup.kt:48)
	at io.ktor.serialization.kotlinx.KotlinxSerializationConverter.serialize(KotlinxSerializationConverter.kt:55)
	at io.ktor.server.plugins.contentnegotiation.ResponseConverterKt$convertResponseBody$1$2.invokeSuspend(ResponseConverter.kt:66)
	at io.ktor.server.plugins.contentnegotiation.ResponseConverterKt$convertResponseBody$1$2.invoke(ResponseConverter.kt)
	at io.ktor.server.plugins.contentnegotiation.ResponseConverterKt$convertResponseBody$1$2.invoke(ResponseConverter.kt)
	at io.ktor.server.application.OnCallRespondContext.transformBody(KtorCallContexts.kt:102)
	at io.ktor.server.plugins.contentnegotiation.ResponseConverterKt$convertResponseBody$1.invokeSuspend(ResponseConverter.kt:39)
	at io.ktor.server.plugins.contentnegotiation.ResponseConverterKt$convertResponseBody$1.invoke(ResponseConverter.kt)
	at io.ktor.server.plugins.contentnegotiation.ResponseConverterKt$convertResponseBody$1.invoke(ResponseConverter.kt)
	at io.ktor.server.application.PluginBuilder$onDefaultPhase$1.invokeSuspend(PluginBuilder.kt:245)
	at io.ktor.server.application.PluginBuilder$onDefaultPhase$1.invoke(PluginBuilder.kt)
	at io.ktor.server.application.PluginBuilder$onDefaultPhase$1.invoke(PluginBuilder.kt)
	at io.ktor.server.application.PluginBuilder$onDefaultPhaseWithMessage$1$1$1.invokeSuspend(PluginBuilder.kt:228)
	at io.ktor.server.application.PluginBuilder$onDefaultPhaseWithMessage$1$1$1.invoke(PluginBuilder.kt)
	at io.ktor.server.application.PluginBuilder$onDefaultPhaseWithMessage$1$1$1.invoke(PluginBuilder.kt)
	at io.ktor.util.debug.ContextUtilsKt.addToContextInDebugMode(ContextUtils.kt:34)
	at io.ktor.server.application.PluginBuilder$onDefaultPhaseWithMessage$1$1.invokeSuspend(PluginBuilder.kt:224)
	at io.ktor.server.application.PluginBuilder$onDefaultPhaseWithMessage$1$1.invoke(PluginBuilder.kt)
	at io.ktor.server.application.PluginBuilder$onDefaultPhaseWithMessage$1$1.invoke(PluginBuilder.kt)
	at io.ktor.util.pipeline.DebugPipelineContext.proceedLoop(DebugPipelineContext.kt:79)
	at io.ktor.util.pipeline.DebugPipelineContext.proceed(DebugPipelineContext.kt:57)
	at io.ktor.util.pipeline.DebugPipelineContext.execute$ktor_utils(DebugPipelineContext.kt:63)
	at io.ktor.util.pipeline.Pipeline.execute(Pipeline.kt:92)
	at io.ktor.server.application.PipelineCall$DefaultImpls.respond(PipelineCall.kt:132)
	at io.ktor.server.routing.RoutingPipelineCall.respond(RoutingPipelineCall.kt:23)
	at io.ktor.server.routing.RoutingCall.respond(RoutingNode.kt:249)
	at com.example.nhathuoc.routes.MobileCompatRoutesKt$mobileCompatRoutes$6$1.invokeSuspend(MobileCompatRoutes.kt:586)
	at com.example.nhathuoc.routes.MobileCompatRoutesKt$mobileCompatRoutes$6$1.invoke(MobileCompatRoutes.kt)
	at com.example.nhathuoc.routes.MobileCompatRoutesKt$mobileCompatRoutes$6$1.invoke(MobileCompatRoutes.kt)
	at io.ktor.server.routing.RoutingNode$buildPipeline$1$1.invokeSuspend(RoutingNode.kt:127)
	at io.ktor.server.routing.RoutingNode$buildPipeline$1$1.invoke(RoutingNode.kt)
	at io.ktor.server.routing.RoutingNode$buildPipeline$1$1.invoke(RoutingNode.kt)
	at io.ktor.util.pipeline.DebugPipelineContext.proceedLoop(DebugPipelineContext.kt:79)
	at io.ktor.util.pipeline.DebugPipelineContext.proceed(DebugPipelineContext.kt:57)
	at io.ktor.util.pipeline.DebugPipelineContext.execute$ktor_utils(DebugPipelineContext.kt:63)
	at io.ktor.util.pipeline.Pipeline.execute(Pipeline.kt:92)
	at io.ktor.server.routing.RoutingRoot$executeResult$$inlined$execute$1.invokeSuspend(Pipeline.kt:510)
	at io.ktor.server.routing.RoutingRoot$executeResult$$inlined$execute$1.invoke(Pipeline.kt)
	at io.ktor.server.routing.RoutingRoot$executeResult$$inlined$execute$1.invoke(Pipeline.kt)
	at io.ktor.util.debug.ContextUtilsKt.initContextInDebugMode(ContextUtils.kt:19)
	at io.ktor.server.routing.RoutingRoot.executeResult(RoutingRoot.kt:208)
	at io.ktor.server.routing.RoutingRoot.interceptor(RoutingRoot.kt:71)
	at io.ktor.server.routing.RoutingRoot$Plugin$install$1.invokeSuspend(RoutingRoot.kt:154)
	at io.ktor.server.routing.RoutingRoot$Plugin$install$1.invoke(RoutingRoot.kt)
	at io.ktor.server.routing.RoutingRoot$Plugin$install$1.invoke(RoutingRoot.kt)
	at io.ktor.util.pipeline.DebugPipelineContext.proceedLoop(DebugPipelineContext.kt:79)
	at io.ktor.util.pipeline.DebugPipelineContext.proceed(DebugPipelineContext.kt:57)
	at io.ktor.server.engine.BaseApplicationEngineKt$installDefaultTransformationChecker$1.invokeSuspend(BaseApplicationEngine.kt:119)
	at io.ktor.server.engine.BaseApplicationEngineKt$installDefaultTransformationChecker$1.invoke(BaseApplicationEngine.kt)
	at io.ktor.server.engine.BaseApplicationEngineKt$installDefaultTransformationChecker$1.invoke(BaseApplicationEngine.kt)
	at io.ktor.util.pipeline.DebugPipelineContext.proceedLoop(DebugPipelineContext.kt:79)
	at io.ktor.util.pipeline.DebugPipelineContext.proceed(DebugPipelineContext.kt:57)
	at io.ktor.server.application.hooks.CallFailed$install$1$1.invokeSuspend(CommonHooks.kt:49)
	at io.ktor.server.application.hooks.CallFailed$install$1$1.invoke(CommonHooks.kt)
	at io.ktor.server.application.hooks.CallFailed$install$1$1.invoke(CommonHooks.kt)
	at kotlinx.coroutines.intrinsics.UndispatchedKt.startUndispatchedOrReturn(Undispatched.kt:43)
	at kotlinx.coroutines.CoroutineScopeKt.coroutineScope(CoroutineScope.kt:285)
	at io.ktor.server.application.hooks.CallFailed$install$1.invokeSuspend(CommonHooks.kt:48)
	at io.ktor.server.application.hooks.CallFailed$install$1.invoke(CommonHooks.kt)
	at io.ktor.server.application.hooks.CallFailed$install$1.invoke(CommonHooks.kt)
	at io.ktor.util.pipeline.DebugPipelineContext.proceedLoop(DebugPipelineContext.kt:79)
	at io.ktor.util.pipeline.DebugPipelineContext.proceed(DebugPipelineContext.kt:57)
	at io.ktor.util.pipeline.DebugPipelineContext.execute$ktor_utils(DebugPipelineContext.kt:63)
	at io.ktor.util.pipeline.Pipeline.execute(Pipeline.kt:92)
	at io.ktor.server.engine.DefaultEnginePipelineKt$defaultEnginePipeline$1$invokeSuspend$$inlined$execute$1.invokeSuspend(Pipeline.kt:510)
	at io.ktor.server.engine.DefaultEnginePipelineKt$defaultEnginePipeline$1$invokeSuspend$$inlined$execute$1.invoke(Pipeline.kt)
	at io.ktor.server.engine.DefaultEnginePipelineKt$defaultEnginePipeline$1$invokeSuspend$$inlined$execute$1.invoke(Pipeline.kt)
	at io.ktor.util.debug.ContextUtilsKt.initContextInDebugMode(ContextUtils.kt:19)
	at io.ktor.server.engine.DefaultEnginePipelineKt$defaultEnginePipeline$1.invokeSuspend(DefaultEnginePipeline.kt:129)
	at io.ktor.server.engine.DefaultEnginePipelineKt$defaultEnginePipeline$1.invoke(DefaultEnginePipeline.kt)
	at io.ktor.server.engine.DefaultEnginePipelineKt$defaultEnginePipeline$1.invoke(DefaultEnginePipeline.kt)
	at io.ktor.util.pipeline.DebugPipelineContext.proceedLoop(DebugPipelineContext.kt:79)
	at io.ktor.util.pipeline.DebugPipelineContext.proceed(DebugPipelineContext.kt:57)
	at io.ktor.server.engine.BaseApplicationResponse$Companion$setupFallbackResponse$1.invokeSuspend(BaseApplicationResponse.kt:349)
	at io.ktor.server.engine.BaseApplicationResponse$Companion$setupFallbackResponse$1.invoke(BaseApplicationResponse.kt)
	at io.ktor.server.engine.BaseApplicationResponse$Companion$setupFallbackResponse$1.invoke(BaseApplicationResponse.kt)
	at io.ktor.util.pipeline.DebugPipelineContext.proceedLoop(DebugPipelineContext.kt:79)
	at io.ktor.util.pipeline.DebugPipelineContext.proceed(DebugPipelineContext.kt:57)
	at io.ktor.util.pipeline.DebugPipelineContext.execute$ktor_utils(DebugPipelineContext.kt:63)
	at io.ktor.util.pipeline.Pipeline.execute(Pipeline.kt:92)
	at io.ktor.server.netty.NettyApplicationCallHandler$handleRequest$1$invokeSuspend$$inlined$execute$1.invokeSuspend(Pipeline.kt:510)
	at io.ktor.server.netty.NettyApplicationCallHandler$handleRequest$1$invokeSuspend$$inlined$execute$1.invoke(Pipeline.kt)
	at io.ktor.server.netty.NettyApplicationCallHandler$handleRequest$1$invokeSuspend$$inlined$execute$1.invoke(Pipeline.kt)
	at io.ktor.util.debug.ContextUtilsKt.initContextInDebugMode(ContextUtils.kt:19)
	at io.ktor.server.netty.NettyApplicationCallHandler$handleRequest$1.invokeSuspend(NettyApplicationCallHandler.kt:140)
	at io.ktor.server.netty.NettyApplicationCallHandler$handleRequest$1.invoke(NettyApplicationCallHandler.kt)
	at io.ktor.server.netty.NettyApplicationCallHandler$handleRequest$1.invoke(NettyApplicationCallHandler.kt)
	at kotlinx.coroutines.intrinsics.UndispatchedKt.startCoroutineUndispatched(Undispatched.kt:20)
	at kotlinx.coroutines.CoroutineStart.invoke(CoroutineStart.kt:360)
	at kotlinx.coroutines.AbstractCoroutine.start(AbstractCoroutine.kt:134)
	at kotlinx.coroutines.BuildersKt__Builders_commonKt.launch(Builders.common.kt:52)
	at kotlinx.coroutines.BuildersKt.launch(Unknown Source)
	at io.ktor.server.netty.NettyApplicationCallHandler.handleRequest(NettyApplicationCallHandler.kt:41)
	at io.ktor.server.netty.NettyApplicationCallHandler.channelRead(NettyApplicationCallHandler.kt:33)
	at io.netty.channel.AbstractChannelHandlerContext.invokeChannelRead(AbstractChannelHandlerContext.java:444)
	at io.netty.channel.AbstractChannelHandlerContext.access$600(AbstractChannelHandlerContext.java:61)
	at io.netty.channel.AbstractChannelHandlerContext$7.run(AbstractChannelHandlerContext.java:425)
	at io.netty.util.concurrent.AbstractEventExecutor.runTask(AbstractEventExecutor.java:173)
	at io.netty.util.concurrent.AbstractEventExecutor.safeExecute(AbstractEventExecutor.java:166)
	at io.netty.util.concurrent.SingleThreadEventExecutor.runAllTasks(SingleThreadEventExecutor.java:472)
	at io.netty.channel.nio.NioEventLoop.run(NioEventLoop.java:569)
	at io.netty.util.concurrent.SingleThreadEventExecutor$4.run(SingleThreadEventExecutor.java:998)
	at io.netty.util.internal.ThreadExecutorMap$2.run(ThreadExecutorMap.java:74)
	at io.netty.util.concurrent.FastThreadLocalRunnable.run(FastThreadLocalRunnable.java:30)
	at java.base/java.lang.Thread.run(Thread.java:840)
2026-04-16 12:46:45.871 [eventLoopGroupProxy-4-12] INFO  Application - Desktop/Internal products response: shopId=default-store, page=1, limit=200, returned=14
2026-04-16 12:46:45.908 [eventLoopGroupProxy-4-12] INFO  Application - [32m200 OK[m: [36mGET[m - /api/v1/internal/products in 152ms
