2026-05-27 01:59:35.585 [main] INFO  Application - No ktor.deployment.watch patterns match classpath entries, automatic reload is not active
2026-05-27 01:59:36.300 [main] INFO  Application - Cloudinary initialized: cloud=dh3lcg95f
2026-05-27 01:59:42.225 [main] INFO  c.e.nhathuoc.service.FcmService - Firebase Admin SDK initialized — FCM push notifications enabled
2026-05-27 01:59:46.586 [main] INFO  Exposed - Preparing create tables statements took 493ms
2026-05-27 01:59:46.616 [main] INFO  Exposed - Executing create tables statements took 30ms
2026-05-27 01:59:47.303 [main] INFO  Exposed - Extracting table columns took 686ms
2026-05-27 01:59:47.559 [main] INFO  Exposed - Extracting primary keys took 256ms
2026-05-27 01:59:47.799 [main] INFO  Exposed - Extracting column constraints took 146ms
2026-05-27 01:59:47.801 [main] INFO  Exposed - Preparing alter table statements took 1184ms
2026-05-27 01:59:48.549 [main] INFO  Exposed - Executing alter table statements took 748ms
2026-05-27 01:59:48.806 [main] INFO  Exposed - Index on table 'users' differs only in name: in db uq_users_phone -> in mapping users_phone_unique
2026-05-27 01:59:48.806 [main] INFO  Exposed - Index on table 'users' differs only in name: in db uq_users_email -> in mapping users_email_unique
2026-05-27 01:59:48.807 [main] INFO  Exposed - Index on table 'employee_profiles' differs only in name: in db idx_employee_profiles_verified -> in mapping employee_profiles_qualification_verified
2026-05-27 01:59:48.808 [main] INFO  Exposed - Index on table 'products' differs only in name: in db uq_products_sku -> in mapping products_sku_unique
2026-05-27 01:59:48.808 [main] INFO  Exposed - Index on table 'products' differs only in name: in db uq_products_slug -> in mapping products_slug_unique
2026-05-27 01:59:48.808 [main] INFO  Exposed - Index on table 'product_certificates' differs only in name: in db idx_product_certificates_type -> in mapping product_certificates_file_type
2026-05-27 01:59:48.808 [main] INFO  Exposed - Index on table 'product_certificates' differs only in name: in db idx_product_certificates_active -> in mapping product_certificates_is_active
2026-05-27 01:59:48.808 [main] INFO  Exposed - Index on table 'orders' differs only in name: in db uq_order_code -> in mapping orders_order_code_unique
2026-05-27 01:59:48.809 [main] INFO  Exposed - Index on table 'coupons' differs only in name: in db uq_coupons_code -> in mapping coupons_code_unique
2026-05-27 01:59:48.809 [main] INFO  Exposed - Index on table 'reward_transactions' differs only in name: in db idx_reward_transactions_ref -> in mapping reward_transactions_ref_type_ref_id
2026-05-27 01:59:48.810 [main] INFO  Exposed - Index on table 'reward_products' differs only in name: in db idx_reward_products_category -> in mapping reward_products_category
2026-05-27 01:59:48.810 [main] INFO  Exposed - Index on table 'reward_products' differs only in name: in db idx_reward_products_active_cost -> in mapping reward_products_is_active_point_cost
2026-05-27 01:59:48.810 [main] INFO  Exposed - Index on table 'reward_redemptions' differs only in name: in db idx_reward_redemptions_status -> in mapping reward_redemptions_status
2026-05-27 01:59:48.811 [main] INFO  Exposed - Index on table 'reviews' differs only in name: in db uq_reviews_user_order_product -> in mapping reviews_user_id_order_id_product_id_unique
2026-05-27 01:59:48.811 [main] INFO  Exposed - Index on table 'reviews' differs only in name: in db idx_reviews_created_at -> in mapping reviews_created_at
2026-05-27 01:59:48.811 [main] INFO  Exposed - Index on table 'reviews' differs only in name: in db idx_reviews_product_status -> in mapping reviews_product_id_status
2026-05-27 01:59:48.813 [main] INFO  Exposed - Index on table 'review_reports' differs only in name: in db idx_review_reports_status -> in mapping review_reports_status
2026-05-27 01:59:48.813 [main] INFO  Exposed - Index on table 'review_reports' differs only in name: in db uq_review_report_once -> in mapping review_reports_review_id_reporter_user_id_unique
2026-05-27 01:59:48.813 [main] INFO  Exposed - Index on table 'order_complaints' differs only in name: in db idx_order_complaints_status -> in mapping order_complaints_status
2026-05-27 01:59:48.814 [main] INFO  Exposed - Index on table 'order_complaints' differs only in name: in db idx_order_complaints_refund_status -> in mapping order_complaints_refund_status
2026-05-27 01:59:48.814 [main] INFO  Exposed - Index on table 'order_complaints' differs only in name: in db uq_order_complaints_code -> in mapping order_complaints_complaint_code_unique
2026-05-27 01:59:48.815 [main] WARN  Exposed - Indices exist in database and not mapped in code on class 'payments':
		Index 'idx_payments_status' for 'payments' on columns com.example.nhathuoc.database.tables.PaymentsTable.status
		Index 'idx_payments_transaction_id' for 'payments' on columns com.example.nhathuoc.database.tables.PaymentsTable.transaction_id
		Index 'idx_payments_method' for 'payments' on columns com.example.nhathuoc.database.tables.PaymentsTable.method
2026-05-27 01:59:48.815 [main] WARN  Exposed - Indices exist in database and not mapped in code on class 'products':
		Index 'idx_products_exp_date' for 'products' on columns com.example.nhathuoc.database.tables.ProductsTable.exp_date
		Index 'idx_products_risk_classification' for 'products' on columns com.example.nhathuoc.database.tables.ProductsTable.risk_classification
		Index 'idx_products_search' for 'products' on columns com.example.nhathuoc.database.tables.ProductsTable.name, com.example.nhathuoc.database.tables.ProductsTable.description, com.example.nhathuoc.database.tables.ProductsTable.brand
		Index 'idx_products_stock_exp' for 'products' on columns com.example.nhathuoc.database.tables.ProductsTable.stock, com.example.nhathuoc.database.tables.ProductsTable.exp_date
2026-05-27 01:59:48.815 [main] WARN  Exposed - Indices exist in database and not mapped in code on class 'coupons':
		Index 'idx_coupons_reward_template' for 'coupons' on columns com.example.nhathuoc.database.tables.CouponsTable.is_reward_voucher_template, com.example.nhathuoc.database.tables.CouponsTable.is_active
2026-05-27 01:59:48.816 [main] WARN  Exposed - Indices exist in database and not mapped in code on class 'categories':
		Unique Index 'uq_categories_slug' for 'categories' on columns com.example.nhathuoc.database.tables.CategoriesTable.slug
2026-05-27 01:59:48.816 [main] WARN  Exposed - Indices exist in database and not mapped in code on class 'banners':
		Index 'idx_banners_active' for 'banners' on columns com.example.nhathuoc.database.tables.BannersTable.is_active
		Index 'idx_banners_active_date' for 'banners' on columns com.example.nhathuoc.database.tables.BannersTable.is_active, com.example.nhathuoc.database.tables.BannersTable.start_dt, com.example.nhathuoc.database.tables.BannersTable.end_dt
2026-05-27 01:59:48.816 [main] WARN  Exposed - Indices exist in database and not mapped in code on class 'reward_redemptions':
		Unique Index 'uq_reward_redemptions_issued_voucher_code' for 'reward_redemptions' on columns com.example.nhathuoc.database.tables.RewardRedemptionsTable.issued_voucher_code
2026-05-27 01:59:48.816 [main] WARN  Exposed - Indices exist in database and not mapped in code on class 'reward_products':
		Index 'idx_reward_products_type' for 'reward_products' on columns com.example.nhathuoc.database.tables.RewardProductsTable.reward_type
2026-05-27 01:59:48.816 [main] WARN  Exposed - Indices exist in database and not mapped in code on class 'orders':
		Index 'idx_orders_channel' for 'orders' on columns com.example.nhathuoc.database.tables.OrdersTable.order_channel
		Index 'idx_orders_status' for 'orders' on columns com.example.nhathuoc.database.tables.OrdersTable.status
		Index 'fk_orders_branch_id__id' for 'orders' on columns com.example.nhathuoc.database.tables.OrdersTable.branch_id
		Index 'idx_orders_payment_status' for 'orders' on columns com.example.nhathuoc.database.tables.OrdersTable.payment_status
2026-05-27 01:59:48.816 [main] WARN  Exposed - Indices exist in database and not mapped in code on class 'notifications':
		Index 'idx_notifications_type' for 'notifications' on columns com.example.nhathuoc.database.tables.NotificationsTable.type
		Index 'idx_notifications_is_read' for 'notifications' on columns com.example.nhathuoc.database.tables.NotificationsTable.is_read
2026-05-27 01:59:48.817 [main] INFO  Exposed - Checking mapping consistence took 267ms
2026-05-27 01:59:48.878 [main] INFO  Application - Database connected and tables created.
2026-05-27 01:59:50.937 [main] INFO  Application - Application started in 16.597 seconds.
2026-05-27 01:59:51.553 [main] INFO  Application - Responding at http://127.0.0.1:8080
2026-05-27 02:05:58.171 [eventLoopGroupProxy-4-1] INFO  Application - [31m401 Unauthorized[m: [36mGET[m - /api/v1/internal/dashboard in 1120ms
2026-05-27 02:06:25.493 [eventLoopGroupProxy-4-2] INFO  Application - Desktop/Auth login attempt: credential=admin@medstore.vn
2026-05-27 02:06:25.951 [eventLoopGroupProxy-4-2] INFO  Application - Desktop/Auth login success: userId=u-admin-001, role=ADMIN
2026-05-27 02:06:27.225 [eventLoopGroupProxy-4-2] INFO  Application - [32m200 OK[m: [36mPOST[m - /api/v1/auth/login in 1804ms
2026-05-27 02:06:29.687 [eventLoopGroupProxy-4-4] INFO  Application - [32m200 OK[m: [36mGET[m - /api/v1/internal/dashboard in 1163ms
2026-05-27 02:06:29.869 [eventLoopGroupProxy-4-5] INFO  Application - Desktop/Internal products response: shopId=default-store, page=1, limit=200, returned=27
2026-05-27 02:06:29.887 [eventLoopGroupProxy-4-10] INFO  Application - Desktop/Internal products response: shopId=default-store, page=1, limit=200, returned=27
2026-05-27 02:06:30.025 [eventLoopGroupProxy-4-5] INFO  Application - [32m200 OK[m: [36mGET[m - /api/v1/internal/products in 1447ms
2026-05-27 02:06:30.027 [eventLoopGroupProxy-4-10] INFO  Application - [32m200 OK[m: [36mGET[m - /api/v1/internal/products in 1422ms
2026-05-27 02:06:30.072 [eventLoopGroupProxy-4-3] INFO  Application - [32m200 OK[m: [36mGET[m - /api/v1/internal/orders in 1548ms
2026-05-27 02:06:30.089 [eventLoopGroupProxy-4-5] INFO  Application - [32m200 OK[m: [36mGET[m - /api/v1/internal/dashboard in 62ms
2026-05-27 02:06:33.065 [eventLoopGroupProxy-4-9] INFO  Application - Desktop/Internal products response: shopId=default-store, page=1, limit=200, returned=27
2026-05-27 02:06:33.071 [eventLoopGroupProxy-4-9] INFO  Application - [32m200 OK[m: [36mGET[m - /api/v1/internal/products in 170ms
2026-05-27 02:06:34.281 [eventLoopGroupProxy-4-12] INFO  Application - [32m200 OK[m: [36mGET[m - /api/v1/internal/orders in 233ms
2026-05-27 02:06:34.920 [eventLoopGroupProxy-4-1] INFO  Application - Desktop/Internal products response: shopId=default-store, page=1, limit=200, returned=27
2026-05-27 02:06:34.920 [eventLoopGroupProxy-4-1] INFO  Application - [32m200 OK[m: [36mGET[m - /api/v1/internal/products in 103ms
2026-05-27 02:30:54.787 [main] INFO  Application - No ktor.deployment.watch patterns match classpath entries, automatic reload is not active
2026-05-27 02:30:55.139 [main] INFO  Application - Cloudinary initialized: cloud=dh3lcg95f
2026-05-27 02:30:56.468 [main] INFO  c.e.nhathuoc.service.FcmService - Firebase Admin SDK initialized — FCM push notifications enabled
2026-05-27 02:30:57.851 [main] INFO  Exposed - Preparing create tables statements took 248ms
2026-05-27 02:30:57.883 [main] INFO  Exposed - Executing create tables statements took 32ms
2026-05-27 02:30:58.161 [main] INFO  Exposed - Extracting table columns took 278ms
2026-05-27 02:30:58.279 [main] INFO  Exposed - Extracting primary keys took 118ms
2026-05-27 02:30:58.436 [main] INFO  Exposed - Extracting column constraints took 102ms
2026-05-27 02:30:58.437 [main] INFO  Exposed - Preparing alter table statements took 554ms
2026-05-27 02:30:58.790 [main] INFO  Exposed - Executing alter table statements took 352ms
2026-05-27 02:30:58.995 [main] INFO  Exposed - Index on table 'users' differs only in name: in db uq_users_phone -> in mapping users_phone_unique
2026-05-27 02:30:58.995 [main] INFO  Exposed - Index on table 'users' differs only in name: in db uq_users_email -> in mapping users_email_unique
2026-05-27 02:30:58.997 [main] INFO  Exposed - Index on table 'employee_profiles' differs only in name: in db idx_employee_profiles_verified -> in mapping employee_profiles_qualification_verified
2026-05-27 02:30:58.998 [main] INFO  Exposed - Index on table 'products' differs only in name: in db uq_products_sku -> in mapping products_sku_unique
2026-05-27 02:30:58.998 [main] INFO  Exposed - Index on table 'products' differs only in name: in db uq_products_slug -> in mapping products_slug_unique
2026-05-27 02:30:58.998 [main] INFO  Exposed - Index on table 'product_certificates' differs only in name: in db idx_product_certificates_type -> in mapping product_certificates_file_type
2026-05-27 02:30:58.998 [main] INFO  Exposed - Index on table 'product_certificates' differs only in name: in db idx_product_certificates_active -> in mapping product_certificates_is_active
2026-05-27 02:30:58.999 [main] INFO  Exposed - Index on table 'orders' differs only in name: in db uq_order_code -> in mapping orders_order_code_unique
2026-05-27 02:30:58.999 [main] INFO  Exposed - Index on table 'coupons' differs only in name: in db uq_coupons_code -> in mapping coupons_code_unique
2026-05-27 02:30:59.002 [main] INFO  Exposed - Index on table 'reward_transactions' differs only in name: in db idx_reward_transactions_ref -> in mapping reward_transactions_ref_type_ref_id
2026-05-27 02:30:59.003 [main] INFO  Exposed - Index on table 'reward_products' differs only in name: in db idx_reward_products_category -> in mapping reward_products_category
2026-05-27 02:30:59.004 [main] INFO  Exposed - Index on table 'reward_products' differs only in name: in db idx_reward_products_active_cost -> in mapping reward_products_is_active_point_cost
2026-05-27 02:30:59.004 [main] INFO  Exposed - Index on table 'reward_redemptions' differs only in name: in db idx_reward_redemptions_status -> in mapping reward_redemptions_status
2026-05-27 02:30:59.004 [main] INFO  Exposed - Index on table 'reviews' differs only in name: in db uq_reviews_user_order_product -> in mapping reviews_user_id_order_id_product_id_unique
2026-05-27 02:30:59.004 [main] INFO  Exposed - Index on table 'reviews' differs only in name: in db idx_reviews_created_at -> in mapping reviews_created_at
2026-05-27 02:30:59.004 [main] INFO  Exposed - Index on table 'reviews' differs only in name: in db idx_reviews_product_status -> in mapping reviews_product_id_status
2026-05-27 02:30:59.005 [main] INFO  Exposed - Index on table 'review_reports' differs only in name: in db idx_review_reports_status -> in mapping review_reports_status
2026-05-27 02:30:59.005 [main] INFO  Exposed - Index on table 'review_reports' differs only in name: in db uq_review_report_once -> in mapping review_reports_review_id_reporter_user_id_unique
2026-05-27 02:30:59.005 [main] INFO  Exposed - Index on table 'order_complaints' differs only in name: in db idx_order_complaints_status -> in mapping order_complaints_status
2026-05-27 02:30:59.005 [main] INFO  Exposed - Index on table 'order_complaints' differs only in name: in db idx_order_complaints_refund_status -> in mapping order_complaints_refund_status
2026-05-27 02:30:59.005 [main] INFO  Exposed - Index on table 'order_complaints' differs only in name: in db uq_order_complaints_code -> in mapping order_complaints_complaint_code_unique
2026-05-27 02:30:59.006 [main] WARN  Exposed - Indices exist in database and not mapped in code on class 'payments':
		Index 'idx_payments_status' for 'payments' on columns com.example.nhathuoc.database.tables.PaymentsTable.status
		Index 'idx_payments_transaction_id' for 'payments' on columns com.example.nhathuoc.database.tables.PaymentsTable.transaction_id
		Index 'idx_payments_method' for 'payments' on columns com.example.nhathuoc.database.tables.PaymentsTable.method
2026-05-27 02:30:59.006 [main] WARN  Exposed - Indices exist in database and not mapped in code on class 'products':
		Index 'idx_products_exp_date' for 'products' on columns com.example.nhathuoc.database.tables.ProductsTable.exp_date
		Index 'idx_products_risk_classification' for 'products' on columns com.example.nhathuoc.database.tables.ProductsTable.risk_classification
		Index 'idx_products_search' for 'products' on columns com.example.nhathuoc.database.tables.ProductsTable.name, com.example.nhathuoc.database.tables.ProductsTable.description, com.example.nhathuoc.database.tables.ProductsTable.brand
		Index 'idx_products_stock_exp' for 'products' on columns com.example.nhathuoc.database.tables.ProductsTable.stock, com.example.nhathuoc.database.tables.ProductsTable.exp_date
2026-05-27 02:30:59.007 [main] WARN  Exposed - Indices exist in database and not mapped in code on class 'coupons':
		Index 'idx_coupons_reward_template' for 'coupons' on columns com.example.nhathuoc.database.tables.CouponsTable.is_reward_voucher_template, com.example.nhathuoc.database.tables.CouponsTable.is_active
2026-05-27 02:30:59.007 [main] WARN  Exposed - Indices exist in database and not mapped in code on class 'categories':
		Unique Index 'uq_categories_slug' for 'categories' on columns com.example.nhathuoc.database.tables.CategoriesTable.slug
2026-05-27 02:30:59.007 [main] WARN  Exposed - Indices exist in database and not mapped in code on class 'banners':
		Index 'idx_banners_active' for 'banners' on columns com.example.nhathuoc.database.tables.BannersTable.is_active
		Index 'idx_banners_active_date' for 'banners' on columns com.example.nhathuoc.database.tables.BannersTable.is_active, com.example.nhathuoc.database.tables.BannersTable.start_dt, com.example.nhathuoc.database.tables.BannersTable.end_dt
2026-05-27 02:30:59.007 [main] WARN  Exposed - Indices exist in database and not mapped in code on class 'reward_redemptions':
		Unique Index 'uq_reward_redemptions_issued_voucher_code' for 'reward_redemptions' on columns com.example.nhathuoc.database.tables.RewardRedemptionsTable.issued_voucher_code
2026-05-27 02:30:59.007 [main] WARN  Exposed - Indices exist in database and not mapped in code on class 'reward_products':
		Index 'idx_reward_products_type' for 'reward_products' on columns com.example.nhathuoc.database.tables.RewardProductsTable.reward_type
2026-05-27 02:30:59.008 [main] WARN  Exposed - Indices exist in database and not mapped in code on class 'orders':
		Index 'idx_orders_channel' for 'orders' on columns com.example.nhathuoc.database.tables.OrdersTable.order_channel
		Index 'idx_orders_status' for 'orders' on columns com.example.nhathuoc.database.tables.OrdersTable.status
		Index 'fk_orders_branch_id__id' for 'orders' on columns com.example.nhathuoc.database.tables.OrdersTable.branch_id
		Index 'idx_orders_payment_status' for 'orders' on columns com.example.nhathuoc.database.tables.OrdersTable.payment_status
2026-05-27 02:30:59.008 [main] WARN  Exposed - Indices exist in database and not mapped in code on class 'notifications':
		Index 'idx_notifications_type' for 'notifications' on columns com.example.nhathuoc.database.tables.NotificationsTable.type
		Index 'idx_notifications_is_read' for 'notifications' on columns com.example.nhathuoc.database.tables.NotificationsTable.is_read
2026-05-27 02:30:59.009 [main] INFO  Exposed - Checking mapping consistence took 218ms
2026-05-27 02:30:59.097 [main] INFO  Application - Database connected and tables created.
2026-05-27 02:31:01.075 [main] INFO  Application - Application started in 7.336 seconds.
2026-05-27 02:31:01.638 [main] INFO  Application - Responding at http://127.0.0.1:8080
2026-05-27 02:32:02.883 [eventLoopGroupProxy-4-1] INFO  Application - Desktop/Auth login attempt: credential=fctxqs777@medstore.vn
2026-05-27 02:32:03.181 [eventLoopGroupProxy-4-1] INFO  Application - Desktop/Auth login success: userId=14016fe1-c8a9-4c3c-bccb-d6e6a47800af, role=USER
2026-05-27 02:32:03.578 [eventLoopGroupProxy-4-1] INFO  Application - [32m200 OK[m: [36mPOST[m - /api/v1/auth/login in 703ms
2026-05-27 02:32:03.858 [eventLoopGroupProxy-4-5] INFO  Application - [32m200 OK[m: [36mGET[m - /api/v1/products/best-sellers in 291ms
2026-05-27 02:32:03.859 [eventLoopGroupProxy-4-2] INFO  Application - [32m200 OK[m: [36mGET[m - /api/v1/products/flash-sale in 293ms
2026-05-27 02:32:34.858 [eventLoopGroupProxy-4-7] INFO  Application - [31m401 Unauthorized[m: [36mGET[m - /api/v1/internal/dashboard in 3ms
2026-05-27 02:32:59.060 [eventLoopGroupProxy-4-8] INFO  Application - Desktop/Auth login attempt: credential=em2@medstore.vn
2026-05-27 02:32:59.347 [eventLoopGroupProxy-4-8] INFO  Application - Desktop/Auth login success: userId=9c0cd412-6993-41de-9ebf-69a85eec5938, role=EMPLOYEE
2026-05-27 02:32:59.571 [eventLoopGroupProxy-4-8] INFO  Application - [32m200 OK[m: [36mPOST[m - /api/v1/auth/login in 513ms
2026-05-27 02:33:00.454 [eventLoopGroupProxy-4-2] ERROR Application - Unhandled error
com.example.nhathuoc.util.AuthorizationException: Required role: ADMIN, actual role: EMPLOYEE
	at com.example.nhathuoc.util.AuthHelperKt.requireRole(AuthHelper.kt:50)
	at com.example.nhathuoc.routes.AdminRoutesKt$adminRoutes$4$1$2.invokeSuspend(AdminRoutes.kt:454)
	at com.example.nhathuoc.routes.AdminRoutesKt$adminRoutes$4$1$2.invoke(AdminRoutes.kt)
	at com.example.nhathuoc.routes.AdminRoutesKt$adminRoutes$4$1$2.invoke(AdminRoutes.kt)
	at io.ktor.server.routing.RoutingNode$buildPipeline$1$1.invokeSuspend(RoutingNode.kt:127)
	at io.ktor.server.routing.RoutingNode$buildPipeline$1$1.invoke(RoutingNode.kt)
	at io.ktor.server.routing.RoutingNode$buildPipeline$1$1.invoke(RoutingNode.kt)
	at io.ktor.util.pipeline.DebugPipelineContext.proceedLoop(DebugPipelineContext.kt:79)
	at io.ktor.util.pipeline.DebugPipelineContext.proceed(DebugPipelineContext.kt:57)
	at io.ktor.util.pipeline.DebugPipelineContext.execute$ktor_utils(DebugPipelineContext.kt:63)
	at io.ktor.util.pipeline.Pipeline.execute(Pipeline.kt:92)
	at io.ktor.server.routing.RoutingRoot$executeResult$$inlined$execute$1.invokeSuspend(Pipeline.kt:510)
	at io.ktor.server.routing.RoutingRoot$executeResult$$inlined$execute$1.invoke(Pipeline.kt)
	at io.ktor.server.routing.RoutingRoot$executeResult$$inlined$execute$1.invoke(Pipeline.kt)
	at io.ktor.util.debug.ContextUtilsKt.initContextInDebugMode(ContextUtils.kt:19)
	at io.ktor.server.routing.RoutingRoot.executeResult(RoutingRoot.kt:208)
	at io.ktor.server.routing.RoutingRoot.interceptor(RoutingRoot.kt:71)
	at io.ktor.server.routing.RoutingRoot$Plugin$install$1.invokeSuspend(RoutingRoot.kt:154)
	at io.ktor.server.routing.RoutingRoot$Plugin$install$1.invoke(RoutingRoot.kt)
	at io.ktor.server.routing.RoutingRoot$Plugin$install$1.invoke(RoutingRoot.kt)
	at io.ktor.util.pipeline.DebugPipelineContext.proceedLoop(DebugPipelineContext.kt:79)
	at io.ktor.util.pipeline.DebugPipelineContext.proceed(DebugPipelineContext.kt:57)
	at io.ktor.server.engine.BaseApplicationEngineKt$installDefaultTransformationChecker$1.invokeSuspend(BaseApplicationEngine.kt:119)
	at io.ktor.server.engine.BaseApplicationEngineKt$installDefaultTransformationChecker$1.invoke(BaseApplicationEngine.kt)
	at io.ktor.server.engine.BaseApplicationEngineKt$installDefaultTransformationChecker$1.invoke(BaseApplicationEngine.kt)
	at io.ktor.util.pipeline.DebugPipelineContext.proceedLoop(DebugPipelineContext.kt:79)
	at io.ktor.util.pipeline.DebugPipelineContext.proceed(DebugPipelineContext.kt:57)
	at io.ktor.server.application.hooks.CallFailed$install$1$1.invokeSuspend(CommonHooks.kt:49)
	at io.ktor.server.application.hooks.CallFailed$install$1$1.invoke(CommonHooks.kt)
	at io.ktor.server.application.hooks.CallFailed$install$1$1.invoke(CommonHooks.kt)
	at kotlinx.coroutines.intrinsics.UndispatchedKt.startUndispatchedOrReturn(Undispatched.kt:43)
	at kotlinx.coroutines.CoroutineScopeKt.coroutineScope(CoroutineScope.kt:285)
	at io.ktor.server.application.hooks.CallFailed$install$1.invokeSuspend(CommonHooks.kt:48)
	at io.ktor.server.application.hooks.CallFailed$install$1.invoke(CommonHooks.kt)
	at io.ktor.server.application.hooks.CallFailed$install$1.invoke(CommonHooks.kt)
	at io.ktor.util.pipeline.DebugPipelineContext.proceedLoop(DebugPipelineContext.kt:79)
	at io.ktor.util.pipeline.DebugPipelineContext.proceed(DebugPipelineContext.kt:57)
	at io.ktor.util.pipeline.DebugPipelineContext.execute$ktor_utils(DebugPipelineContext.kt:63)
	at io.ktor.util.pipeline.Pipeline.execute(Pipeline.kt:92)
	at io.ktor.server.engine.DefaultEnginePipelineKt$defaultEnginePipeline$1$invokeSuspend$$inlined$execute$1.invokeSuspend(Pipeline.kt:510)
	at io.ktor.server.engine.DefaultEnginePipelineKt$defaultEnginePipeline$1$invokeSuspend$$inlined$execute$1.invoke(Pipeline.kt)
	at io.ktor.server.engine.DefaultEnginePipelineKt$defaultEnginePipeline$1$invokeSuspend$$inlined$execute$1.invoke(Pipeline.kt)
	at io.ktor.util.debug.ContextUtilsKt.initContextInDebugMode(ContextUtils.kt:19)
	at io.ktor.server.engine.DefaultEnginePipelineKt$defaultEnginePipeline$1.invokeSuspend(DefaultEnginePipeline.kt:129)
	at io.ktor.server.engine.DefaultEnginePipelineKt$defaultEnginePipeline$1.invoke(DefaultEnginePipeline.kt)
	at io.ktor.server.engine.DefaultEnginePipelineKt$defaultEnginePipeline$1.invoke(DefaultEnginePipeline.kt)
	at io.ktor.util.pipeline.DebugPipelineContext.proceedLoop(DebugPipelineContext.kt:79)
	at io.ktor.util.pipeline.DebugPipelineContext.proceed(DebugPipelineContext.kt:57)
	at io.ktor.server.engine.BaseApplicationResponse$Companion$setupFallbackResponse$1.invokeSuspend(BaseApplicationResponse.kt:349)
	at io.ktor.server.engine.BaseApplicationResponse$Companion$setupFallbackResponse$1.invoke(BaseApplicationResponse.kt)
	at io.ktor.server.engine.BaseApplicationResponse$Companion$setupFallbackResponse$1.invoke(BaseApplicationResponse.kt)
	at io.ktor.util.pipeline.DebugPipelineContext.proceedLoop(DebugPipelineContext.kt:79)
	at io.ktor.util.pipeline.DebugPipelineContext.proceed(DebugPipelineContext.kt:57)
	at io.ktor.util.pipeline.DebugPipelineContext.execute$ktor_utils(DebugPipelineContext.kt:63)
	at io.ktor.util.pipeline.Pipeline.execute(Pipeline.kt:92)
	at io.ktor.server.netty.NettyApplicationCallHandler$handleRequest$1$invokeSuspend$$inlined$execute$1.invokeSuspend(Pipeline.kt:510)
	at io.ktor.server.netty.NettyApplicationCallHandler$handleRequest$1$invokeSuspend$$inlined$execute$1.invoke(Pipeline.kt)
	at io.ktor.server.netty.NettyApplicationCallHandler$handleRequest$1$invokeSuspend$$inlined$execute$1.invoke(Pipeline.kt)
	at io.ktor.util.debug.ContextUtilsKt.initContextInDebugMode(ContextUtils.kt:19)
	at io.ktor.server.netty.NettyApplicationCallHandler$handleRequest$1.invokeSuspend(NettyApplicationCallHandler.kt:140)
	at io.ktor.server.netty.NettyApplicationCallHandler$handleRequest$1.invoke(NettyApplicationCallHandler.kt)
	at io.ktor.server.netty.NettyApplicationCallHandler$handleRequest$1.invoke(NettyApplicationCallHandler.kt)
	at kotlinx.coroutines.intrinsics.UndispatchedKt.startCoroutineUndispatched(Undispatched.kt:20)
	at kotlinx.coroutines.CoroutineStart.invoke(CoroutineStart.kt:360)
	at kotlinx.coroutines.AbstractCoroutine.start(AbstractCoroutine.kt:134)
	at kotlinx.coroutines.BuildersKt__Builders_commonKt.launch(Builders.common.kt:52)
	at kotlinx.coroutines.BuildersKt.launch(Unknown Source)
	at io.ktor.server.netty.NettyApplicationCallHandler.handleRequest(NettyApplicationCallHandler.kt:41)
	at io.ktor.server.netty.NettyApplicationCallHandler.channelRead(NettyApplicationCallHandler.kt:33)
	at io.netty.channel.AbstractChannelHandlerContext.invokeChannelRead(AbstractChannelHandlerContext.java:444)
	at io.netty.channel.AbstractChannelHandlerContext.access$600(AbstractChannelHandlerContext.java:61)
	at io.netty.channel.AbstractChannelHandlerContext$7.run(AbstractChannelHandlerContext.java:425)
	at io.netty.util.concurrent.AbstractEventExecutor.runTask(AbstractEventExecutor.java:173)
	at io.netty.util.concurrent.AbstractEventExecutor.safeExecute(AbstractEventExecutor.java:166)
	at io.netty.util.concurrent.SingleThreadEventExecutor.runAllTasks(SingleThreadEventExecutor.java:472)
	at io.netty.channel.nio.NioEventLoop.run(NioEventLoop.java:569)
	at io.netty.util.concurrent.SingleThreadEventExecutor$4.run(SingleThreadEventExecutor.java:998)
	at io.netty.util.internal.ThreadExecutorMap$2.run(ThreadExecutorMap.java:74)
	at io.netty.util.concurrent.FastThreadLocalRunnable.run(FastThreadLocalRunnable.java:30)
	at java.base/java.lang.Thread.run(Thread.java:840)
2026-05-27 02:33:00.456 [eventLoopGroupProxy-4-7] ERROR Application - Unhandled error
com.example.nhathuoc.util.AuthorizationException: Required role: ADMIN, actual role: EMPLOYEE
	at com.example.nhathuoc.util.AuthHelperKt.requireRole(AuthHelper.kt:50)
	at com.example.nhathuoc.routes.AdminRoutesKt$adminRoutes$4$1$3.invokeSuspend(AdminRoutes.kt:572)
	at com.example.nhathuoc.routes.AdminRoutesKt$adminRoutes$4$1$3.invoke(AdminRoutes.kt)
	at com.example.nhathuoc.routes.AdminRoutesKt$adminRoutes$4$1$3.invoke(AdminRoutes.kt)
	at io.ktor.server.routing.RoutingNode$buildPipeline$1$1.invokeSuspend(RoutingNode.kt:127)
	at io.ktor.server.routing.RoutingNode$buildPipeline$1$1.invoke(RoutingNode.kt)
	at io.ktor.server.routing.RoutingNode$buildPipeline$1$1.invoke(RoutingNode.kt)
	at io.ktor.util.pipeline.DebugPipelineContext.proceedLoop(DebugPipelineContext.kt:79)
	at io.ktor.util.pipeline.DebugPipelineContext.proceed(DebugPipelineContext.kt:57)
	at io.ktor.util.pipeline.DebugPipelineContext.execute$ktor_utils(DebugPipelineContext.kt:63)
	at io.ktor.util.pipeline.Pipeline.execute(Pipeline.kt:92)
	at io.ktor.server.routing.RoutingRoot$executeResult$$inlined$execute$1.invokeSuspend(Pipeline.kt:510)
	at io.ktor.server.routing.RoutingRoot$executeResult$$inlined$execute$1.invoke(Pipeline.kt)
	at io.ktor.server.routing.RoutingRoot$executeResult$$inlined$execute$1.invoke(Pipeline.kt)
	at io.ktor.util.debug.ContextUtilsKt.initContextInDebugMode(ContextUtils.kt:19)
	at io.ktor.server.routing.RoutingRoot.executeResult(RoutingRoot.kt:208)
	at io.ktor.server.routing.RoutingRoot.interceptor(RoutingRoot.kt:71)
	at io.ktor.server.routing.RoutingRoot$Plugin$install$1.invokeSuspend(RoutingRoot.kt:154)
	at io.ktor.server.routing.RoutingRoot$Plugin$install$1.invoke(RoutingRoot.kt)
	at io.ktor.server.routing.RoutingRoot$Plugin$install$1.invoke(RoutingRoot.kt)
	at io.ktor.util.pipeline.DebugPipelineContext.proceedLoop(DebugPipelineContext.kt:79)
	at io.ktor.util.pipeline.DebugPipelineContext.proceed(DebugPipelineContext.kt:57)
	at io.ktor.server.engine.BaseApplicationEngineKt$installDefaultTransformationChecker$1.invokeSuspend(BaseApplicationEngine.kt:119)
	at io.ktor.server.engine.BaseApplicationEngineKt$installDefaultTransformationChecker$1.invoke(BaseApplicationEngine.kt)
	at io.ktor.server.engine.BaseApplicationEngineKt$installDefaultTransformationChecker$1.invoke(BaseApplicationEngine.kt)
	at io.ktor.util.pipeline.DebugPipelineContext.proceedLoop(DebugPipelineContext.kt:79)
	at io.ktor.util.pipeline.DebugPipelineContext.proceed(DebugPipelineContext.kt:57)
	at io.ktor.server.application.hooks.CallFailed$install$1$1.invokeSuspend(CommonHooks.kt:49)
	at io.ktor.server.application.hooks.CallFailed$install$1$1.invoke(CommonHooks.kt)
	at io.ktor.server.application.hooks.CallFailed$install$1$1.invoke(CommonHooks.kt)
	at kotlinx.coroutines.intrinsics.UndispatchedKt.startUndispatchedOrReturn(Undispatched.kt:43)
	at kotlinx.coroutines.CoroutineScopeKt.coroutineScope(CoroutineScope.kt:285)
	at io.ktor.server.application.hooks.CallFailed$install$1.invokeSuspend(CommonHooks.kt:48)
	at io.ktor.server.application.hooks.CallFailed$install$1.invoke(CommonHooks.kt)
	at io.ktor.server.application.hooks.CallFailed$install$1.invoke(CommonHooks.kt)
	at io.ktor.util.pipeline.DebugPipelineContext.proceedLoop(DebugPipelineContext.kt:79)
	at io.ktor.util.pipeline.DebugPipelineContext.proceed(DebugPipelineContext.kt:57)
	at io.ktor.util.pipeline.DebugPipelineContext.execute$ktor_utils(DebugPipelineContext.kt:63)
	at io.ktor.util.pipeline.Pipeline.execute(Pipeline.kt:92)
	at io.ktor.server.engine.DefaultEnginePipelineKt$defaultEnginePipeline$1$invokeSuspend$$inlined$execute$1.invokeSuspend(Pipeline.kt:510)
	at io.ktor.server.engine.DefaultEnginePipelineKt$defaultEnginePipeline$1$invokeSuspend$$inlined$execute$1.invoke(Pipeline.kt)
	at io.ktor.server.engine.DefaultEnginePipelineKt$defaultEnginePipeline$1$invokeSuspend$$inlined$execute$1.invoke(Pipeline.kt)
	at io.ktor.util.debug.ContextUtilsKt.initContextInDebugMode(ContextUtils.kt:19)
	at io.ktor.server.engine.DefaultEnginePipelineKt$defaultEnginePipeline$1.invokeSuspend(DefaultEnginePipeline.kt:129)
	at io.ktor.server.engine.DefaultEnginePipelineKt$defaultEnginePipeline$1.invoke(DefaultEnginePipeline.kt)
	at io.ktor.server.engine.DefaultEnginePipelineKt$defaultEnginePipeline$1.invoke(DefaultEnginePipeline.kt)
	at io.ktor.util.pipeline.DebugPipelineContext.proceedLoop(DebugPipelineContext.kt:79)
	at io.ktor.util.pipeline.DebugPipelineContext.proceed(DebugPipelineContext.kt:57)
	at io.ktor.server.engine.BaseApplicationResponse$Companion$setupFallbackResponse$1.invokeSuspend(BaseApplicationResponse.kt:349)
	at io.ktor.server.engine.BaseApplicationResponse$Companion$setupFallbackResponse$1.invoke(BaseApplicationResponse.kt)
	at io.ktor.server.engine.BaseApplicationResponse$Companion$setupFallbackResponse$1.invoke(BaseApplicationResponse.kt)
	at io.ktor.util.pipeline.DebugPipelineContext.proceedLoop(DebugPipelineContext.kt:79)
	at io.ktor.util.pipeline.DebugPipelineContext.proceed(DebugPipelineContext.kt:57)
	at io.ktor.util.pipeline.DebugPipelineContext.execute$ktor_utils(DebugPipelineContext.kt:63)
	at io.ktor.util.pipeline.Pipeline.execute(Pipeline.kt:92)
	at io.ktor.server.netty.NettyApplicationCallHandler$handleRequest$1$invokeSuspend$$inlined$execute$1.invokeSuspend(Pipeline.kt:510)
	at io.ktor.server.netty.NettyApplicationCallHandler$handleRequest$1$invokeSuspend$$inlined$execute$1.invoke(Pipeline.kt)
	at io.ktor.server.netty.NettyApplicationCallHandler$handleRequest$1$invokeSuspend$$inlined$execute$1.invoke(Pipeline.kt)
	at io.ktor.util.debug.ContextUtilsKt.initContextInDebugMode(ContextUtils.kt:19)
	at io.ktor.server.netty.NettyApplicationCallHandler$handleRequest$1.invokeSuspend(NettyApplicationCallHandler.kt:140)
	at io.ktor.server.netty.NettyApplicationCallHandler$handleRequest$1.invoke(NettyApplicationCallHandler.kt)
	at io.ktor.server.netty.NettyApplicationCallHandler$handleRequest$1.invoke(NettyApplicationCallHandler.kt)
	at kotlinx.coroutines.intrinsics.UndispatchedKt.startCoroutineUndispatched(Undispatched.kt:20)
	at kotlinx.coroutines.CoroutineStart.invoke(CoroutineStart.kt:360)
	at kotlinx.coroutines.AbstractCoroutine.start(AbstractCoroutine.kt:134)
	at kotlinx.coroutines.BuildersKt__Builders_commonKt.launch(Builders.common.kt:52)
	at kotlinx.coroutines.BuildersKt.launch(Unknown Source)
	at io.ktor.server.netty.NettyApplicationCallHandler.handleRequest(NettyApplicationCallHandler.kt:41)
	at io.ktor.server.netty.NettyApplicationCallHandler.channelRead(NettyApplicationCallHandler.kt:33)
	at io.netty.channel.AbstractChannelHandlerContext.invokeChannelRead(AbstractChannelHandlerContext.java:444)
	at io.netty.channel.AbstractChannelHandlerContext.access$600(AbstractChannelHandlerContext.java:61)
	at io.netty.channel.AbstractChannelHandlerContext$7.run(AbstractChannelHandlerContext.java:425)
	at io.netty.util.concurrent.AbstractEventExecutor.runTask(AbstractEventExecutor.java:173)
	at io.netty.util.concurrent.AbstractEventExecutor.safeExecute(AbstractEventExecutor.java:166)
	at io.netty.util.concurrent.SingleThreadEventExecutor.runAllTasks(SingleThreadEventExecutor.java:472)
	at io.netty.channel.nio.NioEventLoop.run(NioEventLoop.java:569)
	at io.netty.util.concurrent.SingleThreadEventExecutor$4.run(SingleThreadEventExecutor.java:998)
	at io.netty.util.internal.ThreadExecutorMap$2.run(ThreadExecutorMap.java:74)
	at io.netty.util.concurrent.FastThreadLocalRunnable.run(FastThreadLocalRunnable.java:30)
	at java.base/java.lang.Thread.run(Thread.java:840)
2026-05-27 02:33:00.505 [eventLoopGroupProxy-4-8] ERROR Application - Unhandled error
com.example.nhathuoc.util.AuthorizationException: Required role: ADMIN, actual role: EMPLOYEE
	at com.example.nhathuoc.util.AuthHelperKt.requireRole(AuthHelper.kt:50)
	at com.example.nhathuoc.routes.AdminRoutesKt$adminRoutes$4$1$15.invokeSuspend(AdminRoutes.kt:869)
	at com.example.nhathuoc.routes.AdminRoutesKt$adminRoutes$4$1$15.invoke(AdminRoutes.kt)
	at com.example.nhathuoc.routes.AdminRoutesKt$adminRoutes$4$1$15.invoke(AdminRoutes.kt)
	at io.ktor.server.routing.RoutingNode$buildPipeline$1$1.invokeSuspend(RoutingNode.kt:127)
	at io.ktor.server.routing.RoutingNode$buildPipeline$1$1.invoke(RoutingNode.kt)
	at io.ktor.server.routing.RoutingNode$buildPipeline$1$1.invoke(RoutingNode.kt)
	at io.ktor.util.pipeline.DebugPipelineContext.proceedLoop(DebugPipelineContext.kt:79)
	at io.ktor.util.pipeline.DebugPipelineContext.proceed(DebugPipelineContext.kt:57)
	at io.ktor.util.pipeline.DebugPipelineContext.execute$ktor_utils(DebugPipelineContext.kt:63)
	at io.ktor.util.pipeline.Pipeline.execute(Pipeline.kt:92)
	at io.ktor.server.routing.RoutingRoot$executeResult$$inlined$execute$1.invokeSuspend(Pipeline.kt:510)
	at io.ktor.server.routing.RoutingRoot$executeResult$$inlined$execute$1.invoke(Pipeline.kt)
	at io.ktor.server.routing.RoutingRoot$executeResult$$inlined$execute$1.invoke(Pipeline.kt)
	at io.ktor.util.debug.ContextUtilsKt.initContextInDebugMode(ContextUtils.kt:19)
	at io.ktor.server.routing.RoutingRoot.executeResult(RoutingRoot.kt:208)
	at io.ktor.server.routing.RoutingRoot.interceptor(RoutingRoot.kt:71)
	at io.ktor.server.routing.RoutingRoot$Plugin$install$1.invokeSuspend(RoutingRoot.kt:154)
	at io.ktor.server.routing.RoutingRoot$Plugin$install$1.invoke(RoutingRoot.kt)
	at io.ktor.server.routing.RoutingRoot$Plugin$install$1.invoke(RoutingRoot.kt)
	at io.ktor.util.pipeline.DebugPipelineContext.proceedLoop(DebugPipelineContext.kt:79)
	at io.ktor.util.pipeline.DebugPipelineContext.proceed(DebugPipelineContext.kt:57)
	at io.ktor.server.engine.BaseApplicationEngineKt$installDefaultTransformationChecker$1.invokeSuspend(BaseApplicationEngine.kt:119)
	at io.ktor.server.engine.BaseApplicationEngineKt$installDefaultTransformationChecker$1.invoke(BaseApplicationEngine.kt)
	at io.ktor.server.engine.BaseApplicationEngineKt$installDefaultTransformationChecker$1.invoke(BaseApplicationEngine.kt)
	at io.ktor.util.pipeline.DebugPipelineContext.proceedLoop(DebugPipelineContext.kt:79)
	at io.ktor.util.pipeline.DebugPipelineContext.proceed(DebugPipelineContext.kt:57)
	at io.ktor.server.application.hooks.CallFailed$install$1$1.invokeSuspend(CommonHooks.kt:49)
	at io.ktor.server.application.hooks.CallFailed$install$1$1.invoke(CommonHooks.kt)
	at io.ktor.server.application.hooks.CallFailed$install$1$1.invoke(CommonHooks.kt)
	at kotlinx.coroutines.intrinsics.UndispatchedKt.startUndispatchedOrReturn(Undispatched.kt:43)
	at kotlinx.coroutines.CoroutineScopeKt.coroutineScope(CoroutineScope.kt:285)
	at io.ktor.server.application.hooks.CallFailed$install$1.invokeSuspend(CommonHooks.kt:48)
	at io.ktor.server.application.hooks.CallFailed$install$1.invoke(CommonHooks.kt)
	at io.ktor.server.application.hooks.CallFailed$install$1.invoke(CommonHooks.kt)
	at io.ktor.util.pipeline.DebugPipelineContext.proceedLoop(DebugPipelineContext.kt:79)
	at io.ktor.util.pipeline.DebugPipelineContext.proceed(DebugPipelineContext.kt:57)
	at io.ktor.util.pipeline.DebugPipelineContext.execute$ktor_utils(DebugPipelineContext.kt:63)
	at io.ktor.util.pipeline.Pipeline.execute(Pipeline.kt:92)
	at io.ktor.server.engine.DefaultEnginePipelineKt$defaultEnginePipeline$1$invokeSuspend$$inlined$execute$1.invokeSuspend(Pipeline.kt:510)
	at io.ktor.server.engine.DefaultEnginePipelineKt$defaultEnginePipeline$1$invokeSuspend$$inlined$execute$1.invoke(Pipeline.kt)
	at io.ktor.server.engine.DefaultEnginePipelineKt$defaultEnginePipeline$1$invokeSuspend$$inlined$execute$1.invoke(Pipeline.kt)
	at io.ktor.util.debug.ContextUtilsKt.initContextInDebugMode(ContextUtils.kt:19)
	at io.ktor.server.engine.DefaultEnginePipelineKt$defaultEnginePipeline$1.invokeSuspend(DefaultEnginePipeline.kt:129)
	at io.ktor.server.engine.DefaultEnginePipelineKt$defaultEnginePipeline$1.invoke(DefaultEnginePipeline.kt)
	at io.ktor.server.engine.DefaultEnginePipelineKt$defaultEnginePipeline$1.invoke(DefaultEnginePipeline.kt)
	at io.ktor.util.pipeline.DebugPipelineContext.proceedLoop(DebugPipelineContext.kt:79)
	at io.ktor.util.pipeline.DebugPipelineContext.proceed(DebugPipelineContext.kt:57)
	at io.ktor.server.engine.BaseApplicationResponse$Companion$setupFallbackResponse$1.invokeSuspend(BaseApplicationResponse.kt:349)
	at io.ktor.server.engine.BaseApplicationResponse$Companion$setupFallbackResponse$1.invoke(BaseApplicationResponse.kt)
	at io.ktor.server.engine.BaseApplicationResponse$Companion$setupFallbackResponse$1.invoke(BaseApplicationResponse.kt)
	at io.ktor.util.pipeline.DebugPipelineContext.proceedLoop(DebugPipelineContext.kt:79)
	at io.ktor.util.pipeline.DebugPipelineContext.proceed(DebugPipelineContext.kt:57)
	at io.ktor.util.pipeline.DebugPipelineContext.execute$ktor_utils(DebugPipelineContext.kt:63)
	at io.ktor.util.pipeline.Pipeline.execute(Pipeline.kt:92)
	at io.ktor.server.netty.NettyApplicationCallHandler$handleRequest$1$invokeSuspend$$inlined$execute$1.invokeSuspend(Pipeline.kt:510)
	at io.ktor.server.netty.NettyApplicationCallHandler$handleRequest$1$invokeSuspend$$inlined$execute$1.invoke(Pipeline.kt)
	at io.ktor.server.netty.NettyApplicationCallHandler$handleRequest$1$invokeSuspend$$inlined$execute$1.invoke(Pipeline.kt)
	at io.ktor.util.debug.ContextUtilsKt.initContextInDebugMode(ContextUtils.kt:19)
	at io.ktor.server.netty.NettyApplicationCallHandler$handleRequest$1.invokeSuspend(NettyApplicationCallHandler.kt:140)
	at io.ktor.server.netty.NettyApplicationCallHandler$handleRequest$1.invoke(NettyApplicationCallHandler.kt)
	at io.ktor.server.netty.NettyApplicationCallHandler$handleRequest$1.invoke(NettyApplicationCallHandler.kt)
	at kotlinx.coroutines.intrinsics.UndispatchedKt.startCoroutineUndispatched(Undispatched.kt:20)
	at kotlinx.coroutines.CoroutineStart.invoke(CoroutineStart.kt:360)
	at kotlinx.coroutines.AbstractCoroutine.start(AbstractCoroutine.kt:134)
	at kotlinx.coroutines.BuildersKt__Builders_commonKt.launch(Builders.common.kt:52)
	at kotlinx.coroutines.BuildersKt.launch(Unknown Source)
	at io.ktor.server.netty.NettyApplicationCallHandler.handleRequest(NettyApplicationCallHandler.kt:41)
	at io.ktor.server.netty.NettyApplicationCallHandler.channelRead(NettyApplicationCallHandler.kt:33)
	at io.netty.channel.AbstractChannelHandlerContext.invokeChannelRead(AbstractChannelHandlerContext.java:444)
	at io.netty.channel.AbstractChannelHandlerContext.access$600(AbstractChannelHandlerContext.java:61)
	at io.netty.channel.AbstractChannelHandlerContext$7.run(AbstractChannelHandlerContext.java:425)
	at io.netty.util.concurrent.AbstractEventExecutor.runTask(AbstractEventExecutor.java:173)
	at io.netty.util.concurrent.AbstractEventExecutor.safeExecute(AbstractEventExecutor.java:166)
	at io.netty.util.concurrent.SingleThreadEventExecutor.runAllTasks(SingleThreadEventExecutor.java:472)
	at io.netty.channel.nio.NioEventLoop.run(NioEventLoop.java:569)
	at io.netty.util.concurrent.SingleThreadEventExecutor$4.run(SingleThreadEventExecutor.java:998)
	at io.netty.util.internal.ThreadExecutorMap$2.run(ThreadExecutorMap.java:74)
	at io.netty.util.concurrent.FastThreadLocalRunnable.run(FastThreadLocalRunnable.java:30)
	at java.base/java.lang.Thread.run(Thread.java:840)
2026-05-27 02:33:00.698 [eventLoopGroupProxy-4-3] INFO  Application - Desktop/Internal products response: shopId=default-store, page=1, limit=200, returned=27
2026-05-27 02:33:00.829 [eventLoopGroupProxy-4-4] INFO  Application - Desktop/Internal products response: shopId=default-store, page=1, limit=200, returned=27
2026-05-27 02:33:00.949 [eventLoopGroupProxy-4-11] INFO  Application - [32m200 OK[m: [36mGET[m - /api/v1/internal/dashboard in 506ms
2026-05-27 02:33:01.026 [eventLoopGroupProxy-4-6] INFO  Application - [32m200 OK[m: [36mGET[m - /api/v1/internal/orders in 592ms
2026-05-27 02:33:01.026 [eventLoopGroupProxy-4-10] INFO  Application - [32m200 OK[m: [36mGET[m - /api/v1/internal/orders in 583ms
2026-05-27 02:33:01.106 [eventLoopGroupProxy-4-4] INFO  Application - [32m200 OK[m: [36mGET[m - /api/v1/internal/products in 677ms
2026-05-27 02:33:01.106 [eventLoopGroupProxy-4-3] INFO  Application - [32m200 OK[m: [36mGET[m - /api/v1/internal/products in 679ms
2026-05-27 02:33:04.301 [eventLoopGroupProxy-4-1] INFO  Application - [32m200 OK[m: [36mGET[m - /api/v1/internal/orders/1c15b789-7eff-4847-88a4-d477768c0ba8 in 580ms
2026-05-27 02:33:07.364 [eventLoopGroupProxy-4-3] INFO  Application - [32m200 OK[m: [36mPOST[m - /api/v1/internal/orders/1c15b789-7eff-4847-88a4-d477768c0ba8/status in 1340ms
2026-05-27 02:34:35.577 [eventLoopGroupProxy-4-10] INFO  Application - [32m200 OK[m: [36mGET[m - /api/v1/internal/orders/d76c9290-0e40-4d47-b52f-fdedd7b8174c in 29ms
2026-05-27 02:34:36.156 [eventLoopGroupProxy-4-11] INFO  Application - [32m200 OK[m: [36mGET[m - /api/v1/internal/orders/1c15b789-7eff-4847-88a4-d477768c0ba8 in 28ms
2026-05-27 02:34:37.585 [eventLoopGroupProxy-4-1] INFO  Application - Desktop/Internal products response: shopId=default-store, page=1, limit=200, returned=27
2026-05-27 02:34:37.587 [eventLoopGroupProxy-4-1] INFO  Application - [32m200 OK[m: [36mGET[m - /api/v1/internal/products in 75ms
2026-05-27 02:34:40.817 [eventLoopGroupProxy-4-3] INFO  Application - [32m200 OK[m: [36mGET[m - /api/v1/internal/orders/d76c9290-0e40-4d47-b52f-fdedd7b8174c in 27ms
2026-05-27 02:34:41.521 [eventLoopGroupProxy-4-4] INFO  Application - [32m200 OK[m: [36mGET[m - /api/v1/internal/orders/1c15b789-7eff-4847-88a4-d477768c0ba8 in 35ms
2026-05-27 02:34:46.726 [eventLoopGroupProxy-4-6] INFO  Application - [32m200 OK[m: [36mGET[m - /api/v1/internal/orders/d76c9290-0e40-4d47-b52f-fdedd7b8174c in 24ms
2026-05-27 02:34:47.927 [eventLoopGroupProxy-4-7] INFO  Application - Desktop/Internal products response: shopId=default-store, page=1, limit=200, returned=27
2026-05-27 02:34:47.929 [eventLoopGroupProxy-4-7] INFO  Application - [32m200 OK[m: [36mGET[m - /api/v1/internal/products in 67ms
2026-05-27 02:34:49.494 [eventLoopGroupProxy-4-9] INFO  Application - [32m200 OK[m: [36mGET[m - /api/v1/internal/orders in 127ms
2026-05-27 02:34:50.604 [eventLoopGroupProxy-4-11] INFO  Application - [32m200 OK[m: [36mGET[m - /api/v1/internal/orders/1c15b789-7eff-4847-88a4-d477768c0ba8 in 12ms
2026-05-27 02:35:12.546 [eventLoopGroupProxy-4-5] INFO  Application - Desktop/Internal products response: shopId=default-store, page=1, limit=200, returned=27
2026-05-27 02:35:12.547 [eventLoopGroupProxy-4-5] INFO  Application - [32m200 OK[m: [36mGET[m - /api/v1/internal/products in 58ms
2026-05-27 02:35:13.487 [eventLoopGroupProxy-4-6] INFO  Application - [32m200 OK[m: [36mGET[m - /api/v1/internal/orders in 140ms
2026-05-27 02:35:14.113 [eventLoopGroupProxy-4-8] INFO  Application - Desktop/Internal products response: shopId=default-store, page=1, limit=200, returned=27
2026-05-27 02:35:14.115 [eventLoopGroupProxy-4-8] INFO  Application - [32m200 OK[m: [36mGET[m - /api/v1/internal/products in 62ms
2026-05-27 02:35:20.281 [eventLoopGroupProxy-4-4] INFO  Application - Desktop/Internal products response: shopId=default-store, page=1, limit=200, returned=27
2026-05-27 02:35:20.283 [eventLoopGroupProxy-4-4] INFO  Application - [32m200 OK[m: [36mGET[m - /api/v1/internal/products in 48ms
