2026-05-24 06:45:17.677 [main] INFO  Application - No ktor.deployment.watch patterns match classpath entries, automatic reload is not active
2026-05-24 06:45:18.221 [main] INFO  Application - Cloudinary initialized: cloud=dh3lcg95f
2026-05-24 06:45:19.512 [main] INFO  c.e.nhathuoc.service.FcmService - Firebase Admin SDK initialized — FCM push notifications enabled
2026-05-24 06:45:20.626 [main] INFO  Exposed - Preparing create tables statements took 186ms
2026-05-24 06:45:20.663 [main] INFO  Exposed - Executing create tables statements took 36ms
2026-05-24 06:45:21.095 [main] INFO  Exposed - Extracting table columns took 432ms
2026-05-24 06:45:21.220 [main] INFO  Exposed - Extracting primary keys took 125ms
2026-05-24 06:45:21.328 [main] INFO  Exposed - Extracting column constraints took 74ms
2026-05-24 06:45:21.329 [main] INFO  Exposed - Preparing alter table statements took 666ms
2026-05-24 06:45:21.692 [main] INFO  Exposed - Executing alter table statements took 363ms
2026-05-24 06:45:21.896 [main] INFO  Exposed - Index on table 'users' differs only in name: in db uq_users_phone -> in mapping users_phone_unique
2026-05-24 06:45:21.896 [main] INFO  Exposed - Index on table 'users' differs only in name: in db uq_users_email -> in mapping users_email_unique
2026-05-24 06:45:21.896 [main] INFO  Exposed - Index on table 'employee_profiles' differs only in name: in db idx_employee_profiles_verified -> in mapping employee_profiles_qualification_verified
2026-05-24 06:45:21.896 [main] INFO  Exposed - Index on table 'products' differs only in name: in db uq_products_sku -> in mapping products_sku_unique
2026-05-24 06:45:21.896 [main] INFO  Exposed - Index on table 'products' differs only in name: in db uq_products_slug -> in mapping products_slug_unique
2026-05-24 06:45:21.896 [main] INFO  Exposed - Index on table 'product_certificates' differs only in name: in db idx_product_certificates_type -> in mapping product_certificates_file_type
2026-05-24 06:45:21.896 [main] INFO  Exposed - Index on table 'product_certificates' differs only in name: in db idx_product_certificates_active -> in mapping product_certificates_is_active
2026-05-24 06:45:21.896 [main] INFO  Exposed - Index on table 'orders' differs only in name: in db uq_order_code -> in mapping orders_order_code_unique
2026-05-24 06:45:21.896 [main] INFO  Exposed - Index on table 'coupons' differs only in name: in db uq_coupons_code -> in mapping coupons_code_unique
2026-05-24 06:45:21.896 [main] INFO  Exposed - Index on table 'reward_transactions' differs only in name: in db idx_reward_transactions_ref -> in mapping reward_transactions_ref_type_ref_id
2026-05-24 06:45:21.899 [main] INFO  Exposed - Index on table 'reward_products' differs only in name: in db idx_reward_products_category -> in mapping reward_products_category
2026-05-24 06:45:21.899 [main] INFO  Exposed - Index on table 'reward_products' differs only in name: in db idx_reward_products_active_cost -> in mapping reward_products_is_active_point_cost
2026-05-24 06:45:21.899 [main] INFO  Exposed - Index on table 'reward_redemptions' differs only in name: in db idx_reward_redemptions_status -> in mapping reward_redemptions_status
2026-05-24 06:45:21.899 [main] INFO  Exposed - Index on table 'reviews' differs only in name: in db uq_reviews_user_order_product -> in mapping reviews_user_id_order_id_product_id_unique
2026-05-24 06:45:21.899 [main] INFO  Exposed - Index on table 'reviews' differs only in name: in db idx_reviews_created_at -> in mapping reviews_created_at
2026-05-24 06:45:21.899 [main] INFO  Exposed - Index on table 'reviews' differs only in name: in db idx_reviews_product_status -> in mapping reviews_product_id_status
2026-05-24 06:45:21.899 [main] INFO  Exposed - Index on table 'review_reports' differs only in name: in db idx_review_reports_status -> in mapping review_reports_status
2026-05-24 06:45:21.899 [main] INFO  Exposed - Index on table 'review_reports' differs only in name: in db uq_review_report_once -> in mapping review_reports_review_id_reporter_user_id_unique
2026-05-24 06:45:21.899 [main] INFO  Exposed - Index on table 'order_complaints' differs only in name: in db idx_order_complaints_status -> in mapping order_complaints_status
2026-05-24 06:45:21.899 [main] INFO  Exposed - Index on table 'order_complaints' differs only in name: in db idx_order_complaints_refund_status -> in mapping order_complaints_refund_status
2026-05-24 06:45:21.899 [main] INFO  Exposed - Index on table 'order_complaints' differs only in name: in db uq_order_complaints_code -> in mapping order_complaints_complaint_code_unique
2026-05-24 06:45:21.899 [main] WARN  Exposed - Indices exist in database and not mapped in code on class 'payments':
		Index 'idx_payments_status' for 'payments' on columns com.example.nhathuoc.database.tables.PaymentsTable.status
		Index 'idx_payments_transaction_id' for 'payments' on columns com.example.nhathuoc.database.tables.PaymentsTable.transaction_id
		Index 'idx_payments_method' for 'payments' on columns com.example.nhathuoc.database.tables.PaymentsTable.method
2026-05-24 06:45:21.901 [main] WARN  Exposed - Indices exist in database and not mapped in code on class 'products':
		Index 'idx_products_exp_date' for 'products' on columns com.example.nhathuoc.database.tables.ProductsTable.exp_date
		Index 'idx_products_risk_classification' for 'products' on columns com.example.nhathuoc.database.tables.ProductsTable.risk_classification
		Index 'idx_products_search' for 'products' on columns com.example.nhathuoc.database.tables.ProductsTable.name, com.example.nhathuoc.database.tables.ProductsTable.description, com.example.nhathuoc.database.tables.ProductsTable.brand
		Index 'idx_products_stock_exp' for 'products' on columns com.example.nhathuoc.database.tables.ProductsTable.stock, com.example.nhathuoc.database.tables.ProductsTable.exp_date
2026-05-24 06:45:21.903 [main] WARN  Exposed - Indices exist in database and not mapped in code on class 'coupons':
		Index 'idx_coupons_reward_template' for 'coupons' on columns com.example.nhathuoc.database.tables.CouponsTable.is_reward_voucher_template, com.example.nhathuoc.database.tables.CouponsTable.is_active
2026-05-24 06:45:21.906 [main] WARN  Exposed - Indices exist in database and not mapped in code on class 'categories':
		Unique Index 'uq_categories_slug' for 'categories' on columns com.example.nhathuoc.database.tables.CategoriesTable.slug
2026-05-24 06:45:21.906 [main] WARN  Exposed - Indices exist in database and not mapped in code on class 'banners':
		Index 'idx_banners_active' for 'banners' on columns com.example.nhathuoc.database.tables.BannersTable.is_active
		Index 'idx_banners_active_date' for 'banners' on columns com.example.nhathuoc.database.tables.BannersTable.is_active, com.example.nhathuoc.database.tables.BannersTable.start_dt, com.example.nhathuoc.database.tables.BannersTable.end_dt
2026-05-24 06:45:21.906 [main] WARN  Exposed - Indices exist in database and not mapped in code on class 'reward_redemptions':
		Unique Index 'uq_reward_redemptions_issued_voucher_code' for 'reward_redemptions' on columns com.example.nhathuoc.database.tables.RewardRedemptionsTable.issued_voucher_code
2026-05-24 06:45:21.906 [main] WARN  Exposed - Indices exist in database and not mapped in code on class 'reward_products':
		Index 'idx_reward_products_type' for 'reward_products' on columns com.example.nhathuoc.database.tables.RewardProductsTable.reward_type
2026-05-24 06:45:21.906 [main] WARN  Exposed - Indices exist in database and not mapped in code on class 'orders':
		Index 'idx_orders_channel' for 'orders' on columns com.example.nhathuoc.database.tables.OrdersTable.order_channel
		Index 'idx_orders_status' for 'orders' on columns com.example.nhathuoc.database.tables.OrdersTable.status
		Index 'fk_orders_branch_id__id' for 'orders' on columns com.example.nhathuoc.database.tables.OrdersTable.branch_id
		Index 'idx_orders_payment_status' for 'orders' on columns com.example.nhathuoc.database.tables.OrdersTable.payment_status
2026-05-24 06:45:21.906 [main] WARN  Exposed - Indices exist in database and not mapped in code on class 'notifications':
		Index 'idx_notifications_type' for 'notifications' on columns com.example.nhathuoc.database.tables.NotificationsTable.type
		Index 'idx_notifications_is_read' for 'notifications' on columns com.example.nhathuoc.database.tables.NotificationsTable.is_read
2026-05-24 06:45:21.908 [main] INFO  Exposed - Checking mapping consistence took 215ms
2026-05-24 06:45:21.968 [main] INFO  Application - Database connected and tables created.
2026-05-24 06:45:23.399 [main] INFO  Application - Application started in 6.5 seconds.
2026-05-24 06:45:23.850 [main] INFO  Application - Responding at http://127.0.0.1:8080
2026-05-24 06:48:59.720 [eventLoopGroupProxy-4-5] WARN  Exposed - Transaction attempt #0 failed: com.mysql.cj.jdbc.exceptions.MySQLTransactionRollbackException: Deadlock found when trying to get lock; try restarting transaction. Statement(s): UPDATE refresh_tokens SET revoked_at=? WHERE refresh_tokens.user_id = ?
org.jetbrains.exposed.exceptions.ExposedSQLException: com.mysql.cj.jdbc.exceptions.MySQLTransactionRollbackException: Deadlock found when trying to get lock; try restarting transaction
	at org.jetbrains.exposed.sql.statements.Statement.executeIn$exposed_core(Statement.kt:99)
	at org.jetbrains.exposed.sql.Transaction.exec(Transaction.kt:292)
	at org.jetbrains.exposed.sql.Transaction.exec(Transaction.kt:269)
	at org.jetbrains.exposed.sql.statements.Statement.execute(Statement.kt:59)
	at com.example.nhathuoc.routes.AuthRoutesKt$authRoutes$1$3.invokeSuspend$lambda$10(AuthRoutes.kt:415)
	at org.jetbrains.exposed.sql.transactions.ThreadLocalTransactionManagerKt.inTopLevelTransaction$run(ThreadLocalTransactionManager.kt:355)
	at org.jetbrains.exposed.sql.transactions.ThreadLocalTransactionManagerKt.inTopLevelTransaction$lambda$11(ThreadLocalTransactionManager.kt:402)
	at org.jetbrains.exposed.sql.transactions.ThreadLocalTransactionManagerKt.keepAndRestoreTransactionRefAfterRun(ThreadLocalTransactionManager.kt:410)
	at org.jetbrains.exposed.sql.transactions.ThreadLocalTransactionManagerKt.inTopLevelTransaction(ThreadLocalTransactionManager.kt:401)
	at org.jetbrains.exposed.sql.transactions.ThreadLocalTransactionManagerKt.transaction$lambda$5(ThreadLocalTransactionManager.kt:310)
	at org.jetbrains.exposed.sql.transactions.ThreadLocalTransactionManagerKt.keepAndRestoreTransactionRefAfterRun(ThreadLocalTransactionManager.kt:410)
	at org.jetbrains.exposed.sql.transactions.ThreadLocalTransactionManagerKt.transaction(ThreadLocalTransactionManager.kt:259)
	at org.jetbrains.exposed.sql.transactions.ThreadLocalTransactionManagerKt.transaction(ThreadLocalTransactionManager.kt:237)
	at org.jetbrains.exposed.sql.transactions.ThreadLocalTransactionManagerKt.transaction$default(ThreadLocalTransactionManager.kt:236)
	at com.example.nhathuoc.routes.AuthRoutesKt$authRoutes$1$3.invokeSuspend(AuthRoutes.kt:276)
	at com.example.nhathuoc.routes.AuthRoutesKt$authRoutes$1$3.invoke(AuthRoutes.kt)
	at com.example.nhathuoc.routes.AuthRoutesKt$authRoutes$1$3.invoke(AuthRoutes.kt)
	at io.ktor.server.routing.RoutingNode$buildPipeline$1$1.invokeSuspend(RoutingNode.kt:127)
	at io.ktor.server.routing.RoutingNode$buildPipeline$1$1.invoke(RoutingNode.kt)
	at io.ktor.server.routing.RoutingNode$buildPipeline$1$1.invoke(RoutingNode.kt)
	at io.ktor.util.pipeline.DebugPipelineContext.proceedLoop(DebugPipelineContext.kt:79)
	at io.ktor.util.pipeline.DebugPipelineContext.proceed(DebugPipelineContext.kt:57)
	at io.ktor.util.pipeline.DebugPipelineContext.execute$ktor_utils(DebugPipelineContext.kt:63)
	at io.ktor.util.pipeline.Pipeline.execute(Pipeline.kt:92)
	at io.ktor.server.routing.RoutingRoot$executeResult$$inlined$execute$1.invokeSuspend(Pipeline.kt:510)
	at io.ktor.server.routing.RoutingRoot$executeResult$$inlined$execute$1.invoke(Pipeline.kt)
	at io.ktor.server.routing.RoutingRoot$executeResult$$inlined$execute$1.invoke(Pipeline.kt)
	at io.ktor.util.debug.ContextUtilsKt.initContextInDebugMode(ContextUtils.kt:19)
	at io.ktor.server.routing.RoutingRoot.executeResult(RoutingRoot.kt:208)
	at io.ktor.server.routing.RoutingRoot.interceptor(RoutingRoot.kt:71)
	at io.ktor.server.routing.RoutingRoot$Plugin$install$1.invokeSuspend(RoutingRoot.kt:154)
	at io.ktor.server.routing.RoutingRoot$Plugin$install$1.invoke(RoutingRoot.kt)
	at io.ktor.server.routing.RoutingRoot$Plugin$install$1.invoke(RoutingRoot.kt)
	at io.ktor.util.pipeline.DebugPipelineContext.proceedLoop(DebugPipelineContext.kt:79)
	at io.ktor.util.pipeline.DebugPipelineContext.proceed(DebugPipelineContext.kt:57)
	at io.ktor.server.engine.BaseApplicationEngineKt$installDefaultTransformationChecker$1.invokeSuspend(BaseApplicationEngine.kt:119)
	at io.ktor.server.engine.BaseApplicationEngineKt$installDefaultTransformationChecker$1.invoke(BaseApplicationEngine.kt)
	at io.ktor.server.engine.BaseApplicationEngineKt$installDefaultTransformationChecker$1.invoke(BaseApplicationEngine.kt)
	at io.ktor.util.pipeline.DebugPipelineContext.proceedLoop(DebugPipelineContext.kt:79)
	at io.ktor.util.pipeline.DebugPipelineContext.proceed(DebugPipelineContext.kt:57)
	at io.ktor.server.application.hooks.CallFailed$install$1$1.invokeSuspend(CommonHooks.kt:49)
	at io.ktor.server.application.hooks.CallFailed$install$1$1.invoke(CommonHooks.kt)
	at io.ktor.server.application.hooks.CallFailed$install$1$1.invoke(CommonHooks.kt)
	at kotlinx.coroutines.intrinsics.UndispatchedKt.startUndispatchedOrReturn(Undispatched.kt:43)
	at kotlinx.coroutines.CoroutineScopeKt.coroutineScope(CoroutineScope.kt:285)
	at io.ktor.server.application.hooks.CallFailed$install$1.invokeSuspend(CommonHooks.kt:48)
	at io.ktor.server.application.hooks.CallFailed$install$1.invoke(CommonHooks.kt)
	at io.ktor.server.application.hooks.CallFailed$install$1.invoke(CommonHooks.kt)
	at io.ktor.util.pipeline.DebugPipelineContext.proceedLoop(DebugPipelineContext.kt:79)
	at io.ktor.util.pipeline.DebugPipelineContext.proceed(DebugPipelineContext.kt:57)
	at io.ktor.util.pipeline.DebugPipelineContext.execute$ktor_utils(DebugPipelineContext.kt:63)
	at io.ktor.util.pipeline.Pipeline.execute(Pipeline.kt:92)
	at io.ktor.server.engine.DefaultEnginePipelineKt$defaultEnginePipeline$1$invokeSuspend$$inlined$execute$1.invokeSuspend(Pipeline.kt:510)
	at io.ktor.server.engine.DefaultEnginePipelineKt$defaultEnginePipeline$1$invokeSuspend$$inlined$execute$1.invoke(Pipeline.kt)
	at io.ktor.server.engine.DefaultEnginePipelineKt$defaultEnginePipeline$1$invokeSuspend$$inlined$execute$1.invoke(Pipeline.kt)
	at io.ktor.util.debug.ContextUtilsKt.initContextInDebugMode(ContextUtils.kt:19)
	at io.ktor.server.engine.DefaultEnginePipelineKt$defaultEnginePipeline$1.invokeSuspend(DefaultEnginePipeline.kt:129)
	at io.ktor.server.engine.DefaultEnginePipelineKt$defaultEnginePipeline$1.invoke(DefaultEnginePipeline.kt)
	at io.ktor.server.engine.DefaultEnginePipelineKt$defaultEnginePipeline$1.invoke(DefaultEnginePipeline.kt)
	at io.ktor.util.pipeline.DebugPipelineContext.proceedLoop(DebugPipelineContext.kt:79)
	at io.ktor.util.pipeline.DebugPipelineContext.proceed(DebugPipelineContext.kt:57)
	at io.ktor.server.engine.BaseApplicationResponse$Companion$setupFallbackResponse$1.invokeSuspend(BaseApplicationResponse.kt:349)
	at io.ktor.server.engine.BaseApplicationResponse$Companion$setupFallbackResponse$1.invoke(BaseApplicationResponse.kt)
	at io.ktor.server.engine.BaseApplicationResponse$Companion$setupFallbackResponse$1.invoke(BaseApplicationResponse.kt)
	at io.ktor.util.pipeline.DebugPipelineContext.proceedLoop(DebugPipelineContext.kt:79)
	at io.ktor.util.pipeline.DebugPipelineContext.proceed(DebugPipelineContext.kt:57)
	at io.ktor.util.pipeline.DebugPipelineContext.execute$ktor_utils(DebugPipelineContext.kt:63)
	at io.ktor.util.pipeline.Pipeline.execute(Pipeline.kt:92)
	at io.ktor.server.netty.NettyApplicationCallHandler$handleRequest$1$invokeSuspend$$inlined$execute$1.invokeSuspend(Pipeline.kt:510)
	at io.ktor.server.netty.NettyApplicationCallHandler$handleRequest$1$invokeSuspend$$inlined$execute$1.invoke(Pipeline.kt)
	at io.ktor.server.netty.NettyApplicationCallHandler$handleRequest$1$invokeSuspend$$inlined$execute$1.invoke(Pipeline.kt)
	at io.ktor.util.debug.ContextUtilsKt.initContextInDebugMode(ContextUtils.kt:19)
	at io.ktor.server.netty.NettyApplicationCallHandler$handleRequest$1.invokeSuspend(NettyApplicationCallHandler.kt:140)
	at io.ktor.server.netty.NettyApplicationCallHandler$handleRequest$1.invoke(NettyApplicationCallHandler.kt)
	at io.ktor.server.netty.NettyApplicationCallHandler$handleRequest$1.invoke(NettyApplicationCallHandler.kt)
	at kotlinx.coroutines.intrinsics.UndispatchedKt.startCoroutineUndispatched(Undispatched.kt:20)
	at kotlinx.coroutines.CoroutineStart.invoke(CoroutineStart.kt:360)
	at kotlinx.coroutines.AbstractCoroutine.start(AbstractCoroutine.kt:134)
	at kotlinx.coroutines.BuildersKt__Builders_commonKt.launch(Builders.common.kt:52)
	at kotlinx.coroutines.BuildersKt.launch(Unknown Source)
	at io.ktor.server.netty.NettyApplicationCallHandler.handleRequest(NettyApplicationCallHandler.kt:41)
	at io.ktor.server.netty.NettyApplicationCallHandler.channelRead(NettyApplicationCallHandler.kt:33)
	at io.netty.channel.AbstractChannelHandlerContext.invokeChannelRead(AbstractChannelHandlerContext.java:444)
	at io.netty.channel.AbstractChannelHandlerContext.access$600(AbstractChannelHandlerContext.java:61)
	at io.netty.channel.AbstractChannelHandlerContext$7.run(AbstractChannelHandlerContext.java:425)
	at io.netty.util.concurrent.AbstractEventExecutor.runTask(AbstractEventExecutor.java:173)
	at io.netty.util.concurrent.AbstractEventExecutor.safeExecute(AbstractEventExecutor.java:166)
	at io.netty.util.concurrent.SingleThreadEventExecutor.runAllTasks(SingleThreadEventExecutor.java:472)
	at io.netty.channel.nio.NioEventLoop.run(NioEventLoop.java:569)
	at io.netty.util.concurrent.SingleThreadEventExecutor$4.run(SingleThreadEventExecutor.java:998)
	at io.netty.util.internal.ThreadExecutorMap$2.run(ThreadExecutorMap.java:74)
	at io.netty.util.concurrent.FastThreadLocalRunnable.run(FastThreadLocalRunnable.java:30)
	at java.base/java.lang.Thread.run(Thread.java:840)
Caused by: com.mysql.cj.jdbc.exceptions.MySQLTransactionRollbackException: Deadlock found when trying to get lock; try restarting transaction
	at com.mysql.cj.jdbc.exceptions.SQLError.createSQLException(SQLError.java:115)
	at com.mysql.cj.jdbc.exceptions.SQLExceptionsMapping.translateException(SQLExceptionsMapping.java:114)
	at com.mysql.cj.jdbc.ClientPreparedStatement.executeInternal(ClientPreparedStatement.java:988)
	at com.mysql.cj.jdbc.ClientPreparedStatement.executeUpdateInternal(ClientPreparedStatement.java:1166)
	at com.mysql.cj.jdbc.ClientPreparedStatement.executeUpdateInternal(ClientPreparedStatement.java:1101)
	at com.mysql.cj.jdbc.ClientPreparedStatement.executeLargeUpdate(ClientPreparedStatement.java:1467)
	at com.mysql.cj.jdbc.ClientPreparedStatement.executeUpdate(ClientPreparedStatement.java:1084)
	at com.zaxxer.hikari.pool.ProxyPreparedStatement.executeUpdate(ProxyPreparedStatement.java:61)
	at com.zaxxer.hikari.pool.HikariProxyPreparedStatement.executeUpdate(HikariProxyPreparedStatement.java)
	at org.jetbrains.exposed.sql.statements.jdbc.JdbcPreparedStatementImpl.executeUpdate(JdbcPreparedStatementImpl.kt:53)
	at org.jetbrains.exposed.sql.statements.UpdateStatement.executeInternal(UpdateStatement.kt:29)
	at org.jetbrains.exposed.sql.statements.UpdateStatement.executeInternal(UpdateStatement.kt:21)
	at org.jetbrains.exposed.sql.statements.Statement.executeIn$exposed_core(Statement.kt:97)
	... 92 common frames omitted
2026-05-24 06:48:59.742 [eventLoopGroupProxy-4-5] WARN  Exposed - Wait 0 milliseconds before retrying
2026-05-24 06:49:00.319 [eventLoopGroupProxy-4-2] INFO  Application - [32m200 OK[m: [36mGET[m - /api/v1/products/flash-sale in 4627ms
2026-05-24 06:49:00.319 [eventLoopGroupProxy-4-3] INFO  Application - [32m200 OK[m: [36mGET[m - /api/v1/products/best-sellers in 4627ms
2026-05-24 06:49:25.496 [eventLoopGroupProxy-4-1] INFO  Application - Desktop/Auth login attempt: credential=fctxtt777@gmail.com
2026-05-24 06:49:25.770 [eventLoopGroupProxy-4-1] INFO  Application - Desktop/Auth login success: userId=46541a6d-1e18-4797-abe9-e0f004499c6f, role=USER
2026-05-24 06:49:25.825 [eventLoopGroupProxy-4-1] INFO  Application - [32m200 OK[m: [36mPOST[m - /api/v1/auth/login in 337ms
2026-05-24 06:49:26.212 [eventLoopGroupProxy-4-1] INFO  Application - [32m200 OK[m: [36mGET[m - /api/v1/products/flash-sale in 103ms
2026-05-24 06:49:26.238 [eventLoopGroupProxy-4-2] INFO  Application - [32m200 OK[m: [36mGET[m - /api/v1/products/best-sellers in 129ms
2026-05-24 06:51:21.996 [eventLoopGroupProxy-4-2] INFO  Application - [32m200 OK[m: [36mGET[m - /api/v1/products/65217407-6885-4120-9b64-f44f7364b6ca in 22ms
2026-05-24 06:51:22.031 [eventLoopGroupProxy-4-1] INFO  Application - [32m200 OK[m: [36mGET[m - /api/v1/products/65217407-6885-4120-9b64-f44f7364b6ca/reviews in 10ms
2026-05-24 07:07:12.551 [main] INFO  Application - No ktor.deployment.watch patterns match classpath entries, automatic reload is not active
2026-05-24 07:07:12.779 [main] INFO  Application - Cloudinary initialized: cloud=dh3lcg95f
2026-05-24 07:07:13.641 [main] INFO  c.e.nhathuoc.service.FcmService - Firebase Admin SDK initialized — FCM push notifications enabled
2026-05-24 07:07:14.589 [main] INFO  Exposed - Preparing create tables statements took 188ms
2026-05-24 07:07:14.627 [main] INFO  Exposed - Executing create tables statements took 38ms
2026-05-24 07:07:14.891 [main] INFO  Exposed - Extracting table columns took 264ms
2026-05-24 07:07:14.987 [main] INFO  Exposed - Extracting primary keys took 96ms
2026-05-24 07:07:15.106 [main] INFO  Exposed - Extracting column constraints took 82ms
2026-05-24 07:07:15.107 [main] INFO  Exposed - Preparing alter table statements took 480ms
2026-05-24 07:07:15.430 [main] INFO  Exposed - Executing alter table statements took 323ms
2026-05-24 07:07:15.591 [main] INFO  Exposed - Index on table 'users' differs only in name: in db uq_users_phone -> in mapping users_phone_unique
2026-05-24 07:07:15.591 [main] INFO  Exposed - Index on table 'users' differs only in name: in db uq_users_email -> in mapping users_email_unique
2026-05-24 07:07:15.591 [main] INFO  Exposed - Index on table 'employee_profiles' differs only in name: in db idx_employee_profiles_verified -> in mapping employee_profiles_qualification_verified
2026-05-24 07:07:15.591 [main] INFO  Exposed - Index on table 'products' differs only in name: in db uq_products_sku -> in mapping products_sku_unique
2026-05-24 07:07:15.591 [main] INFO  Exposed - Index on table 'products' differs only in name: in db uq_products_slug -> in mapping products_slug_unique
2026-05-24 07:07:15.591 [main] INFO  Exposed - Index on table 'product_certificates' differs only in name: in db idx_product_certificates_type -> in mapping product_certificates_file_type
2026-05-24 07:07:15.591 [main] INFO  Exposed - Index on table 'product_certificates' differs only in name: in db idx_product_certificates_active -> in mapping product_certificates_is_active
2026-05-24 07:07:15.591 [main] INFO  Exposed - Index on table 'orders' differs only in name: in db uq_order_code -> in mapping orders_order_code_unique
2026-05-24 07:07:15.591 [main] INFO  Exposed - Index on table 'coupons' differs only in name: in db uq_coupons_code -> in mapping coupons_code_unique
2026-05-24 07:07:15.600 [main] INFO  Exposed - Index on table 'reward_transactions' differs only in name: in db idx_reward_transactions_ref -> in mapping reward_transactions_ref_type_ref_id
2026-05-24 07:07:15.600 [main] INFO  Exposed - Index on table 'reward_products' differs only in name: in db idx_reward_products_category -> in mapping reward_products_category
2026-05-24 07:07:15.600 [main] INFO  Exposed - Index on table 'reward_products' differs only in name: in db idx_reward_products_active_cost -> in mapping reward_products_is_active_point_cost
2026-05-24 07:07:15.600 [main] INFO  Exposed - Index on table 'reward_redemptions' differs only in name: in db idx_reward_redemptions_status -> in mapping reward_redemptions_status
2026-05-24 07:07:15.600 [main] INFO  Exposed - Index on table 'reviews' differs only in name: in db uq_reviews_user_order_product -> in mapping reviews_user_id_order_id_product_id_unique
2026-05-24 07:07:15.601 [main] INFO  Exposed - Index on table 'reviews' differs only in name: in db idx_reviews_created_at -> in mapping reviews_created_at
2026-05-24 07:07:15.601 [main] INFO  Exposed - Index on table 'reviews' differs only in name: in db idx_reviews_product_status -> in mapping reviews_product_id_status
2026-05-24 07:07:15.601 [main] INFO  Exposed - Index on table 'review_reports' differs only in name: in db idx_review_reports_status -> in mapping review_reports_status
2026-05-24 07:07:15.601 [main] INFO  Exposed - Index on table 'review_reports' differs only in name: in db uq_review_report_once -> in mapping review_reports_review_id_reporter_user_id_unique
2026-05-24 07:07:15.602 [main] INFO  Exposed - Index on table 'order_complaints' differs only in name: in db idx_order_complaints_status -> in mapping order_complaints_status
2026-05-24 07:07:15.602 [main] INFO  Exposed - Index on table 'order_complaints' differs only in name: in db idx_order_complaints_refund_status -> in mapping order_complaints_refund_status
2026-05-24 07:07:15.602 [main] INFO  Exposed - Index on table 'order_complaints' differs only in name: in db uq_order_complaints_code -> in mapping order_complaints_complaint_code_unique
2026-05-24 07:07:15.602 [main] WARN  Exposed - Indices exist in database and not mapped in code on class 'payments':
		Index 'idx_payments_status' for 'payments' on columns com.example.nhathuoc.database.tables.PaymentsTable.status
		Index 'idx_payments_transaction_id' for 'payments' on columns com.example.nhathuoc.database.tables.PaymentsTable.transaction_id
		Index 'idx_payments_method' for 'payments' on columns com.example.nhathuoc.database.tables.PaymentsTable.method
2026-05-24 07:07:15.602 [main] WARN  Exposed - Indices exist in database and not mapped in code on class 'products':
		Index 'idx_products_exp_date' for 'products' on columns com.example.nhathuoc.database.tables.ProductsTable.exp_date
		Index 'idx_products_risk_classification' for 'products' on columns com.example.nhathuoc.database.tables.ProductsTable.risk_classification
		Index 'idx_products_search' for 'products' on columns com.example.nhathuoc.database.tables.ProductsTable.name, com.example.nhathuoc.database.tables.ProductsTable.description, com.example.nhathuoc.database.tables.ProductsTable.brand
		Index 'idx_products_stock_exp' for 'products' on columns com.example.nhathuoc.database.tables.ProductsTable.stock, com.example.nhathuoc.database.tables.ProductsTable.exp_date
2026-05-24 07:07:15.602 [main] WARN  Exposed - Indices exist in database and not mapped in code on class 'coupons':
		Index 'idx_coupons_reward_template' for 'coupons' on columns com.example.nhathuoc.database.tables.CouponsTable.is_reward_voucher_template, com.example.nhathuoc.database.tables.CouponsTable.is_active
2026-05-24 07:07:15.602 [main] WARN  Exposed - Indices exist in database and not mapped in code on class 'categories':
		Unique Index 'uq_categories_slug' for 'categories' on columns com.example.nhathuoc.database.tables.CategoriesTable.slug
2026-05-24 07:07:15.602 [main] WARN  Exposed - Indices exist in database and not mapped in code on class 'banners':
		Index 'idx_banners_active' for 'banners' on columns com.example.nhathuoc.database.tables.BannersTable.is_active
		Index 'idx_banners_active_date' for 'banners' on columns com.example.nhathuoc.database.tables.BannersTable.is_active, com.example.nhathuoc.database.tables.BannersTable.start_dt, com.example.nhathuoc.database.tables.BannersTable.end_dt
2026-05-24 07:07:15.602 [main] WARN  Exposed - Indices exist in database and not mapped in code on class 'reward_redemptions':
		Unique Index 'uq_reward_redemptions_issued_voucher_code' for 'reward_redemptions' on columns com.example.nhathuoc.database.tables.RewardRedemptionsTable.issued_voucher_code
2026-05-24 07:07:15.602 [main] WARN  Exposed - Indices exist in database and not mapped in code on class 'reward_products':
		Index 'idx_reward_products_type' for 'reward_products' on columns com.example.nhathuoc.database.tables.RewardProductsTable.reward_type
2026-05-24 07:07:15.602 [main] WARN  Exposed - Indices exist in database and not mapped in code on class 'orders':
		Index 'idx_orders_channel' for 'orders' on columns com.example.nhathuoc.database.tables.OrdersTable.order_channel
		Index 'idx_orders_status' for 'orders' on columns com.example.nhathuoc.database.tables.OrdersTable.status
		Index 'fk_orders_branch_id__id' for 'orders' on columns com.example.nhathuoc.database.tables.OrdersTable.branch_id
		Index 'idx_orders_payment_status' for 'orders' on columns com.example.nhathuoc.database.tables.OrdersTable.payment_status
2026-05-24 07:07:15.602 [main] WARN  Exposed - Indices exist in database and not mapped in code on class 'notifications':
		Index 'idx_notifications_type' for 'notifications' on columns com.example.nhathuoc.database.tables.NotificationsTable.type
		Index 'idx_notifications_is_read' for 'notifications' on columns com.example.nhathuoc.database.tables.NotificationsTable.is_read
2026-05-24 07:07:15.602 [main] INFO  Exposed - Checking mapping consistence took 171ms
2026-05-24 07:07:15.641 [main] INFO  Application - Database connected and tables created.
2026-05-24 07:07:16.660 [main] INFO  Application - Application started in 4.611 seconds.
2026-05-24 07:07:16.983 [main] INFO  Application - Responding at http://127.0.0.1:8080
2026-05-24 07:07:23.382 [eventLoopGroupProxy-4-4] INFO  Application - [32m200 OK[m: [36mGET[m - /api/v1/products/flash-sale in 589ms
2026-05-24 07:07:23.382 [eventLoopGroupProxy-4-3] INFO  Application - [32m200 OK[m: [36mGET[m - /api/v1/products/best-sellers in 592ms
2026-05-24 07:08:02.144 [eventLoopGroupProxy-4-1] INFO  Application - Desktop/Public products request: category=cat-supplies, brand=ALL, page=1, limit=20, returned=2
2026-05-24 07:08:02.149 [eventLoopGroupProxy-4-1] INFO  Application - [32m200 OK[m: [36mGET[m - /api/v1/products in 40ms
2026-05-24 07:08:05.695 [eventLoopGroupProxy-4-3] INFO  Application - [32m200 OK[m: [36mGET[m - /api/v1/products/2ee46c2d-66c1-4686-a07b-f14f63a48344 in 22ms
2026-05-24 07:08:05.805 [eventLoopGroupProxy-4-1] INFO  Application - [32m200 OK[m: [36mGET[m - /api/v1/products/2ee46c2d-66c1-4686-a07b-f14f63a48344/reviews in 22ms
2026-05-24 07:08:36.991 [eventLoopGroupProxy-4-1] INFO  Application - Desktop/Public products request: category=cat-supplies, brand=ALL, page=1, limit=20, returned=2
2026-05-24 07:08:36.993 [eventLoopGroupProxy-4-1] INFO  Application - [32m200 OK[m: [36mGET[m - /api/v1/products in 19ms
2026-05-24 07:08:38.557 [eventLoopGroupProxy-4-3] INFO  Application - [32m200 OK[m: [36mGET[m - /api/v1/products/77bbeff2-124e-4beb-a006-25d7e5a7e875 in 11ms
2026-05-24 07:08:38.617 [eventLoopGroupProxy-4-1] INFO  Application - [32m200 OK[m: [36mGET[m - /api/v1/products/77bbeff2-124e-4beb-a006-25d7e5a7e875/reviews in 4ms
2026-05-24 07:08:45.615 [eventLoopGroupProxy-4-1] INFO  Application - Desktop/Public products request: category=cat-supplies, brand=ALL, page=1, limit=20, returned=2
2026-05-24 07:08:45.615 [eventLoopGroupProxy-4-1] INFO  Application - [32m200 OK[m: [36mGET[m - /api/v1/products in 14ms
2026-05-24 07:08:46.557 [eventLoopGroupProxy-4-3] INFO  Application - [32m200 OK[m: [36mGET[m - /api/v1/products/2ee46c2d-66c1-4686-a07b-f14f63a48344 in 8ms
2026-05-24 07:08:46.598 [eventLoopGroupProxy-4-1] INFO  Application - [32m200 OK[m: [36mGET[m - /api/v1/products/2ee46c2d-66c1-4686-a07b-f14f63a48344/reviews in 14ms
2026-05-24 07:10:01.452 [eventLoopGroupProxy-4-1] INFO  Application - Desktop/Public products request: category=cat-supplies, brand=ALL, page=1, limit=20, returned=2
2026-05-24 07:10:01.455 [eventLoopGroupProxy-4-1] INFO  Application - [32m200 OK[m: [36mGET[m - /api/v1/products in 24ms
2026-05-24 07:10:25.304 [eventLoopGroupProxy-4-9] INFO  Application - [31m401 Unauthorized[m: [36mGET[m - /api/v1/internal/dashboard in 10ms
2026-05-24 07:10:48.368 [eventLoopGroupProxy-4-10] INFO  Application - Desktop/Auth login attempt: credential=admin@medstore.vn
2026-05-24 07:10:48.718 [eventLoopGroupProxy-4-10] INFO  Application - Desktop/Auth login success: userId=u-admin-001, role=ADMIN
2026-05-24 07:10:49.213 [eventLoopGroupProxy-4-10] INFO  Application - [32m200 OK[m: [36mPOST[m - /api/v1/auth/login in 890ms
2026-05-24 07:10:50.402 [eventLoopGroupProxy-4-3] INFO  Application - Desktop/Internal products response: shopId=default-store, page=1, limit=200, returned=27
2026-05-24 07:10:50.426 [eventLoopGroupProxy-4-3] INFO  Application - [32m200 OK[m: [36mGET[m - /api/v1/internal/products in 165ms
2026-05-24 07:10:50.484 [eventLoopGroupProxy-4-1] INFO  Application - [32m200 OK[m: [36mGET[m - /api/v1/internal/orders in 278ms
2026-05-24 07:10:50.522 [eventLoopGroupProxy-4-7] INFO  Application - Desktop/Internal products response: shopId=default-store, page=1, limit=200, returned=27
2026-05-24 07:10:50.528 [eventLoopGroupProxy-4-7] INFO  Application - [32m200 OK[m: [36mGET[m - /api/v1/internal/products in 267ms
2026-05-24 07:10:50.568 [eventLoopGroupProxy-4-12] INFO  Application - [32m200 OK[m: [36mGET[m - /api/v1/internal/dashboard in 362ms
2026-05-24 07:10:50.572 [eventLoopGroupProxy-4-10] INFO  Application - [32m200 OK[m: [36mGET[m - /api/v1/internal/dashboard in 228ms
2026-05-24 07:10:53.504 [eventLoopGroupProxy-4-6] INFO  Application - Desktop/Internal products response: shopId=default-store, page=1, limit=200, returned=27
2026-05-24 07:10:53.508 [eventLoopGroupProxy-4-6] INFO  Application - [32m200 OK[m: [36mGET[m - /api/v1/internal/products in 89ms
2026-05-24 07:11:13.726 [eventLoopGroupProxy-4-1] INFO  ProductService - updateProduct id=2ee46c2d-66c1-4686-a07b-f14f63a48344 riskClassification: A -> A
2026-05-24 07:11:13.809 [eventLoopGroupProxy-4-1] INFO  Application - [32m200 OK[m: [36mPUT[m - /api/v1/products/2ee46c2d-66c1-4686-a07b-f14f63a48344 in 346ms
2026-05-24 07:11:13.969 [eventLoopGroupProxy-4-2] INFO  Application - Desktop/Internal products response: shopId=default-store, page=1, limit=200, returned=27
2026-05-24 07:11:13.974 [eventLoopGroupProxy-4-2] INFO  Application - [32m200 OK[m: [36mGET[m - /api/v1/internal/products in 152ms
2026-05-24 07:11:32.592 [eventLoopGroupProxy-4-3] INFO  Application - [32m200 OK[m: [36mGET[m - /api/v1/products/2ee46c2d-66c1-4686-a07b-f14f63a48344 in 6ms
2026-05-24 07:11:32.614 [eventLoopGroupProxy-4-1] INFO  Application - [32m200 OK[m: [36mGET[m - /api/v1/products/2ee46c2d-66c1-4686-a07b-f14f63a48344/reviews in 5ms
