2026-05-29 00:02:32.315 [main] INFO  Application - No ktor.deployment.watch patterns match classpath entries, automatic reload is not active
2026-05-29 00:02:32.732 [main] INFO  Application - Cloudinary initialized: cloud=dh3lcg95f
2026-05-29 00:02:34.658 [main] INFO  c.e.nhathuoc.service.FcmService - Firebase Admin SDK initialized — FCM push notifications enabled
2026-05-29 00:02:35.570 [main] INFO  Exposed - Preparing create tables statements took 158ms
2026-05-29 00:02:35.590 [main] INFO  Exposed - Executing create tables statements took 20ms
2026-05-29 00:02:35.757 [main] INFO  Exposed - Extracting table columns took 165ms
2026-05-29 00:02:35.823 [main] INFO  Exposed - Extracting primary keys took 66ms
2026-05-29 00:02:35.904 [main] INFO  Exposed - Extracting column constraints took 53ms
2026-05-29 00:02:35.904 [main] INFO  Exposed - Preparing alter table statements took 313ms
2026-05-29 00:02:36.173 [main] INFO  Exposed - Executing alter table statements took 268ms
2026-05-29 00:02:36.326 [main] INFO  Exposed - Index on table 'users' differs only in name: in db uq_users_phone -> in mapping users_phone_unique
2026-05-29 00:02:36.326 [main] INFO  Exposed - Index on table 'users' differs only in name: in db uq_users_email -> in mapping users_email_unique
2026-05-29 00:02:36.326 [main] INFO  Exposed - Index on table 'employee_profiles' differs only in name: in db idx_employee_profiles_verified -> in mapping employee_profiles_qualification_verified
2026-05-29 00:02:36.326 [main] INFO  Exposed - Index on table 'products' differs only in name: in db uq_products_sku -> in mapping products_sku_unique
2026-05-29 00:02:36.326 [main] INFO  Exposed - Index on table 'products' differs only in name: in db uq_products_slug -> in mapping products_slug_unique
2026-05-29 00:02:36.326 [main] INFO  Exposed - Index on table 'product_certificates' differs only in name: in db idx_product_certificates_type -> in mapping product_certificates_file_type
2026-05-29 00:02:36.326 [main] INFO  Exposed - Index on table 'product_certificates' differs only in name: in db idx_product_certificates_active -> in mapping product_certificates_is_active
2026-05-29 00:02:36.326 [main] INFO  Exposed - Index on table 'orders' differs only in name: in db uq_order_code -> in mapping orders_order_code_unique
2026-05-29 00:02:36.328 [main] INFO  Exposed - Index on table 'coupons' differs only in name: in db uq_coupons_code -> in mapping coupons_code_unique
2026-05-29 00:02:36.328 [main] INFO  Exposed - Index on table 'reward_transactions' differs only in name: in db idx_reward_transactions_ref -> in mapping reward_transactions_ref_type_ref_id
2026-05-29 00:02:36.328 [main] INFO  Exposed - Index on table 'reward_products' differs only in name: in db idx_reward_products_category -> in mapping reward_products_category
2026-05-29 00:02:36.328 [main] INFO  Exposed - Index on table 'reward_products' differs only in name: in db idx_reward_products_active_cost -> in mapping reward_products_is_active_point_cost
2026-05-29 00:02:36.329 [main] INFO  Exposed - Index on table 'reward_redemptions' differs only in name: in db idx_reward_redemptions_status -> in mapping reward_redemptions_status
2026-05-29 00:02:36.329 [main] INFO  Exposed - Index on table 'reviews' differs only in name: in db uq_reviews_user_order_product -> in mapping reviews_user_id_order_id_product_id_unique
2026-05-29 00:02:36.330 [main] INFO  Exposed - Index on table 'reviews' differs only in name: in db idx_reviews_created_at -> in mapping reviews_created_at
2026-05-29 00:02:36.330 [main] INFO  Exposed - Index on table 'reviews' differs only in name: in db idx_reviews_product_status -> in mapping reviews_product_id_status
2026-05-29 00:02:36.330 [main] INFO  Exposed - Index on table 'review_reports' differs only in name: in db idx_review_reports_status -> in mapping review_reports_status
2026-05-29 00:02:36.330 [main] INFO  Exposed - Index on table 'review_reports' differs only in name: in db uq_review_report_once -> in mapping review_reports_review_id_reporter_user_id_unique
2026-05-29 00:02:36.330 [main] INFO  Exposed - Index on table 'order_complaints' differs only in name: in db idx_order_complaints_status -> in mapping order_complaints_status
2026-05-29 00:02:36.331 [main] INFO  Exposed - Index on table 'order_complaints' differs only in name: in db idx_order_complaints_refund_status -> in mapping order_complaints_refund_status
2026-05-29 00:02:36.331 [main] INFO  Exposed - Index on table 'order_complaints' differs only in name: in db uq_order_complaints_code -> in mapping order_complaints_complaint_code_unique
2026-05-29 00:02:36.332 [main] WARN  Exposed - Indices exist in database and not mapped in code on class 'payments':
		Index 'idx_payments_status' for 'payments' on columns com.example.nhathuoc.database.tables.PaymentsTable.status
		Index 'idx_payments_transaction_id' for 'payments' on columns com.example.nhathuoc.database.tables.PaymentsTable.transaction_id
		Index 'idx_payments_method' for 'payments' on columns com.example.nhathuoc.database.tables.PaymentsTable.method
2026-05-29 00:02:36.332 [main] WARN  Exposed - Indices exist in database and not mapped in code on class 'products':
		Index 'idx_products_exp_date' for 'products' on columns com.example.nhathuoc.database.tables.ProductsTable.exp_date
		Index 'idx_products_risk_classification' for 'products' on columns com.example.nhathuoc.database.tables.ProductsTable.risk_classification
		Index 'idx_products_search' for 'products' on columns com.example.nhathuoc.database.tables.ProductsTable.name, com.example.nhathuoc.database.tables.ProductsTable.description, com.example.nhathuoc.database.tables.ProductsTable.brand
		Index 'idx_products_stock_exp' for 'products' on columns com.example.nhathuoc.database.tables.ProductsTable.stock, com.example.nhathuoc.database.tables.ProductsTable.exp_date
2026-05-29 00:02:36.332 [main] WARN  Exposed - Indices exist in database and not mapped in code on class 'coupons':
		Index 'idx_coupons_reward_template' for 'coupons' on columns com.example.nhathuoc.database.tables.CouponsTable.is_reward_voucher_template, com.example.nhathuoc.database.tables.CouponsTable.is_active
2026-05-29 00:02:36.332 [main] WARN  Exposed - Indices exist in database and not mapped in code on class 'categories':
		Unique Index 'uq_categories_slug' for 'categories' on columns com.example.nhathuoc.database.tables.CategoriesTable.slug
2026-05-29 00:02:36.332 [main] WARN  Exposed - Indices exist in database and not mapped in code on class 'banners':
		Index 'idx_banners_active' for 'banners' on columns com.example.nhathuoc.database.tables.BannersTable.is_active
		Index 'idx_banners_active_date' for 'banners' on columns com.example.nhathuoc.database.tables.BannersTable.is_active, com.example.nhathuoc.database.tables.BannersTable.start_dt, com.example.nhathuoc.database.tables.BannersTable.end_dt
2026-05-29 00:02:36.332 [main] WARN  Exposed - Indices exist in database and not mapped in code on class 'reward_redemptions':
		Unique Index 'uq_reward_redemptions_issued_voucher_code' for 'reward_redemptions' on columns com.example.nhathuoc.database.tables.RewardRedemptionsTable.issued_voucher_code
2026-05-29 00:02:36.332 [main] WARN  Exposed - Indices exist in database and not mapped in code on class 'reward_products':
		Index 'idx_reward_products_type' for 'reward_products' on columns com.example.nhathuoc.database.tables.RewardProductsTable.reward_type
2026-05-29 00:02:36.332 [main] WARN  Exposed - Indices exist in database and not mapped in code on class 'orders':
		Index 'idx_orders_channel' for 'orders' on columns com.example.nhathuoc.database.tables.OrdersTable.order_channel
		Index 'idx_orders_status' for 'orders' on columns com.example.nhathuoc.database.tables.OrdersTable.status
		Index 'fk_orders_branch_id__id' for 'orders' on columns com.example.nhathuoc.database.tables.OrdersTable.branch_id
		Index 'idx_orders_payment_status' for 'orders' on columns com.example.nhathuoc.database.tables.OrdersTable.payment_status
2026-05-29 00:02:36.332 [main] WARN  Exposed - Indices exist in database and not mapped in code on class 'notifications':
		Index 'idx_notifications_type' for 'notifications' on columns com.example.nhathuoc.database.tables.NotificationsTable.type
		Index 'idx_notifications_is_read' for 'notifications' on columns com.example.nhathuoc.database.tables.NotificationsTable.is_read
2026-05-29 00:02:36.333 [main] INFO  Exposed - Checking mapping consistence took 160ms
2026-05-29 00:02:36.370 [main] INFO  Application - Database connected and tables created.
2026-05-29 00:02:37.519 [main] INFO  Application - Application started in 6.271 seconds.
2026-05-29 00:02:37.854 [main] INFO  Application - Responding at http://127.0.0.1:8080
2026-05-29 00:06:02.656 [eventLoopGroupProxy-4-1] INFO  Application - [31m401 Unauthorized[m: [36mGET[m - /api/v1/internal/dashboard in 257ms
2026-05-29 00:06:20.355 [eventLoopGroupProxy-4-2] INFO  Application - Desktop/Auth login attempt: credential=admin@medstore.vn
2026-05-29 00:06:20.884 [eventLoopGroupProxy-4-2] INFO  Application - Desktop/Auth login success: userId=u-admin-001, role=ADMIN
2026-05-29 00:06:21.091 [eventLoopGroupProxy-4-2] INFO  Application - [32m200 OK[m: [36mPOST[m - /api/v1/auth/login in 820ms
2026-05-29 00:06:21.734 [eventLoopGroupProxy-4-4] INFO  Application - [32m200 OK[m: [36mGET[m - /api/v1/internal/dashboard in 325ms
2026-05-29 00:06:21.736 [eventLoopGroupProxy-4-12] INFO  Application - [32m200 OK[m: [36mGET[m - /api/v1/internal/dashboard in 301ms
2026-05-29 00:06:21.827 [eventLoopGroupProxy-4-9] INFO  Application - Desktop/Internal products response: shopId=default-store, page=1, limit=200, returned=27
2026-05-29 00:06:21.886 [eventLoopGroupProxy-4-6] INFO  Application - Desktop/Internal products response: shopId=default-store, page=1, limit=200, returned=27
2026-05-29 00:06:21.913 [eventLoopGroupProxy-4-9] INFO  Application - [32m200 OK[m: [36mGET[m - /api/v1/internal/products in 483ms
2026-05-29 00:06:21.918 [eventLoopGroupProxy-4-6] INFO  Application - [32m200 OK[m: [36mGET[m - /api/v1/internal/products in 484ms
2026-05-29 00:06:22.220 [eventLoopGroupProxy-4-3] INFO  Application - [32m200 OK[m: [36mGET[m - /api/v1/internal/orders in 823ms
2026-05-29 00:06:23.507 [eventLoopGroupProxy-4-9] INFO  Application - Desktop/Internal products response: shopId=default-store, page=1, limit=200, returned=27
2026-05-29 00:06:23.512 [eventLoopGroupProxy-4-9] INFO  Application - [32m200 OK[m: [36mGET[m - /api/v1/internal/products in 96ms
2026-05-29 00:06:24.772 [eventLoopGroupProxy-4-11] INFO  Application - [32m200 OK[m: [36mGET[m - /api/v1/internal/orders in 237ms
2026-05-29 00:06:26.535 [eventLoopGroupProxy-4-2] INFO  Application - Desktop/Internal products response: shopId=default-store, page=1, limit=200, returned=27
2026-05-29 00:06:26.541 [eventLoopGroupProxy-4-2] INFO  Application - [32m200 OK[m: [36mGET[m - /api/v1/internal/products in 124ms
2026-05-29 00:07:00.106 [eventLoopGroupProxy-4-1] INFO  Application - Desktop/Internal products response: shopId=default-store, page=1, limit=200, returned=27
2026-05-29 00:07:00.108 [eventLoopGroupProxy-4-1] INFO  Application - [32m200 OK[m: [36mGET[m - /api/v1/internal/products in 64ms
2026-05-29 00:07:00.806 [eventLoopGroupProxy-4-2] INFO  Application - [32m200 OK[m: [36mGET[m - /api/v1/internal/orders in 147ms
2026-05-29 00:07:01.186 [eventLoopGroupProxy-4-4] INFO  Application - Desktop/Internal products response: shopId=default-store, page=1, limit=200, returned=27
2026-05-29 00:07:01.189 [eventLoopGroupProxy-4-4] INFO  Application - [32m200 OK[m: [36mGET[m - /api/v1/internal/products in 62ms
2026-05-29 00:07:01.931 [eventLoopGroupProxy-4-5] INFO  Application - [32m200 OK[m: [36mGET[m - /api/v1/internal/dashboard in 19ms
2026-05-29 00:07:02.931 [eventLoopGroupProxy-4-8] INFO  Application - Desktop/Internal products response: shopId=default-store, page=1, limit=200, returned=27
2026-05-29 00:07:02.934 [eventLoopGroupProxy-4-8] INFO  Application - [32m200 OK[m: [36mGET[m - /api/v1/internal/products in 75ms
2026-05-29 00:07:08.246 [eventLoopGroupProxy-4-1] INFO  Application - Desktop/Internal products response: shopId=default-store, page=1, limit=200, returned=27
2026-05-29 00:07:08.248 [eventLoopGroupProxy-4-1] INFO  Application - [32m200 OK[m: [36mGET[m - /api/v1/internal/products in 70ms
2026-05-29 00:07:08.899 [eventLoopGroupProxy-4-3] INFO  Application - [32m200 OK[m: [36mGET[m - /api/v1/internal/orders in 227ms
2026-05-29 00:07:09.276 [eventLoopGroupProxy-4-4] INFO  Application - Desktop/Internal products response: shopId=default-store, page=1, limit=200, returned=27
2026-05-29 00:07:09.280 [eventLoopGroupProxy-4-4] INFO  Application - [32m200 OK[m: [36mGET[m - /api/v1/internal/products in 108ms
